--2020-02-11 12:07:11--  https://www.nas.nasa.gov/assets/npb/NPB3.4.tar.gz
Resolving www.nas.nasa.gov (www.nas.nasa.gov)... 198.9.3.30, 2001:4d0:6318:903:198:9:3:30
Connecting to www.nas.nasa.gov (www.nas.nasa.gov)|198.9.3.30|:443... connected.
HTTP request sent, awaiting response... 
  HTTP/1.1 200 OK
  Date: Tue, 11 Feb 2020 12:07:11 GMT
  Server: Apache
  X-Frame-Options: SAMEORIGIN
  Strict-Transport-Security: max-age=31536000
  Last-Modified: Thu, 04 Apr 2019 18:49:32 GMT
  ETag: "144076a-66a30-585b8d4b0020b"
  Accept-Ranges: bytes
  Content-Length: 420400
  Keep-Alive: timeout=5, max=100
  Connection: Keep-Alive
  Content-Type: application/x-gzip
Length: 420400 (411K) [application/x-gzip]
Saving to: ‘NPB3.4.tar.gz’

     0K .......... .......... .......... .......... .......... 12% 1.01M 0s
    50K .......... .......... .......... .......... .......... 24% 1.55M 0s
   100K .......... .......... .......... .......... .......... 36% 2.99M 0s
   150K .......... .......... .......... .......... .......... 48% 72.4M 0s
   200K .......... .......... .......... .......... .......... 60% 3.07M 0s
   250K .......... .......... .......... .......... .......... 73% 3.13M 0s
   300K .......... .......... .......... .......... .......... 85% 67.0M 0s
   350K .......... .......... .......... .......... .......... 97% 3.15M 0s
   400K ..........                                            100% 24.4M=0.1s

2020-02-11 12:07:11 (2.76 MB/s) - ‘NPB3.4.tar.gz’ saved [420400/420400]

