--2020-02-29 00:25:19--  https://www.nas.nasa.gov/assets/npb/NPB3.4.tar.gz
Resolving www.nas.nasa.gov (www.nas.nasa.gov)... 198.9.3.30, 2001:4d0:6318:903:198:9:3:30
Connecting to www.nas.nasa.gov (www.nas.nasa.gov)|198.9.3.30|:443... connected.
HTTP request sent, awaiting response... 
  HTTP/1.1 200 OK
  Date: Sat, 29 Feb 2020 00:25:19 GMT
  Server: Apache
  X-Frame-Options: SAMEORIGIN
  Strict-Transport-Security: max-age=31536000
  Last-Modified: Thu, 04 Apr 2019 18:49:32 GMT
  ETag: "144076a-66a30-585b8d4b0020b"
  Accept-Ranges: bytes
  Content-Length: 420400
  Keep-Alive: timeout=5, max=100
  Connection: Keep-Alive
  Content-Type: application/x-gzip
Length: 420400 (411K) [application/x-gzip]
Saving to: ‘NPB3.4.tar.gz’

     0K .......... .......... .......... .......... .......... 12%  242K 1s
    50K .......... .......... .......... .......... .......... 24%  363K 1s
   100K .......... .......... .......... .......... .......... 36%  365K 1s
   150K .......... .......... .......... .......... .......... 48%  727K 1s
   200K .......... .......... .......... .......... .......... 60%  727K 0s
   250K .......... .......... .......... .......... .......... 73% 92.3M 0s
   300K .......... .......... .......... .......... .......... 85%  724K 0s
   350K .......... .......... .......... .......... .......... 97%  723K 0s
   400K ..........                                            100%  163M=0.8s

2020-02-29 00:25:20 (542 KB/s) - ‘NPB3.4.tar.gz’ saved [420400/420400]

