

 NAS Parallel Benchmarks 3.4 -- SP Benchmark

 No input file inputsp.data. Using compiled defaults
 Size:  408x 408x 408  (class D)
 Iterations:  500    dt:   0.0003000
 Total number of processes:   144

 Time step    1
 Time step   20
 Time step   40
 Time step   60
 Time step   80
 Time step  100
 Time step  120
 Time step  140
 Time step  160
 Time step  180
 Time step  200
 Time step  220
 Time step  240
 Time step  260
 Time step  280
 Time step  300
 Time step  320
 Time step  340
 Time step  360
 Time step  380
 Time step  400
 Time step  420
 Time step  440
 Time step  460
 Time step  480
 Time step  500
 Verification being performed for class D
 accuracy setting for epsilon =  0.1000000000000E-07
 Comparison of RMS-norms of residual
           1 0.1044696216887E+05 0.1044696216887E+05 0.1883941477745E-12
           2 0.3204427762578E+04 0.3204427762578E+04 0.1487239716540E-12
           3 0.4648680733032E+04 0.4648680733032E+04 0.8999705224813E-14
           4 0.4238923283697E+04 0.4238923283697E+04 0.7252058804215E-13
           5 0.7588412036136E+04 0.7588412036136E+04 0.3236033682796E-13
 Comparison of RMS-norms of solution error
           1 0.5089471423669E+01 0.5089471423669E+01 0.8568583410149E-13
           2 0.5323514855894E+00 0.5323514855894E+00 0.8800841719698E-13
           3 0.1187051008971E+01 0.1187051008971E+01 0.4165729454177E-12
           4 0.1083734951938E+01 0.1083734951938E+01 0.9219973208171E-14
           5 0.1164108338568E+02 0.1164108338568E+02 0.2075275317206E-13
 Verification Successful


 SP Benchmark Completed.
 Class           =                        D
 Size            =            408x 408x 408
 Iterations      =                      500
 Time in seconds =                   524.27
 Total processes =                      144
 Active procs    =                      144
 Mop/s total     =                 56336.84
 Mop/s/process   =                   391.23
 Operation type  =           floating point
 Verification    =               SUCCESSFUL
 Version         =                      3.4
 Compile date    =              22 Nov 2019

 Compile options:
    MPIFC        = /tmp/install/bin/./scorep mpifort
    FLINK        = $(MPIFC)
    FMPI_LIB     = (none)
    FMPI_INC     = (none)
    FFLAGS       = -O3
    FLINKFLAGS   = $(FFLAGS)
    RAND         = (none)


 Please send feedbacks and/or the results of this run to:

 NPB Development Team 
 Internet: npb@nas.nasa.gov


[Score-P] src/services/timer/SCOREP_Timer.c:395: Warning: Calculated timer (tsc) frequencies differ from average frequency (2295348791 Hz) by more than 22953 Hz. Consider using a timer with a fixed frequency like gettimeofday or clock_gettime. Prolonging the measurement duration might mitigate the frequency variations.
rank[0]:	 frequency = 2297338018 Hz (outlier)
rank[1]:	 frequency = 2297338010 Hz (outlier)
rank[2]:	 frequency = 2297338013 Hz (outlier)
rank[3]:	 frequency = 2297338015 Hz (outlier)
rank[4]:	 frequency = 2297338014 Hz (outlier)
rank[5]:	 frequency = 2297338014 Hz (outlier)
rank[6]:	 frequency = 2297338015 Hz (outlier)
rank[7]:	 frequency = 2297338014 Hz (outlier)
rank[8]:	 frequency = 2297338014 Hz (outlier)
rank[9]:	 frequency = 2297338016 Hz (outlier)
rank[10]:	 frequency = 2297338021 Hz (outlier)
rank[11]:	 frequency = 2297338014 Hz (outlier)
rank[12]:	 frequency = 2297338014 Hz (outlier)
rank[13]:	 frequency = 2297338011 Hz (outlier)
rank[14]:	 frequency = 2297338010 Hz (outlier)
rank[15]:	 frequency = 2297338013 Hz (outlier)
rank[16]:	 frequency = 2297338012 Hz (outlier)
rank[17]:	 frequency = 2297338014 Hz (outlier)
rank[18]:	 frequency = 2297338014 Hz (outlier)
rank[19]:	 frequency = 2297338014 Hz (outlier)
rank[20]:	 frequency = 2297338012 Hz (outlier)
rank[21]:	 frequency = 2297338015 Hz (outlier)
rank[22]:	 frequency = 2297338015 Hz (outlier)
rank[23]:	 frequency = 2297338014 Hz (outlier)
rank[24]:	 frequency = 2297338013 Hz (outlier)
rank[25]:	 frequency = 2297338015 Hz (outlier)
rank[26]:	 frequency = 2297338015 Hz (outlier)
rank[27]:	 frequency = 2297338016 Hz (outlier)
rank[28]:	 frequency = 2297338014 Hz (outlier)
rank[29]:	 frequency = 2297338014 Hz (outlier)
rank[30]:	 frequency = 2297338014 Hz (outlier)
rank[31]:	 frequency = 2297338014 Hz (outlier)
rank[32]:	 frequency = 2297338015 Hz (outlier)
rank[33]:	 frequency = 2297338014 Hz (outlier)
rank[34]:	 frequency = 2297338014 Hz (outlier)
rank[35]:	 frequency = 2297338015 Hz (outlier)
rank[36]:	 frequency = 2294685089 Hz (outlier)
rank[37]:	 frequency = 2294685094 Hz (outlier)
rank[38]:	 frequency = 2294685088 Hz (outlier)
rank[39]:	 frequency = 2294685091 Hz (outlier)
rank[40]:	 frequency = 2294685093 Hz (outlier)
rank[41]:	 frequency = 2294685096 Hz (outlier)
rank[42]:	 frequency = 2294685096 Hz (outlier)
rank[43]:	 frequency = 2294685090 Hz (outlier)
rank[44]:	 frequency = 2294685090 Hz (outlier)
rank[45]:	 frequency = 2294685095 Hz (outlier)
rank[46]:	 frequency = 2294685088 Hz (outlier)
rank[47]:	 frequency = 2294685090 Hz (outlier)
rank[48]:	 frequency = 2294685089 Hz (outlier)
rank[49]:	 frequency = 2294685090 Hz (outlier)
rank[50]:	 frequency = 2294685088 Hz (outlier)
rank[51]:	 frequency = 2294685088 Hz (outlier)
rank[52]:	 frequency = 2294685085 Hz (outlier)
rank[53]:	 frequency = 2294685089 Hz (outlier)
rank[54]:	 frequency = 2294685090 Hz (outlier)
rank[55]:	 frequency = 2294685092 Hz (outlier)
rank[56]:	 frequency = 2294685088 Hz (outlier)
rank[57]:	 frequency = 2294685089 Hz (outlier)
rank[58]:	 frequency = 2294685090 Hz (outlier)
rank[59]:	 frequency = 2294685090 Hz (outlier)
rank[60]:	 frequency = 2294685088 Hz (outlier)
rank[61]:	 frequency = 2294685090 Hz (outlier)
rank[62]:	 frequency = 2294685089 Hz (outlier)
rank[63]:	 frequency = 2294685090 Hz (outlier)
rank[64]:	 frequency = 2294685090 Hz (outlier)
rank[65]:	 frequency = 2294685090 Hz (outlier)
rank[66]:	 frequency = 2294685089 Hz (outlier)
rank[67]:	 frequency = 2294685090 Hz (outlier)
rank[68]:	 frequency = 2294685090 Hz (outlier)
rank[69]:	 frequency = 2294685089 Hz (outlier)
rank[70]:	 frequency = 2294685090 Hz (outlier)
rank[71]:	 frequency = 2294685090 Hz (outlier)
rank[72]:	 frequency = 2294686030 Hz (outlier)
rank[73]:	 frequency = 2294686028 Hz (outlier)
rank[74]:	 frequency = 2294686031 Hz (outlier)
rank[75]:	 frequency = 2294686032 Hz (outlier)
rank[76]:	 frequency = 2294686032 Hz (outlier)
rank[77]:	 frequency = 2294686031 Hz (outlier)
rank[78]:	 frequency = 2294686033 Hz (outlier)
rank[79]:	 frequency = 2294686032 Hz (outlier)
rank[80]:	 frequency = 2294686030 Hz (outlier)
rank[81]:	 frequency = 2294686030 Hz (outlier)
rank[82]:	 frequency = 2294686031 Hz (outlier)
rank[83]:	 frequency = 2294686032 Hz (outlier)
rank[84]:	 frequency = 2294686031 Hz (outlier)
rank[85]:	 frequency = 2294686032 Hz (outlier)
rank[86]:	 frequency = 2294686031 Hz (outlier)
rank[87]:	 frequency = 2294686031 Hz (outlier)
rank[88]:	 frequency = 2294686031 Hz (outlier)
rank[89]:	 frequency = 2294686032 Hz (outlier)
rank[90]:	 frequency = 2294686032 Hz (outlier)
rank[91]:	 frequency = 2294686032 Hz (outlier)
rank[92]:	 frequency = 2294686035 Hz (outlier)
rank[93]:	 frequency = 2294686032 Hz (outlier)
rank[94]:	 frequency = 2294686034 Hz (outlier)
rank[95]:	 frequency = 2294686032 Hz (outlier)
rank[96]:	 frequency = 2294686032 Hz (outlier)
rank[97]:	 frequency = 2294686034 Hz (outlier)
rank[98]:	 frequency = 2294686032 Hz (outlier)
rank[99]:	 frequency = 2294686032 Hz (outlier)
rank[100]:	 frequency = 2294686031 Hz (outlier)
rank[101]:	 frequency = 2294686030 Hz (outlier)
rank[102]:	 frequency = 2294686031 Hz (outlier)
rank[103]:	 frequency = 2294686031 Hz (outlier)
rank[104]:	 frequency = 2294686029 Hz (outlier)
rank[105]:	 frequency = 2294686031 Hz (outlier)
rank[106]:	 frequency = 2294686032 Hz (outlier)
rank[107]:	 frequency = 2294686029 Hz (outlier)
rank[108]:	 frequency = 2294686026 Hz (outlier)
rank[109]:	 frequency = 2294686032 Hz (outlier)
rank[110]:	 frequency = 2294686030 Hz (outlier)
rank[111]:	 frequency = 2294686032 Hz (outlier)
rank[112]:	 frequency = 2294686032 Hz (outlier)
rank[113]:	 frequency = 2294686030 Hz (outlier)
rank[114]:	 frequency = 2294686031 Hz (outlier)
rank[115]:	 frequency = 2294686031 Hz (outlier)
rank[116]:	 frequency = 2294686034 Hz (outlier)
rank[117]:	 frequency = 2294686030 Hz (outlier)
rank[118]:	 frequency = 2294686032 Hz (outlier)
rank[119]:	 frequency = 2294686034 Hz (outlier)
rank[120]:	 frequency = 2294686031 Hz (outlier)
rank[121]:	 frequency = 2294686034 Hz (outlier)
rank[122]:	 frequency = 2294686031 Hz (outlier)
rank[123]:	 frequency = 2294686035 Hz (outlier)
rank[124]:	 frequency = 2294686031 Hz (outlier)
rank[125]:	 frequency = 2294686030 Hz (outlier)
rank[126]:	 frequency = 2294686031 Hz (outlier)
rank[127]:	 frequency = 2294686030 Hz (outlier)
rank[128]:	 frequency = 2294686031 Hz (outlier)
rank[129]:	 frequency = 2294686031 Hz (outlier)
rank[130]:	 frequency = 2294686031 Hz (outlier)
rank[131]:	 frequency = 2294686031 Hz (outlier)
rank[132]:	 frequency = 2294686028 Hz (outlier)
rank[133]:	 frequency = 2294686030 Hz (outlier)
rank[134]:	 frequency = 2294686031 Hz (outlier)
rank[135]:	 frequency = 2294686033 Hz (outlier)
rank[136]:	 frequency = 2294686032 Hz (outlier)
rank[137]:	 frequency = 2294686031 Hz (outlier)
rank[138]:	 frequency = 2294686032 Hz (outlier)
rank[139]:	 frequency = 2294686029 Hz (outlier)
rank[140]:	 frequency = 2294686030 Hz (outlier)
rank[141]:	 frequency = 2294686032 Hz (outlier)
rank[142]:	 frequency = 2294686031 Hz (outlier)
rank[143]:	 frequency = 2294686033 Hz (outlier)
