

 NAS Parallel Benchmarks 3.4 -- CG Benchmark

 Size:    1500000  (class D)
 Iterations:   100
 Number of processes:   128
 Number of nonzeroes per row:       21
 Eigenvalue shift:   500.000

   iteration           ||r||                 zeta
        1       0.56577972936108E-12   499.9996989885352
        2       0.37330727691584E-15    49.1792921222637
        3       0.39509602064206E-15    49.7621417780891
        4       0.40856118657667E-15    50.2476108448560
        5       0.41981255944807E-15    50.6504113318692
        6       0.42922146772310E-15    50.9835679329930
        7       0.43699183827914E-15    51.2584179093531
        8       0.44417764650417E-15    51.4846993919580
        9       0.44904408393458E-15    51.6706894462898
       10       0.45402512633704E-15    51.8233647190057
       11       0.45684083025144E-15    51.9485666805622
       12       0.46015119278910E-15    52.0511603649682
       13       0.46182297872980E-15    52.1351803974362
       14       0.46303845358858E-15    52.2039614064547
       15       0.46503542609907E-15    52.2602520412788
       16       0.46602297747529E-15    52.3063130997489
       17       0.46625264412925E-15    52.3440009815621
       18       0.46722020108642E-15    52.3748380152845
       19       0.46763410009819E-15    52.4000713044049
       20       0.46860273753984E-15    52.4207216938456
       21       0.46864990219735E-15    52.4376243380823
       22       0.46931418845770E-15    52.4514621958363
       23       0.46918490998395E-15    52.4627936097201
       24       0.47020313673505E-15    52.4720749669592
       25       0.46913008870019E-15    52.4796792873344
       26       0.46978984890784E-15    52.4859114504264
       27       0.47021693090565E-15    52.4910206572278
       28       0.47063157061256E-15    52.4952106205679
       29       0.47020499667097E-15    52.4986478935711
       30       0.47030775514563E-15    52.5014686735240
       31       0.47045737660579E-15    52.5037843587049
       32       0.47046345270359E-15    52.5056860859139
       33       0.47046875319399E-15    52.5072484353759
       34       0.47031641944481E-15    52.5085324557538
       35       0.47094580595273E-15    52.5095881341471
       36       0.47033913972373E-15    52.5104564131321
       37       0.47098998924706E-15    52.5111708380566
       38       0.47093990846247E-15    52.5117589027050
       39       0.47087866149834E-15    52.5122431487008
       40       0.47042310585294E-15    52.5126420639633
       41       0.47156120774357E-15    52.5129708171063
       42       0.47104347518664E-15    52.5132418579083
       43       0.47027751124929E-15    52.5134654084173
       44       0.47087940475733E-15    52.5136498646922
       45       0.47106145407693E-15    52.5138021256278
       46       0.47108955825263E-15    52.5139278620647
       47       0.47089477621560E-15    52.5140317372138
       48       0.47174256055975E-15    52.5141175871764
       49       0.47146686073027E-15    52.5141885688984
       50       0.47024470985951E-15    52.5142472814327
       51       0.47081862078535E-15    52.5142958653810
       52       0.47052661340363E-15    52.5143360844590
       53       0.47055129095467E-15    52.5143693924530
       54       0.47044731838034E-15    52.5143969881435
       55       0.47053574633133E-15    52.5144198604485
       56       0.47031001794082E-15    52.5144388254938
       57       0.46961790972185E-15    52.5144545570703
       58       0.47047202922402E-15    52.5144676116902
       59       0.46995116063612E-15    52.5144784491827
       60       0.47009312713040E-15    52.5144874496510
       61       0.46865426953236E-15    52.5144949274218
       62       0.46917442771744E-15    52.5145011425257
       63       0.46935730955058E-15    52.5145063101706
       64       0.46884774427073E-15    52.5145106085462
       65       0.46855919445764E-15    52.5145141852309
       66       0.46946509805997E-15    52.5145171625219
       67       0.46860981324660E-15    52.5145196417974
       68       0.46806641219630E-15    52.5145217071272
       69       0.46869150297595E-15    52.5145234282542
       70       0.46825578337767E-15    52.5145248630675
       71       0.46784844240331E-15    52.5145260596173
       72       0.46873942528901E-15    52.5145270578331
       73       0.46834667267889E-15    52.5145278908761
       74       0.46816956096778E-15    52.5145285863227
       75       0.46840399563412E-15    52.5145291670951
       76       0.46785067209314E-15    52.5145296522710
       77       0.46795400186848E-15    52.5145300577150
       78       0.46805161539987E-15    52.5145303966482
       79       0.46807629968412E-15    52.5145306800683
       80       0.46789236385400E-15    52.5145309171458
       81       0.46774466139289E-15    52.5145311155227
       82       0.46767115889510E-15    52.5145312815663
       83       0.46813365491278E-15    52.5145314205850
       84       0.46845436903951E-15    52.5145315370203
       85       0.46811876352515E-15    52.5145316345648
       86       0.46771322583109E-15    52.5145317163115
       87       0.46829125142642E-15    52.5145317848339
       88       0.46805549304356E-15    52.5145318422916
       89       0.46775948561814E-15    52.5145318904799
       90       0.46793001864714E-15    52.5145319309100
       91       0.46783397477744E-15    52.5145319648379
       92       0.46752346256807E-15    52.5145319933172
       93       0.46825494554158E-15    52.5145320172289
       94       0.46797032974418E-15    52.5145320373134
       95       0.46785025281255E-15    52.5145320541819
       96       0.46781533146593E-15    52.5145320683577
       97       0.46744685661301E-15    52.5145320802707
       98       0.46732310671255E-15    52.5145320902908
       99       0.46818365323248E-15    52.5145320987079
      100       0.46817512070764E-15    52.5145321057930
 Benchmark completed 
 VERIFICATION SUCCESSFUL 
 Zeta is     0.5251453210579E+02
 Error is    0.1853665088418E-13


 CG Benchmark Completed.
 Class           =                        D
 Size            =                  1500000
 Iterations      =                      100
 Time in seconds =                   176.47
 Total processes =                      128
 Active procs    =                      128
 Mop/s total     =                 20642.84
 Mop/s/process   =                   161.27
 Operation type  =           floating point
 Verification    =               SUCCESSFUL
 Version         =                      3.4
 Compile date    =              22 Nov 2019

 Compile options:
    MPIFC        = /tmp/install/bin/./scorep mpifort
    FLINK        = $(MPIFC)
    FMPI_LIB     = (none)
    FMPI_INC     = (none)
    FFLAGS       = -O3
    FLINKFLAGS   = $(FFLAGS)
    RAND         = randi8


 Please send feedbacks and/or the results of this run to:

 NPB Development Team 
 Internet: npb@nas.nasa.gov


[Score-P] src/services/timer/SCOREP_Timer.c:395: Warning: Calculated timer (tsc) frequencies differ from average frequency (2295348798 Hz) by more than 22953 Hz. Consider using a timer with a fixed frequency like gettimeofday or clock_gettime. Prolonging the measurement duration might mitigate the frequency variations.
rank[0]:	 frequency = 2297338016 Hz (outlier)
rank[1]:	 frequency = 2297338014 Hz (outlier)
rank[2]:	 frequency = 2297338016 Hz (outlier)
rank[3]:	 frequency = 2297338015 Hz (outlier)
rank[4]:	 frequency = 2297338009 Hz (outlier)
rank[5]:	 frequency = 2297338016 Hz (outlier)
rank[6]:	 frequency = 2297338014 Hz (outlier)
rank[7]:	 frequency = 2297338028 Hz (outlier)
rank[8]:	 frequency = 2297338011 Hz (outlier)
rank[9]:	 frequency = 2297338025 Hz (outlier)
rank[10]:	 frequency = 2297338025 Hz (outlier)
rank[11]:	 frequency = 2297338013 Hz (outlier)
rank[12]:	 frequency = 2297338027 Hz (outlier)
rank[13]:	 frequency = 2297338022 Hz (outlier)
rank[14]:	 frequency = 2297338018 Hz (outlier)
rank[15]:	 frequency = 2297338028 Hz (outlier)
rank[16]:	 frequency = 2297338021 Hz (outlier)
rank[17]:	 frequency = 2297338022 Hz (outlier)
rank[18]:	 frequency = 2297338020 Hz (outlier)
rank[19]:	 frequency = 2297338026 Hz (outlier)
rank[20]:	 frequency = 2297338025 Hz (outlier)
rank[21]:	 frequency = 2297338023 Hz (outlier)
rank[22]:	 frequency = 2297338038 Hz (outlier)
rank[23]:	 frequency = 2297338015 Hz (outlier)
rank[24]:	 frequency = 2297338027 Hz (outlier)
rank[25]:	 frequency = 2297338015 Hz (outlier)
rank[26]:	 frequency = 2297338026 Hz (outlier)
rank[27]:	 frequency = 2297338032 Hz (outlier)
rank[28]:	 frequency = 2297338024 Hz (outlier)
rank[29]:	 frequency = 2297338025 Hz (outlier)
rank[30]:	 frequency = 2297338021 Hz (outlier)
rank[31]:	 frequency = 2297338022 Hz (outlier)
rank[32]:	 frequency = 2294685093 Hz (outlier)
rank[33]:	 frequency = 2294685082 Hz (outlier)
rank[34]:	 frequency = 2294685089 Hz (outlier)
rank[35]:	 frequency = 2294685086 Hz (outlier)
rank[36]:	 frequency = 2294685090 Hz (outlier)
rank[37]:	 frequency = 2294685097 Hz (outlier)
rank[38]:	 frequency = 2294685089 Hz (outlier)
rank[39]:	 frequency = 2294685086 Hz (outlier)
rank[40]:	 frequency = 2294685089 Hz (outlier)
rank[41]:	 frequency = 2294685093 Hz (outlier)
rank[42]:	 frequency = 2294685098 Hz (outlier)
rank[43]:	 frequency = 2294685091 Hz (outlier)
rank[44]:	 frequency = 2294685091 Hz (outlier)
rank[45]:	 frequency = 2294685089 Hz (outlier)
rank[46]:	 frequency = 2294685107 Hz (outlier)
rank[47]:	 frequency = 2294685103 Hz (outlier)
rank[48]:	 frequency = 2294685108 Hz (outlier)
rank[49]:	 frequency = 2294685093 Hz (outlier)
rank[50]:	 frequency = 2294685104 Hz (outlier)
rank[51]:	 frequency = 2294685091 Hz (outlier)
rank[52]:	 frequency = 2294685084 Hz (outlier)
rank[53]:	 frequency = 2294685088 Hz (outlier)
rank[54]:	 frequency = 2294685112 Hz (outlier)
rank[55]:	 frequency = 2294685104 Hz (outlier)
rank[56]:	 frequency = 2294685107 Hz (outlier)
rank[57]:	 frequency = 2294685099 Hz (outlier)
rank[58]:	 frequency = 2294685092 Hz (outlier)
rank[59]:	 frequency = 2294685091 Hz (outlier)
rank[60]:	 frequency = 2294685091 Hz (outlier)
rank[61]:	 frequency = 2294685095 Hz (outlier)
rank[62]:	 frequency = 2294685090 Hz (outlier)
rank[63]:	 frequency = 2294685092 Hz (outlier)
rank[64]:	 frequency = 2294686039 Hz (outlier)
rank[65]:	 frequency = 2294686029 Hz (outlier)
rank[66]:	 frequency = 2294686033 Hz (outlier)
rank[67]:	 frequency = 2294686042 Hz (outlier)
rank[68]:	 frequency = 2294686032 Hz (outlier)
rank[69]:	 frequency = 2294686032 Hz (outlier)
rank[70]:	 frequency = 2294686029 Hz (outlier)
rank[71]:	 frequency = 2294686034 Hz (outlier)
rank[72]:	 frequency = 2294686030 Hz (outlier)
rank[73]:	 frequency = 2294686034 Hz (outlier)
rank[74]:	 frequency = 2294686048 Hz (outlier)
rank[75]:	 frequency = 2294686036 Hz (outlier)
rank[76]:	 frequency = 2294686053 Hz (outlier)
rank[77]:	 frequency = 2294686045 Hz (outlier)
rank[78]:	 frequency = 2294686031 Hz (outlier)
rank[79]:	 frequency = 2294686043 Hz (outlier)
rank[80]:	 frequency = 2294686033 Hz (outlier)
rank[81]:	 frequency = 2294686028 Hz (outlier)
rank[82]:	 frequency = 2294686045 Hz (outlier)
rank[83]:	 frequency = 2294686050 Hz (outlier)
rank[84]:	 frequency = 2294686035 Hz (outlier)
rank[85]:	 frequency = 2294686038 Hz (outlier)
rank[86]:	 frequency = 2294686048 Hz (outlier)
rank[87]:	 frequency = 2294686033 Hz (outlier)
rank[88]:	 frequency = 2294686033 Hz (outlier)
rank[89]:	 frequency = 2294686035 Hz (outlier)
rank[90]:	 frequency = 2294686035 Hz (outlier)
rank[91]:	 frequency = 2294686047 Hz (outlier)
rank[92]:	 frequency = 2294686050 Hz (outlier)
rank[93]:	 frequency = 2294686048 Hz (outlier)
rank[94]:	 frequency = 2294686046 Hz (outlier)
rank[95]:	 frequency = 2294686044 Hz (outlier)
rank[96]:	 frequency = 2294686027 Hz (outlier)
rank[97]:	 frequency = 2294686031 Hz (outlier)
rank[98]:	 frequency = 2294686032 Hz (outlier)
rank[99]:	 frequency = 2294686026 Hz (outlier)
rank[100]:	 frequency = 2294686031 Hz (outlier)
rank[101]:	 frequency = 2294686030 Hz (outlier)
rank[102]:	 frequency = 2294686030 Hz (outlier)
rank[103]:	 frequency = 2294686031 Hz (outlier)
rank[104]:	 frequency = 2294686040 Hz (outlier)
rank[105]:	 frequency = 2294686046 Hz (outlier)
rank[106]:	 frequency = 2294686033 Hz (outlier)
rank[107]:	 frequency = 2294686052 Hz (outlier)
rank[108]:	 frequency = 2294686049 Hz (outlier)
rank[109]:	 frequency = 2294686040 Hz (outlier)
rank[110]:	 frequency = 2294686049 Hz (outlier)
rank[111]:	 frequency = 2294686050 Hz (outlier)
rank[112]:	 frequency = 2294686036 Hz (outlier)
rank[113]:	 frequency = 2294686033 Hz (outlier)
rank[114]:	 frequency = 2294686046 Hz (outlier)
rank[115]:	 frequency = 2294686035 Hz (outlier)
rank[116]:	 frequency = 2294686034 Hz (outlier)
rank[117]:	 frequency = 2294686034 Hz (outlier)
rank[118]:	 frequency = 2294686049 Hz (outlier)
rank[119]:	 frequency = 2294686035 Hz (outlier)
rank[120]:	 frequency = 2294686039 Hz (outlier)
rank[121]:	 frequency = 2294686039 Hz (outlier)
rank[122]:	 frequency = 2294686043 Hz (outlier)
rank[123]:	 frequency = 2294686032 Hz (outlier)
rank[124]:	 frequency = 2294686034 Hz (outlier)
rank[125]:	 frequency = 2294686050 Hz (outlier)
rank[126]:	 frequency = 2294686052 Hz (outlier)
rank[127]:	 frequency = 2294686043 Hz (outlier)
