

 NAS Parallel Benchmarks 3.4 -- FT Benchmark

 No input file inputft.data. Using compiled defaults
 Size                : 2048x1024x1024  (class D)
 Iterations          :             25
 Number of processes :            128
 Processor array     :         1x 128
 Layout type         :             1D

 Initialization time =      7.0359

 T =    1     Checksum =    5.122230065252D+02    5.118534037109D+02
 T =    2     Checksum =    5.120463975765D+02    5.117061181082D+02
 T =    3     Checksum =    5.119865766760D+02    5.117096364601D+02
 T =    4     Checksum =    5.119518799488D+02    5.117373863950D+02
 T =    5     Checksum =    5.119269088223D+02    5.117680347632D+02
 T =    6     Checksum =    5.119082416858D+02    5.117967875532D+02
 T =    7     Checksum =    5.118943814638D+02    5.118225281841D+02
 T =    8     Checksum =    5.118842385057D+02    5.118451629348D+02
 T =    9     Checksum =    5.118769435632D+02    5.118649119387D+02
 T =   10     Checksum =    5.118718203448D+02    5.118820803844D+02
 T =   11     Checksum =    5.118683569061D+02    5.118969781011D+02
 T =   12     Checksum =    5.118661708593D+02    5.119098918835D+02
 T =   13     Checksum =    5.118649768950D+02    5.119210777066D+02
 T =   14     Checksum =    5.118645605626D+02    5.119307604484D+02
 T =   15     Checksum =    5.118647586618D+02    5.119391362671D+02
 T =   16     Checksum =    5.118654451572D+02    5.119463757241D+02
 T =   17     Checksum =    5.118665212451D+02    5.119526269238D+02
 T =   18     Checksum =    5.118679083821D+02    5.119580184108D+02
 T =   19     Checksum =    5.118695433664D+02    5.119626617538D+02
 T =   20     Checksum =    5.118713748264D+02    5.119666538138D+02
 T =   21     Checksum =    5.118733606701D+02    5.119700787219D+02
 T =   22     Checksum =    5.118754661974D+02    5.119730095953D+02
 T =   23     Checksum =    5.118776626738D+02    5.119755100241D+02
 T =   24     Checksum =    5.118799262314D+02    5.119776353561D+02
 T =   25     Checksum =    5.118822370068D+02    5.119794338060D+02
 Result verification successful


 FT Benchmark Completed.
 Class           =                        D
 Size            =           2048x1024x1024
 Iterations      =                       25
 Time in seconds =                   168.20
 Total processes =                      128
 Active procs    =                      128
 Mop/s total     =                 53293.27
 Mop/s/process   =                   416.35
 Operation type  =           floating point
 Verification    =               SUCCESSFUL
 Version         =                      3.4
 Compile date    =              22 Nov 2019

 Compile options:
    MPIFC        = /tmp/install/bin/./scorep mpifort
    FLINK        = $(MPIFC)
    FMPI_LIB     = (none)
    FMPI_INC     = (none)
    FFLAGS       = -O3
    FLINKFLAGS   = $(FFLAGS)
    RAND         = randi8


 Please send feedbacks and/or the results of this run to:

 NPB Development Team 
 Internet: npb@nas.nasa.gov


[Score-P] src/services/timer/SCOREP_Timer.c:395: Warning: Calculated timer (tsc) frequencies differ from average frequency (2295348797 Hz) by more than 22953 Hz. Consider using a timer with a fixed frequency like gettimeofday or clock_gettime. Prolonging the measurement duration might mitigate the frequency variations.
rank[0]:	 frequency = 2297338019 Hz (outlier)
rank[1]:	 frequency = 2297338015 Hz (outlier)
rank[2]:	 frequency = 2297338006 Hz (outlier)
rank[3]:	 frequency = 2297338015 Hz (outlier)
rank[4]:	 frequency = 2297338016 Hz (outlier)
rank[5]:	 frequency = 2297338013 Hz (outlier)
rank[6]:	 frequency = 2297338013 Hz (outlier)
rank[7]:	 frequency = 2297338025 Hz (outlier)
rank[8]:	 frequency = 2297338015 Hz (outlier)
rank[9]:	 frequency = 2297338012 Hz (outlier)
rank[10]:	 frequency = 2297338020 Hz (outlier)
rank[11]:	 frequency = 2297338014 Hz (outlier)
rank[12]:	 frequency = 2297338023 Hz (outlier)
rank[13]:	 frequency = 2297338012 Hz (outlier)
rank[14]:	 frequency = 2297338016 Hz (outlier)
rank[15]:	 frequency = 2297338017 Hz (outlier)
rank[16]:	 frequency = 2297338012 Hz (outlier)
rank[17]:	 frequency = 2297338014 Hz (outlier)
rank[18]:	 frequency = 2297338026 Hz (outlier)
rank[19]:	 frequency = 2297338028 Hz (outlier)
rank[20]:	 frequency = 2297338026 Hz (outlier)
rank[21]:	 frequency = 2297338028 Hz (outlier)
rank[22]:	 frequency = 2297338031 Hz (outlier)
rank[23]:	 frequency = 2297338025 Hz (outlier)
rank[24]:	 frequency = 2297338030 Hz (outlier)
rank[25]:	 frequency = 2297338019 Hz (outlier)
rank[26]:	 frequency = 2297338031 Hz (outlier)
rank[27]:	 frequency = 2297338028 Hz (outlier)
rank[28]:	 frequency = 2297338033 Hz (outlier)
rank[29]:	 frequency = 2297338029 Hz (outlier)
rank[30]:	 frequency = 2297338021 Hz (outlier)
rank[31]:	 frequency = 2297338029 Hz (outlier)
rank[32]:	 frequency = 2294685090 Hz (outlier)
rank[33]:	 frequency = 2294685088 Hz (outlier)
rank[34]:	 frequency = 2294685084 Hz (outlier)
rank[35]:	 frequency = 2294685091 Hz (outlier)
rank[36]:	 frequency = 2294685090 Hz (outlier)
rank[37]:	 frequency = 2294685096 Hz (outlier)
rank[38]:	 frequency = 2294685089 Hz (outlier)
rank[39]:	 frequency = 2294685085 Hz (outlier)
rank[40]:	 frequency = 2294685089 Hz (outlier)
rank[41]:	 frequency = 2294685088 Hz (outlier)
rank[42]:	 frequency = 2294685103 Hz (outlier)
rank[43]:	 frequency = 2294685102 Hz (outlier)
rank[44]:	 frequency = 2294685093 Hz (outlier)
rank[45]:	 frequency = 2294685091 Hz (outlier)
rank[46]:	 frequency = 2294685102 Hz (outlier)
rank[47]:	 frequency = 2294685097 Hz (outlier)
rank[48]:	 frequency = 2294685100 Hz (outlier)
rank[49]:	 frequency = 2294685102 Hz (outlier)
rank[50]:	 frequency = 2294685100 Hz (outlier)
rank[51]:	 frequency = 2294685098 Hz (outlier)
rank[52]:	 frequency = 2294685098 Hz (outlier)
rank[53]:	 frequency = 2294685100 Hz (outlier)
rank[54]:	 frequency = 2294685099 Hz (outlier)
rank[55]:	 frequency = 2294685099 Hz (outlier)
rank[56]:	 frequency = 2294685095 Hz (outlier)
rank[57]:	 frequency = 2294685099 Hz (outlier)
rank[58]:	 frequency = 2294685097 Hz (outlier)
rank[59]:	 frequency = 2294685101 Hz (outlier)
rank[60]:	 frequency = 2294685101 Hz (outlier)
rank[61]:	 frequency = 2294685110 Hz (outlier)
rank[62]:	 frequency = 2294685092 Hz (outlier)
rank[63]:	 frequency = 2294685107 Hz (outlier)
rank[64]:	 frequency = 2294686029 Hz (outlier)
rank[65]:	 frequency = 2294686021 Hz (outlier)
rank[66]:	 frequency = 2294686032 Hz (outlier)
rank[67]:	 frequency = 2294686030 Hz (outlier)
rank[68]:	 frequency = 2294686029 Hz (outlier)
rank[69]:	 frequency = 2294686030 Hz (outlier)
rank[70]:	 frequency = 2294686035 Hz (outlier)
rank[71]:	 frequency = 2294686030 Hz (outlier)
rank[72]:	 frequency = 2294686031 Hz (outlier)
rank[73]:	 frequency = 2294686035 Hz (outlier)
rank[74]:	 frequency = 2294686045 Hz (outlier)
rank[75]:	 frequency = 2294686028 Hz (outlier)
rank[76]:	 frequency = 2294686045 Hz (outlier)
rank[77]:	 frequency = 2294686032 Hz (outlier)
rank[78]:	 frequency = 2294686029 Hz (outlier)
rank[79]:	 frequency = 2294686030 Hz (outlier)
rank[80]:	 frequency = 2294686030 Hz (outlier)
rank[81]:	 frequency = 2294686044 Hz (outlier)
rank[82]:	 frequency = 2294686034 Hz (outlier)
rank[83]:	 frequency = 2294686033 Hz (outlier)
rank[84]:	 frequency = 2294686035 Hz (outlier)
rank[85]:	 frequency = 2294686031 Hz (outlier)
rank[86]:	 frequency = 2294686035 Hz (outlier)
rank[87]:	 frequency = 2294686044 Hz (outlier)
rank[88]:	 frequency = 2294686037 Hz (outlier)
rank[89]:	 frequency = 2294686042 Hz (outlier)
rank[90]:	 frequency = 2294686033 Hz (outlier)
rank[91]:	 frequency = 2294686044 Hz (outlier)
rank[92]:	 frequency = 2294686038 Hz (outlier)
rank[93]:	 frequency = 2294686042 Hz (outlier)
rank[94]:	 frequency = 2294686043 Hz (outlier)
rank[95]:	 frequency = 2294686048 Hz (outlier)
rank[96]:	 frequency = 2294686024 Hz (outlier)
rank[97]:	 frequency = 2294686026 Hz (outlier)
rank[98]:	 frequency = 2294686031 Hz (outlier)
rank[99]:	 frequency = 2294686031 Hz (outlier)
rank[100]:	 frequency = 2294686032 Hz (outlier)
rank[101]:	 frequency = 2294686032 Hz (outlier)
rank[102]:	 frequency = 2294686032 Hz (outlier)
rank[103]:	 frequency = 2294686033 Hz (outlier)
rank[104]:	 frequency = 2294686042 Hz (outlier)
rank[105]:	 frequency = 2294686051 Hz (outlier)
rank[106]:	 frequency = 2294686038 Hz (outlier)
rank[107]:	 frequency = 2294686037 Hz (outlier)
rank[108]:	 frequency = 2294686037 Hz (outlier)
rank[109]:	 frequency = 2294686031 Hz (outlier)
rank[110]:	 frequency = 2294686029 Hz (outlier)
rank[111]:	 frequency = 2294686028 Hz (outlier)
rank[112]:	 frequency = 2294686031 Hz (outlier)
rank[113]:	 frequency = 2294686041 Hz (outlier)
rank[114]:	 frequency = 2294686038 Hz (outlier)
rank[115]:	 frequency = 2294686047 Hz (outlier)
rank[116]:	 frequency = 2294686040 Hz (outlier)
rank[117]:	 frequency = 2294686051 Hz (outlier)
rank[118]:	 frequency = 2294686036 Hz (outlier)
rank[119]:	 frequency = 2294686045 Hz (outlier)
rank[120]:	 frequency = 2294686034 Hz (outlier)
rank[121]:	 frequency = 2294686041 Hz (outlier)
rank[122]:	 frequency = 2294686033 Hz (outlier)
rank[123]:	 frequency = 2294686033 Hz (outlier)
rank[124]:	 frequency = 2294686032 Hz (outlier)
rank[125]:	 frequency = 2294686047 Hz (outlier)
rank[126]:	 frequency = 2294686046 Hz (outlier)
rank[127]:	 frequency = 2294686031 Hz (outlier)
