--|
--| ALYA  START ALYA FOR PROBLEM: sq_cyl
--|
--| ALYA  CHECK MPI. 1 MASTER + 159 SUBDOMAINS
--| ALYA  MPI IS WORKING WELL
--| ALYA  READ PROBLEM DATA
--| ALYA  START CONSTRUCT DOMAIN
--| ALYA     READ MESH DATA
--| ALYA     READ MESH ARRAYS
--| ALYA        READ  ELEMENT  TYPES
--| ALYA        CHECK ELEMENT  TYPES
--| ALYA        READ  ELEMENT  CONNECTIVITY
--| ALYA        CHECK ELEMENT  CONNECTIVITY
--| ALYA        READ  COORDINATES
--| ALYA        READ  BOUNDARY CONNECTIVITY, TYPES AND ELEMENT CONNECTIVITY
--| ALYA        CHECK BOUNDARY TYPES
--| ALYA        CHECK BOUNDARY CONNECTIVITY
--| ALYA        CHECK CONNECTIVITY BOUNDARY/ELEMENT
--| ALYA        READ BOUNDARY CONDITIONS
--| ALYA        WARNING: KERNEL WILL EXTRAPOLATE FROM BOUNDARY CODES TO NODE CODES
--| ALYA        WARNING: KERNEL READS BOUNDARY CODES ON BOUNDARIES
--| ALYA     END READ MESH ARRAYS
--| ALYA     COMPUTE GRAPH
--| ALYA     KERNEL: COMPUTE GROUPS OF DEFLATED CG
--| ALYA     START MESH PARTITION (# OF SUBDOMAINS= 159)
--| ALYA        PARALL PREPROCESS -->    ALLOCATE MEMORY...
--| ALYA        PARALL PREPROCESS -->    SET WEIGHTS...
--| ALYA        MASTER COMPUTES ELEMENT GRAPH (# EDGES= 6214430, MAX # EDGES/ELEMENT= 6)
--| ALYA        MASTER PARTITIONS ELEMENT GRAPH USING FACE CONNECTIVITY
--| ALYA        MASTER COMPUTES COMMUNICATION STRATEGY
--| ALYA        MASTER ORDERS INTERIOR AND BOUNDARY NODES
--| ALYA        MASTER COMPUTES PERMUTATION ARRAYS
--| ALYA        MASTER/SLAVES EXCHANGE MESH AND PARTITION DATA
--| ALYA        PARALL PREPROCESS -->      S/R  15 - TOT 159
--| ALYA        PARALL PREPROCESS -->      S/R  30 - TOT 159
--| ALYA        PARALL PREPROCESS -->      S/R  45 - TOT 159
--| ALYA        PARALL PREPROCESS -->      S/R  60 - TOT 159
--| ALYA        PARALL PREPROCESS -->      S/R  75 - TOT 159
--| ALYA        PARALL PREPROCESS -->      S/R  90 - TOT 159
--| ALYA        PARALL PREPROCESS -->      S/R  105 - TOT 159
--| ALYA        PARALL PREPROCESS -->      S/R  120 - TOT 159
--| ALYA        PARALL PREPROCESS -->      S/R  135 - TOT 159
--| ALYA        PARALL PREPROCESS -->      S/R  150 - TOT 159
--| ALYA        PARALL PREPROCESS -->    SEND/REC  159 - TOTAL 159
--| ALYA        PARALL PREPROCESS -->       COORD, LTYPE, LNODS, LTYPB, LNODB...
--| ALYA        PARALL PREPROCESS -->       LBOEL...
--| ALYA        PARALL PREPROCESS -->       KFL_FIELD, XFIEL, TIME_FIELD,...
--| ALYA        PARALL PREPROCESS -->       SET DATA...
--| ALYA        PARALL PREPROCESS -->       BC DATA...
--| ALYA        PARALL PREPROCESS -->       COMMUNICATION ARRAYS...
--| ALYA        PARALL PREPROCESS -->    SEND DATA TO SLAVES... DONE.
--| ALYA     END MESH PARTITION
--| ALYA     KERMOD: READ DATA
--| ALYA     PARALL: COMPUTE INTER-COLOR COMMUNICATORS
--| ALYA     PARALL: COMPUTE BIN STRUCTURE FOR PARTITIONS
--| ALYA     RENUMBER ELEMENTS
--| ALYA     RECOMPUTE GRAPH FOR PERIODICITY
--| ALYA     CHECK ELEMENT ORDERING
--| ALYA     CHECK BOUNDARY ORDERING
--| ALYA     PARALL: GET HALO GEOMETRY
--| ALYA     PARALL: CREATE INTRA-ZONE COMMUNICATION ARRAY
--| ALYA     PARALL: CREATE INTRA-SUBDOMAIN COMMUNICATION ARRAY
--| ALYA     COMPUTE WITNESS POINT INFORMATION
--| ALYA     OUTPUT MESH
--| ALYA     COMPUTE LUMPED MASS MATRIX
--| ALYA     COMPUTE CLOSED MASS MATRIX
--| ALYA     COMPUTE EXTERIOR NORMALS
--| ALYA     EXTRAPOLATE BOUNDARY CODES TO NODE CODES
--| ALYA  END CONSTRUCT DOMAIN
--| ALYA  MODULE DATA
--| ALYA     NASTIN: READ DATA
--| ALYA     NASTIN: MASTER SENDS PHYSICAL AND NUMERICAL DATA TO SLAVES
--| ALYA     NASTIN: MASTER SENDS PHYSICAL AND NUMERICAL ARRAYS TO SLAVES
--| ALYA     WARNINGS HAVE BEEN FOUND IN MODULE NASTIN
--| ALYA  END MODULE DATA
--| ALYA  NASTIN: COMPUTE GROUPS FOR DEFLATION
--| ALYA  KERMOD: INITIAL SOLUTION
--| ALYA  INITIAL SOLUTION
--| ALYA     NASTIN
--| ALYA     WARNINGS HAVE BEEN FOUND IN MODULE NASTIN
--| ALYA  END INITIAL SOLUTION
--| ALYA  START TIME STEP 1, t=  0.25000000E-003
--| ALYA     SOLVE NASTIN (MSM)
--| ALYA     SOLVE NASTIN (MSM)
--| ALYA     SOLVE NASTIN (MSM)
--| ALYA     SOLVE NASTIN (MSM)
--| ALYA     SOLVE NASTIN (MSM)
--| ALYA     SOLVE NASTIN (MSM)
--| ALYA     SOLVE NASTIN (MSM)
--| ALYA     SOLVE NASTIN (MSM)
--| ALYA     SOLVE NASTIN (MSM)
--| ALYA     SOLVE NASTIN (MSM)
--| ALYA     SOLVE NASTIN (MSM)
--| ALYA     SOLVE NASTIN (MSM)
--| ALYA  END TIME STEP
--| ALYA  START TIME STEP 2, t=  0.50000000E-003
--| ALYA     SOLVE NASTIN (MSM)
--| ALYA     SOLVE NASTIN (MSM)
--| ALYA     SOLVE NASTIN (MSM)
--| ALYA     SOLVE NASTIN (MSM)
--| ALYA     SOLVE NASTIN (MSM)
--| ALYA     SOLVE NASTIN (MSM)
--| ALYA     SOLVE NASTIN (MSM)
--| ALYA     SOLVE NASTIN (MSM)
--| ALYA     SOLVE NASTIN (MSM)
--| ALYA     SOLVE NASTIN (MSM)
--| ALYA     SOLVE NASTIN (MSM)
--| ALYA     SOLVE NASTIN (MSM)
--| ALYA     NASTIN: WRITE RESTART FILE
--| ALYA  END TIME STEP
--| ALYA  KERNEL: WRITE RESTART FILE
--| ALYA  END PROBLEM
--|
--| ALYA  CALCULATIONS CORRECT
--|
[Score-P] src/services/timer/SCOREP_Timer.c:395: Warning: Calculated timer (tsc) frequencies differ from average frequency (2295348792 Hz) by more than 22953 Hz. Consider using a timer with a fixed frequency like gettimeofday or clock_gettime. Prolonging the measurement duration might mitigate the frequency variations.
rank[0]:	 frequency = 2297338016 Hz (outlier)
rank[1]:	 frequency = 2297338010 Hz (outlier)
rank[2]:	 frequency = 2297338015 Hz (outlier)
rank[3]:	 frequency = 2297338011 Hz (outlier)
rank[4]:	 frequency = 2297338015 Hz (outlier)
rank[5]:	 frequency = 2297338015 Hz (outlier)
rank[6]:	 frequency = 2297338021 Hz (outlier)
rank[7]:	 frequency = 2297338014 Hz (outlier)
rank[8]:	 frequency = 2297338013 Hz (outlier)
rank[9]:	 frequency = 2297338014 Hz (outlier)
rank[10]:	 frequency = 2297338013 Hz (outlier)
rank[11]:	 frequency = 2297338013 Hz (outlier)
rank[12]:	 frequency = 2297338012 Hz (outlier)
rank[13]:	 frequency = 2297338011 Hz (outlier)
rank[14]:	 frequency = 2297338011 Hz (outlier)
rank[15]:	 frequency = 2297338009 Hz (outlier)
rank[16]:	 frequency = 2297338011 Hz (outlier)
rank[17]:	 frequency = 2297338013 Hz (outlier)
rank[18]:	 frequency = 2297338012 Hz (outlier)
rank[19]:	 frequency = 2297338017 Hz (outlier)
rank[20]:	 frequency = 2297338011 Hz (outlier)
rank[21]:	 frequency = 2297338009 Hz (outlier)
rank[22]:	 frequency = 2297338013 Hz (outlier)
rank[23]:	 frequency = 2297338013 Hz (outlier)
rank[24]:	 frequency = 2297338015 Hz (outlier)
rank[25]:	 frequency = 2297338015 Hz (outlier)
rank[26]:	 frequency = 2297338014 Hz (outlier)
rank[27]:	 frequency = 2297338015 Hz (outlier)
rank[28]:	 frequency = 2297338024 Hz (outlier)
rank[29]:	 frequency = 2297338014 Hz (outlier)
rank[30]:	 frequency = 2297338014 Hz (outlier)
rank[31]:	 frequency = 2297338015 Hz (outlier)
rank[32]:	 frequency = 2297338014 Hz (outlier)
rank[33]:	 frequency = 2297338016 Hz (outlier)
rank[34]:	 frequency = 2297338014 Hz (outlier)
rank[35]:	 frequency = 2297338014 Hz (outlier)
rank[36]:	 frequency = 2297338014 Hz (outlier)
rank[37]:	 frequency = 2297338015 Hz (outlier)
rank[38]:	 frequency = 2297338014 Hz (outlier)
rank[39]:	 frequency = 2297338015 Hz (outlier)
rank[40]:	 frequency = 2294685090 Hz (outlier)
rank[41]:	 frequency = 2294685089 Hz (outlier)
rank[42]:	 frequency = 2294685085 Hz (outlier)
rank[43]:	 frequency = 2294685089 Hz (outlier)
rank[44]:	 frequency = 2294685088 Hz (outlier)
rank[45]:	 frequency = 2294685091 Hz (outlier)
rank[46]:	 frequency = 2294685090 Hz (outlier)
rank[47]:	 frequency = 2294685090 Hz (outlier)
rank[48]:	 frequency = 2294685090 Hz (outlier)
rank[49]:	 frequency = 2294685091 Hz (outlier)
rank[50]:	 frequency = 2294685092 Hz (outlier)
rank[51]:	 frequency = 2294685091 Hz (outlier)
rank[52]:	 frequency = 2294685091 Hz (outlier)
rank[53]:	 frequency = 2294685095 Hz (outlier)
rank[54]:	 frequency = 2294685094 Hz (outlier)
rank[55]:	 frequency = 2294685091 Hz (outlier)
rank[56]:	 frequency = 2294685090 Hz (outlier)
rank[57]:	 frequency = 2294685093 Hz (outlier)
rank[58]:	 frequency = 2294685091 Hz (outlier)
rank[59]:	 frequency = 2294685098 Hz (outlier)
rank[60]:	 frequency = 2294685093 Hz (outlier)
rank[61]:	 frequency = 2294685088 Hz (outlier)
rank[62]:	 frequency = 2294685090 Hz (outlier)
rank[63]:	 frequency = 2294685097 Hz (outlier)
rank[64]:	 frequency = 2294685093 Hz (outlier)
rank[65]:	 frequency = 2294685091 Hz (outlier)
rank[66]:	 frequency = 2294685090 Hz (outlier)
rank[67]:	 frequency = 2294685089 Hz (outlier)
rank[68]:	 frequency = 2294685091 Hz (outlier)
rank[69]:	 frequency = 2294685091 Hz (outlier)
rank[70]:	 frequency = 2294685090 Hz (outlier)
rank[71]:	 frequency = 2294685092 Hz (outlier)
rank[72]:	 frequency = 2294685091 Hz (outlier)
rank[73]:	 frequency = 2294685091 Hz (outlier)
rank[74]:	 frequency = 2294685092 Hz (outlier)
rank[75]:	 frequency = 2294685092 Hz (outlier)
rank[76]:	 frequency = 2294685092 Hz (outlier)
rank[77]:	 frequency = 2294685094 Hz (outlier)
rank[78]:	 frequency = 2294685093 Hz (outlier)
rank[79]:	 frequency = 2294685091 Hz (outlier)
rank[80]:	 frequency = 2294686027 Hz (outlier)
rank[81]:	 frequency = 2294686028 Hz (outlier)
rank[82]:	 frequency = 2294686033 Hz (outlier)
rank[83]:	 frequency = 2294686031 Hz (outlier)
rank[84]:	 frequency = 2294686032 Hz (outlier)
rank[85]:	 frequency = 2294686036 Hz (outlier)
rank[86]:	 frequency = 2294686032 Hz (outlier)
rank[87]:	 frequency = 2294686030 Hz (outlier)
rank[88]:	 frequency = 2294686031 Hz (outlier)
rank[89]:	 frequency = 2294686037 Hz (outlier)
rank[90]:	 frequency = 2294686032 Hz (outlier)
rank[91]:	 frequency = 2294686032 Hz (outlier)
rank[92]:	 frequency = 2294686032 Hz (outlier)
rank[93]:	 frequency = 2294686029 Hz (outlier)
rank[94]:	 frequency = 2294686031 Hz (outlier)
rank[95]:	 frequency = 2294686037 Hz (outlier)
rank[96]:	 frequency = 2294686026 Hz (outlier)
rank[97]:	 frequency = 2294686025 Hz (outlier)
rank[98]:	 frequency = 2294686027 Hz (outlier)
rank[99]:	 frequency = 2294686031 Hz (outlier)
rank[100]:	 frequency = 2294686028 Hz (outlier)
rank[101]:	 frequency = 2294686033 Hz (outlier)
rank[102]:	 frequency = 2294686033 Hz (outlier)
rank[103]:	 frequency = 2294686029 Hz (outlier)
rank[104]:	 frequency = 2294686031 Hz (outlier)
rank[105]:	 frequency = 2294686032 Hz (outlier)
rank[106]:	 frequency = 2294686032 Hz (outlier)
rank[107]:	 frequency = 2294686032 Hz (outlier)
rank[108]:	 frequency = 2294686031 Hz (outlier)
rank[109]:	 frequency = 2294686032 Hz (outlier)
rank[110]:	 frequency = 2294686034 Hz (outlier)
rank[111]:	 frequency = 2294686040 Hz (outlier)
rank[112]:	 frequency = 2294686032 Hz (outlier)
rank[113]:	 frequency = 2294686032 Hz (outlier)
rank[114]:	 frequency = 2294686031 Hz (outlier)
rank[115]:	 frequency = 2294686031 Hz (outlier)
rank[116]:	 frequency = 2294686032 Hz (outlier)
rank[117]:	 frequency = 2294686032 Hz (outlier)
rank[118]:	 frequency = 2294686031 Hz (outlier)
rank[119]:	 frequency = 2294686031 Hz (outlier)
rank[120]:	 frequency = 2294686023 Hz (outlier)
rank[121]:	 frequency = 2294686029 Hz (outlier)
rank[122]:	 frequency = 2294686032 Hz (outlier)
rank[123]:	 frequency = 2294686034 Hz (outlier)
rank[124]:	 frequency = 2294686033 Hz (outlier)
rank[125]:	 frequency = 2294686031 Hz (outlier)
rank[126]:	 frequency = 2294686035 Hz (outlier)
rank[127]:	 frequency = 2294686035 Hz (outlier)
rank[128]:	 frequency = 2294686041 Hz (outlier)
rank[129]:	 frequency = 2294686033 Hz (outlier)
rank[130]:	 frequency = 2294686032 Hz (outlier)
rank[131]:	 frequency = 2294686031 Hz (outlier)
rank[132]:	 frequency = 2294686032 Hz (outlier)
rank[133]:	 frequency = 2294686030 Hz (outlier)
rank[134]:	 frequency = 2294686033 Hz (outlier)
rank[135]:	 frequency = 2294686035 Hz (outlier)
rank[136]:	 frequency = 2294686032 Hz (outlier)
rank[137]:	 frequency = 2294686034 Hz (outlier)
rank[138]:	 frequency = 2294686031 Hz (outlier)
rank[139]:	 frequency = 2294686032 Hz (outlier)
rank[140]:	 frequency = 2294686031 Hz (outlier)
rank[141]:	 frequency = 2294686032 Hz (outlier)
rank[142]:	 frequency = 2294686033 Hz (outlier)
rank[143]:	 frequency = 2294686034 Hz (outlier)
rank[144]:	 frequency = 2294686034 Hz (outlier)
rank[145]:	 frequency = 2294686034 Hz (outlier)
rank[146]:	 frequency = 2294686032 Hz (outlier)
rank[147]:	 frequency = 2294686033 Hz (outlier)
rank[148]:	 frequency = 2294686034 Hz (outlier)
rank[149]:	 frequency = 2294686032 Hz (outlier)
rank[150]:	 frequency = 2294686033 Hz (outlier)
rank[151]:	 frequency = 2294686040 Hz (outlier)
rank[152]:	 frequency = 2294686032 Hz (outlier)
rank[153]:	 frequency = 2294686032 Hz (outlier)
rank[154]:	 frequency = 2294686035 Hz (outlier)
rank[155]:	 frequency = 2294686032 Hz (outlier)
rank[156]:	 frequency = 2294686030 Hz (outlier)
rank[157]:	 frequency = 2294686032 Hz (outlier)
rank[158]:	 frequency = 2294686034 Hz (outlier)
rank[159]:	 frequency = 2294686033 Hz (outlier)
