
 NAS Parallel Benchmarks 3.4 -- EP Benchmark

 Number of random numbers generated:    137438953472  (class D)
 Total number of processes:                      128

EP Benchmark Results:

CPU Time =   37.2019
N = 2^   36
No. Gaussian Pairs =   53972171957.
Sums =     1.982481200937991D+05   -1.020596636363627D+05
Counts:
  0   25154622775.
  1   24017899906.
  2    4508609839.
  3     284201296.
  4       6776403.
  5         61541.
  6           197.
  7             0.
  8             0.
  9             0.


 EP Benchmark Completed.
 Class           =                        D
 Size            =             137438953472
 Iterations      =                        0
 Time in seconds =                    37.20
 Total processes =                      128
 Active procs    =                      128
 Mop/s total     =                  3694.41
 Mop/s/process   =                    28.86
 Operation type  = Random numbers generated
 Verification    =               SUCCESSFUL
 Version         =                      3.4
 Compile date    =              22 Nov 2019

 Compile options:
    MPIFC        = /tmp/install/bin/./scorep mpifort
    FLINK        = $(MPIFC)
    FMPI_LIB     = (none)
    FMPI_INC     = (none)
    FFLAGS       = -O3
    FLINKFLAGS   = $(FFLAGS)
    RAND         = randi8


 Please send feedbacks and/or the results of this run to:

 NPB Development Team 
 Internet: npb@nas.nasa.gov


[Score-P] src/services/timer/SCOREP_Timer.c:395: Warning: Calculated timer (tsc) frequencies differ from average frequency (2295348833 Hz) by more than 22953 Hz. Consider using a timer with a fixed frequency like gettimeofday or clock_gettime. Prolonging the measurement duration might mitigate the frequency variations.
rank[0]:	 frequency = 2297338045 Hz (outlier)
rank[1]:	 frequency = 2297338029 Hz (outlier)
rank[2]:	 frequency = 2297337997 Hz (outlier)
rank[3]:	 frequency = 2297338026 Hz (outlier)
rank[4]:	 frequency = 2297338027 Hz (outlier)
rank[5]:	 frequency = 2297338021 Hz (outlier)
rank[6]:	 frequency = 2297338025 Hz (outlier)
rank[7]:	 frequency = 2297338022 Hz (outlier)
rank[8]:	 frequency = 2297338041 Hz (outlier)
rank[9]:	 frequency = 2297338025 Hz (outlier)
rank[10]:	 frequency = 2297338025 Hz (outlier)
rank[11]:	 frequency = 2297338084 Hz (outlier)
rank[12]:	 frequency = 2297338074 Hz (outlier)
rank[13]:	 frequency = 2297338025 Hz (outlier)
rank[14]:	 frequency = 2297338104 Hz (outlier)
rank[15]:	 frequency = 2297338028 Hz (outlier)
rank[16]:	 frequency = 2297338024 Hz (outlier)
rank[17]:	 frequency = 2297338026 Hz (outlier)
rank[18]:	 frequency = 2297338116 Hz (outlier)
rank[19]:	 frequency = 2297338036 Hz (outlier)
rank[20]:	 frequency = 2297338035 Hz (outlier)
rank[21]:	 frequency = 2297338072 Hz (outlier)
rank[22]:	 frequency = 2297338077 Hz (outlier)
rank[23]:	 frequency = 2297338081 Hz (outlier)
rank[24]:	 frequency = 2297338094 Hz (outlier)
rank[25]:	 frequency = 2297338077 Hz (outlier)
rank[26]:	 frequency = 2297338051 Hz (outlier)
rank[27]:	 frequency = 2297338090 Hz (outlier)
rank[28]:	 frequency = 2297338062 Hz (outlier)
rank[29]:	 frequency = 2297338101 Hz (outlier)
rank[30]:	 frequency = 2297338068 Hz (outlier)
rank[31]:	 frequency = 2297338068 Hz (outlier)
rank[32]:	 frequency = 2294685118 Hz (outlier)
rank[33]:	 frequency = 2294685078 Hz (outlier)
rank[34]:	 frequency = 2294685076 Hz (outlier)
rank[35]:	 frequency = 2294685090 Hz (outlier)
rank[36]:	 frequency = 2294685088 Hz (outlier)
rank[37]:	 frequency = 2294685076 Hz (outlier)
rank[38]:	 frequency = 2294685093 Hz (outlier)
rank[39]:	 frequency = 2294685087 Hz (outlier)
rank[40]:	 frequency = 2294685071 Hz (outlier)
rank[41]:	 frequency = 2294685098 Hz (outlier)
rank[42]:	 frequency = 2294685169 Hz (outlier)
rank[43]:	 frequency = 2294685108 Hz (outlier)
rank[44]:	 frequency = 2294685103 Hz (outlier)
rank[45]:	 frequency = 2294685121 Hz (outlier)
rank[46]:	 frequency = 2294685149 Hz (outlier)
rank[47]:	 frequency = 2294685098 Hz (outlier)
rank[48]:	 frequency = 2294685112 Hz (outlier)
rank[49]:	 frequency = 2294685156 Hz (outlier)
rank[50]:	 frequency = 2294685154 Hz (outlier)
rank[51]:	 frequency = 2294686249 Hz (outlier)
rank[52]:	 frequency = 2294685134 Hz (outlier)
rank[53]:	 frequency = 2294685175 Hz (outlier)
rank[54]:	 frequency = 2294685140 Hz (outlier)
rank[55]:	 frequency = 2294685164 Hz (outlier)
rank[56]:	 frequency = 2294685125 Hz (outlier)
rank[57]:	 frequency = 2294685110 Hz (outlier)
rank[58]:	 frequency = 2294685165 Hz (outlier)
rank[59]:	 frequency = 2294685137 Hz (outlier)
rank[60]:	 frequency = 2294685141 Hz (outlier)
rank[61]:	 frequency = 2294685173 Hz (outlier)
rank[62]:	 frequency = 2294685128 Hz (outlier)
rank[63]:	 frequency = 2294685175 Hz (outlier)
rank[64]:	 frequency = 2294686047 Hz (outlier)
rank[65]:	 frequency = 2294686018 Hz (outlier)
rank[66]:	 frequency = 2294686039 Hz (outlier)
rank[67]:	 frequency = 2294686040 Hz (outlier)
rank[68]:	 frequency = 2294686041 Hz (outlier)
rank[69]:	 frequency = 2294686043 Hz (outlier)
rank[70]:	 frequency = 2294686033 Hz (outlier)
rank[71]:	 frequency = 2294686036 Hz (outlier)
rank[72]:	 frequency = 2294686050 Hz (outlier)
rank[73]:	 frequency = 2294686039 Hz (outlier)
rank[74]:	 frequency = 2294686098 Hz (outlier)
rank[75]:	 frequency = 2294686029 Hz (outlier)
rank[76]:	 frequency = 2294686088 Hz (outlier)
rank[77]:	 frequency = 2294686030 Hz (outlier)
rank[78]:	 frequency = 2294686083 Hz (outlier)
rank[79]:	 frequency = 2294686051 Hz (outlier)
rank[80]:	 frequency = 2294686032 Hz (outlier)
rank[81]:	 frequency = 2294686044 Hz (outlier)
rank[82]:	 frequency = 2294686058 Hz (outlier)
rank[83]:	 frequency = 2294686036 Hz (outlier)
rank[84]:	 frequency = 2294686093 Hz (outlier)
rank[85]:	 frequency = 2294686100 Hz (outlier)
rank[86]:	 frequency = 2294686091 Hz (outlier)
rank[87]:	 frequency = 2294686086 Hz (outlier)
rank[88]:	 frequency = 2294686098 Hz (outlier)
rank[89]:	 frequency = 2294686103 Hz (outlier)
rank[90]:	 frequency = 2294686058 Hz (outlier)
rank[91]:	 frequency = 2294686107 Hz (outlier)
rank[92]:	 frequency = 2294686114 Hz (outlier)
rank[93]:	 frequency = 2294686104 Hz (outlier)
rank[94]:	 frequency = 2294686083 Hz (outlier)
rank[95]:	 frequency = 2294686072 Hz (outlier)
rank[96]:	 frequency = 2294686076 Hz (outlier)
rank[97]:	 frequency = 2294686033 Hz (outlier)
rank[98]:	 frequency = 2294686037 Hz (outlier)
rank[99]:	 frequency = 2294686006 Hz (outlier)
rank[100]:	 frequency = 2294686034 Hz (outlier)
rank[101]:	 frequency = 2294686016 Hz (outlier)
rank[102]:	 frequency = 2294686016 Hz (outlier)
rank[103]:	 frequency = 2294686031 Hz (outlier)
rank[104]:	 frequency = 2294686084 Hz (outlier)
rank[105]:	 frequency = 2294686038 Hz (outlier)
rank[106]:	 frequency = 2294686094 Hz (outlier)
rank[107]:	 frequency = 2294686039 Hz (outlier)
rank[108]:	 frequency = 2294686087 Hz (outlier)
rank[109]:	 frequency = 2294686042 Hz (outlier)
rank[110]:	 frequency = 2294686060 Hz (outlier)
rank[111]:	 frequency = 2294686053 Hz (outlier)
rank[112]:	 frequency = 2294686034 Hz (outlier)
rank[113]:	 frequency = 2294686059 Hz (outlier)
rank[114]:	 frequency = 2294686072 Hz (outlier)
rank[115]:	 frequency = 2294686077 Hz (outlier)
rank[116]:	 frequency = 2294686077 Hz (outlier)
rank[117]:	 frequency = 2294686082 Hz (outlier)
rank[118]:	 frequency = 2294686089 Hz (outlier)
rank[119]:	 frequency = 2294686086 Hz (outlier)
rank[120]:	 frequency = 2294686078 Hz (outlier)
rank[121]:	 frequency = 2294686053 Hz (outlier)
rank[122]:	 frequency = 2294686077 Hz (outlier)
rank[123]:	 frequency = 2294686060 Hz (outlier)
rank[124]:	 frequency = 2294686073 Hz (outlier)
rank[125]:	 frequency = 2294686088 Hz (outlier)
rank[126]:	 frequency = 2294686089 Hz (outlier)
rank[127]:	 frequency = 2294686075 Hz (outlier)
