

 NAS Parallel Benchmarks 3.4 -- IS Benchmark

 Size:  2147483648  (class D)
 Iterations:   10
 Number of processes:     128

   iteration
        1
        2
        3
        4
        5
        6
        7
        8
        9
        10


 IS Benchmark Completed
 Class           =                        D
 Size            =               2147483648
 Iterations      =                       10
 Time in seconds =                    14.63
 Total processes =                      128
 Active procs    =                      128
 Mop/s total     =                  1467.46
 Mop/s/process   =                    11.46
 Operation type  =              keys ranked
 Verification    =               SUCCESSFUL
 Version         =                      3.4
 Compile date    =              22 Nov 2019

 Compile options:
    MPICC        = /tmp/install/bin/./scorep mpicc
    CLINK        = $(MPICC)
    CMPI_LIB     = (none)
    CMPI_INC     = (none)
    CFLAGS       = -O3
    CLINKFLAGS   = $(CFLAGS)


 Please send feedbacks and/or the results of this run to:

 NPB Development Team
 npb@nas.nasa.gov


[Score-P] src/services/timer/SCOREP_Timer.c:395: Warning: Calculated timer (tsc) frequencies differ from average frequency (2295348828 Hz) by more than 22953 Hz. Consider using a timer with a fixed frequency like gettimeofday or clock_gettime. Prolonging the measurement duration might mitigate the frequency variations.
rank[0]:	 frequency = 2297338084 Hz (outlier)
rank[1]:	 frequency = 2297337975 Hz (outlier)
rank[2]:	 frequency = 2297338019 Hz (outlier)
rank[3]:	 frequency = 2297338035 Hz (outlier)
rank[4]:	 frequency = 2297338028 Hz (outlier)
rank[5]:	 frequency = 2297338021 Hz (outlier)
rank[6]:	 frequency = 2297338065 Hz (outlier)
rank[7]:	 frequency = 2297338022 Hz (outlier)
rank[8]:	 frequency = 2297338028 Hz (outlier)
rank[9]:	 frequency = 2297338103 Hz (outlier)
rank[10]:	 frequency = 2297338103 Hz (outlier)
rank[11]:	 frequency = 2297338000 Hz (outlier)
rank[12]:	 frequency = 2297338048 Hz (outlier)
rank[13]:	 frequency = 2297338014 Hz (outlier)
rank[14]:	 frequency = 2297338074 Hz (outlier)
rank[15]:	 frequency = 2297338017 Hz (outlier)
rank[16]:	 frequency = 2297338026 Hz (outlier)
rank[17]:	 frequency = 2297338107 Hz (outlier)
rank[18]:	 frequency = 2297338016 Hz (outlier)
rank[19]:	 frequency = 2297338107 Hz (outlier)
rank[20]:	 frequency = 2297338135 Hz (outlier)
rank[21]:	 frequency = 2297338093 Hz (outlier)
rank[22]:	 frequency = 2297338049 Hz (outlier)
rank[23]:	 frequency = 2297338035 Hz (outlier)
rank[24]:	 frequency = 2297338074 Hz (outlier)
rank[25]:	 frequency = 2297338170 Hz (outlier)
rank[26]:	 frequency = 2297338103 Hz (outlier)
rank[27]:	 frequency = 2297338128 Hz (outlier)
rank[28]:	 frequency = 2297338086 Hz (outlier)
rank[29]:	 frequency = 2297338131 Hz (outlier)
rank[30]:	 frequency = 2297338053 Hz (outlier)
rank[31]:	 frequency = 2297338081 Hz (outlier)
rank[32]:	 frequency = 2294685055 Hz (outlier)
rank[33]:	 frequency = 2294685085 Hz (outlier)
rank[34]:	 frequency = 2294685019 Hz (outlier)
rank[35]:	 frequency = 2294685085 Hz (outlier)
rank[36]:	 frequency = 2294685094 Hz (outlier)
rank[37]:	 frequency = 2294685079 Hz (outlier)
rank[38]:	 frequency = 2294685073 Hz (outlier)
rank[39]:	 frequency = 2294685091 Hz (outlier)
rank[40]:	 frequency = 2294685091 Hz (outlier)
rank[41]:	 frequency = 2294685066 Hz (outlier)
rank[42]:	 frequency = 2294685213 Hz (outlier)
rank[43]:	 frequency = 2294685278 Hz (outlier)
rank[44]:	 frequency = 2294685118 Hz (outlier)
rank[45]:	 frequency = 2294685093 Hz (outlier)
rank[46]:	 frequency = 2294685073 Hz (outlier)
rank[47]:	 frequency = 2294685093 Hz (outlier)
rank[48]:	 frequency = 2294685226 Hz (outlier)
rank[49]:	 frequency = 2294685116 Hz (outlier)
rank[50]:	 frequency = 2294685078 Hz (outlier)
rank[51]:	 frequency = 2294685095 Hz (outlier)
rank[52]:	 frequency = 2294685102 Hz (outlier)
rank[53]:	 frequency = 2294685099 Hz (outlier)
rank[54]:	 frequency = 2294685087 Hz (outlier)
rank[55]:	 frequency = 2294685187 Hz (outlier)
rank[56]:	 frequency = 2294685167 Hz (outlier)
rank[57]:	 frequency = 2294685153 Hz (outlier)
rank[58]:	 frequency = 2294685164 Hz (outlier)
rank[59]:	 frequency = 2294685100 Hz (outlier)
rank[60]:	 frequency = 2294685093 Hz (outlier)
rank[61]:	 frequency = 2294685184 Hz (outlier)
rank[62]:	 frequency = 2294685156 Hz (outlier)
rank[63]:	 frequency = 2294685109 Hz (outlier)
rank[64]:	 frequency = 2294686096 Hz (outlier)
rank[65]:	 frequency = 2294686026 Hz (outlier)
rank[66]:	 frequency = 2294686098 Hz (outlier)
rank[67]:	 frequency = 2294685992 Hz (outlier)
rank[68]:	 frequency = 2294686065 Hz (outlier)
rank[69]:	 frequency = 2294686045 Hz (outlier)
rank[70]:	 frequency = 2294686030 Hz (outlier)
rank[71]:	 frequency = 2294686032 Hz (outlier)
rank[72]:	 frequency = 2294686040 Hz (outlier)
rank[73]:	 frequency = 2294686027 Hz (outlier)
rank[74]:	 frequency = 2294686124 Hz (outlier)
rank[75]:	 frequency = 2294686086 Hz (outlier)
rank[76]:	 frequency = 2294686038 Hz (outlier)
rank[77]:	 frequency = 2294686080 Hz (outlier)
rank[78]:	 frequency = 2294686121 Hz (outlier)
rank[79]:	 frequency = 2294686054 Hz (outlier)
rank[80]:	 frequency = 2294686020 Hz (outlier)
rank[81]:	 frequency = 2294686058 Hz (outlier)
rank[82]:	 frequency = 2294686027 Hz (outlier)
rank[83]:	 frequency = 2294686022 Hz (outlier)
rank[84]:	 frequency = 2294686092 Hz (outlier)
rank[85]:	 frequency = 2294686098 Hz (outlier)
rank[86]:	 frequency = 2294686123 Hz (outlier)
rank[87]:	 frequency = 2294686176 Hz (outlier)
rank[88]:	 frequency = 2294686100 Hz (outlier)
rank[89]:	 frequency = 2294686094 Hz (outlier)
rank[90]:	 frequency = 2294686100 Hz (outlier)
rank[91]:	 frequency = 2294686123 Hz (outlier)
rank[92]:	 frequency = 2294686097 Hz (outlier)
rank[93]:	 frequency = 2294686063 Hz (outlier)
rank[94]:	 frequency = 2294686114 Hz (outlier)
rank[95]:	 frequency = 2294686120 Hz (outlier)
rank[96]:	 frequency = 2294686039 Hz (outlier)
rank[97]:	 frequency = 2294686005 Hz (outlier)
rank[98]:	 frequency = 2294685980 Hz (outlier)
rank[99]:	 frequency = 2294686059 Hz (outlier)
rank[100]:	 frequency = 2294686025 Hz (outlier)
rank[101]:	 frequency = 2294686016 Hz (outlier)
rank[102]:	 frequency = 2294686031 Hz (outlier)
rank[103]:	 frequency = 2294686022 Hz (outlier)
rank[104]:	 frequency = 2294686089 Hz (outlier)
rank[105]:	 frequency = 2294686037 Hz (outlier)
rank[106]:	 frequency = 2294686008 Hz (outlier)
rank[107]:	 frequency = 2294686054 Hz (outlier)
rank[108]:	 frequency = 2294686079 Hz (outlier)
rank[109]:	 frequency = 2294686025 Hz (outlier)
rank[110]:	 frequency = 2294686072 Hz (outlier)
rank[111]:	 frequency = 2294686165 Hz (outlier)
rank[112]:	 frequency = 2294686102 Hz (outlier)
rank[113]:	 frequency = 2294686086 Hz (outlier)
rank[114]:	 frequency = 2294686030 Hz (outlier)
rank[115]:	 frequency = 2294686022 Hz (outlier)
rank[116]:	 frequency = 2294686015 Hz (outlier)
rank[117]:	 frequency = 2294686012 Hz (outlier)
rank[118]:	 frequency = 2294686034 Hz (outlier)
rank[119]:	 frequency = 2294686118 Hz (outlier)
rank[120]:	 frequency = 2294686031 Hz (outlier)
rank[121]:	 frequency = 2294686055 Hz (outlier)
rank[122]:	 frequency = 2294686108 Hz (outlier)
rank[123]:	 frequency = 2294686060 Hz (outlier)
rank[124]:	 frequency = 2294686106 Hz (outlier)
rank[125]:	 frequency = 2294686119 Hz (outlier)
rank[126]:	 frequency = 2294686094 Hz (outlier)
rank[127]:	 frequency = 2294686177 Hz (outlier)
