

 NAS Parallel Benchmarks 3.4 -- SP Benchmark

 No input file inputsp.data. Using compiled defaults
 Size:  408x 408x 408  (class D)
 Iterations:  500    dt:   0.0003000
 Total number of processes:   144

 Time step    1
 Time step   20
 Time step   40
 Time step   60
 Time step   80
 Time step  100
 Time step  120
 Time step  140
 Time step  160
 Time step  180
 Time step  200
 Time step  220
 Time step  240
 Time step  260
 Time step  280
 Time step  300
 Time step  320
 Time step  340
 Time step  360
 Time step  380
 Time step  400
 Time step  420
 Time step  440
 Time step  460
 Time step  480
 Time step  500
 Verification being performed for class D
 accuracy setting for epsilon =  0.1000000000000E-07
 Comparison of RMS-norms of residual
           1 0.1044696216887E+05 0.1044696216887E+05 0.1883941477745E-12
           2 0.3204427762578E+04 0.3204427762578E+04 0.1487239716540E-12
           3 0.4648680733032E+04 0.4648680733032E+04 0.8999705224813E-14
           4 0.4238923283697E+04 0.4238923283697E+04 0.7252058804215E-13
           5 0.7588412036136E+04 0.7588412036136E+04 0.3236033682796E-13
 Comparison of RMS-norms of solution error
           1 0.5089471423669E+01 0.5089471423669E+01 0.8568583410149E-13
           2 0.5323514855894E+00 0.5323514855894E+00 0.8800841719698E-13
           3 0.1187051008971E+01 0.1187051008971E+01 0.4165729454177E-12
           4 0.1083734951938E+01 0.1083734951938E+01 0.9219973208171E-14
           5 0.1164108338568E+02 0.1164108338568E+02 0.2075275317206E-13
 Verification Successful


 SP Benchmark Completed.
 Class           =                        D
 Size            =            408x 408x 408
 Iterations      =                      500
 Time in seconds =                   807.15
 Total processes =                      144
 Active procs    =                      144
 Mop/s total     =                 36593.04
 Mop/s/process   =                   254.12
 Operation type  =           floating point
 Verification    =               SUCCESSFUL
 Version         =                      3.4
 Compile date    =              22 Nov 2019

 Compile options:
    MPIFC        = mpifort
    FLINK        = $(MPIFC)
    FMPI_LIB     = (none)
    FMPI_INC     = (none)
    FFLAGS       = -O3
    FLINKFLAGS   = $(FFLAGS)
    RAND         = (none)


 Please send feedbacks and/or the results of this run to:

 NPB Development Team 
 Internet: npb@nas.nasa.gov




 NAS Parallel Benchmarks 3.4 -- SP Benchmark

 No input file inputsp.data. Using compiled defaults
 Size:  408x 408x 408  (class D)
 Iterations:  500    dt:   0.0003000
 Total number of processes:   144

 Time step    1
 Time step   20
 Time step   40
 Time step   60
 Time step   80
 Time step  100
 Time step  120
 Time step  140
 Time step  160
 Time step  180
 Time step  200
 Time step  220
 Time step  240
 Time step  260
 Time step  280
 Time step  300
 Time step  320
 Time step  340
 Time step  360
 Time step  380
 Time step  400
 Time step  420
 Time step  440
 Time step  460
 Time step  480
 Time step  500
 Verification being performed for class D
 accuracy setting for epsilon =  0.1000000000000E-07
 Comparison of RMS-norms of residual
           1 0.1044696216887E+05 0.1044696216887E+05 0.1883941477745E-12
           2 0.3204427762578E+04 0.3204427762578E+04 0.1487239716540E-12
           3 0.4648680733032E+04 0.4648680733032E+04 0.8999705224813E-14
           4 0.4238923283697E+04 0.4238923283697E+04 0.7252058804215E-13
           5 0.7588412036136E+04 0.7588412036136E+04 0.3236033682796E-13
 Comparison of RMS-norms of solution error
           1 0.5089471423669E+01 0.5089471423669E+01 0.8568583410149E-13
           2 0.5323514855894E+00 0.5323514855894E+00 0.8800841719698E-13
           3 0.1187051008971E+01 0.1187051008971E+01 0.4165729454177E-12
           4 0.1083734951938E+01 0.1083734951938E+01 0.9219973208171E-14
           5 0.1164108338568E+02 0.1164108338568E+02 0.2075275317206E-13
 Verification Successful


 SP Benchmark Completed.
 Class           =                        D
 Size            =            408x 408x 408
 Iterations      =                      500
 Time in seconds =                   802.75
 Total processes =                      144
 Active procs    =                      144
 Mop/s total     =                 36793.52
 Mop/s/process   =                   255.51
 Operation type  =           floating point
 Verification    =               SUCCESSFUL
 Version         =                      3.4
 Compile date    =              22 Nov 2019

 Compile options:
    MPIFC        = mpifort
    FLINK        = $(MPIFC)
    FMPI_LIB     = (none)
    FMPI_INC     = (none)
    FFLAGS       = -O3
    FLINKFLAGS   = $(FFLAGS)
    RAND         = (none)


 Please send feedbacks and/or the results of this run to:

 NPB Development Team 
 Internet: npb@nas.nasa.gov




 NAS Parallel Benchmarks 3.4 -- SP Benchmark

 No input file inputsp.data. Using compiled defaults
 Size:  408x 408x 408  (class D)
 Iterations:  500    dt:   0.0003000
 Total number of processes:   144

 Time step    1
 Time step   20
 Time step   40
 Time step   60
 Time step   80
 Time step  100
 Time step  120
 Time step  140
 Time step  160
 Time step  180
 Time step  200
 Time step  220
 Time step  240
 Time step  260
 Time step  280
 Time step  300
 Time step  320
 Time step  340
 Time step  360
 Time step  380
 Time step  400
 Time step  420
 Time step  440
 Time step  460
 Time step  480
 Time step  500
 Verification being performed for class D
 accuracy setting for epsilon =  0.1000000000000E-07
 Comparison of RMS-norms of residual
           1 0.1044696216887E+05 0.1044696216887E+05 0.1883941477745E-12
           2 0.3204427762578E+04 0.3204427762578E+04 0.1487239716540E-12
           3 0.4648680733032E+04 0.4648680733032E+04 0.8999705224813E-14
           4 0.4238923283697E+04 0.4238923283697E+04 0.7252058804215E-13
           5 0.7588412036136E+04 0.7588412036136E+04 0.3236033682796E-13
 Comparison of RMS-norms of solution error
           1 0.5089471423669E+01 0.5089471423669E+01 0.8568583410149E-13
           2 0.5323514855894E+00 0.5323514855894E+00 0.8800841719698E-13
           3 0.1187051008971E+01 0.1187051008971E+01 0.4165729454177E-12
           4 0.1083734951938E+01 0.1083734951938E+01 0.9219973208171E-14
           5 0.1164108338568E+02 0.1164108338568E+02 0.2075275317206E-13
 Verification Successful


 SP Benchmark Completed.
 Class           =                        D
 Size            =            408x 408x 408
 Iterations      =                      500
 Time in seconds =                   802.21
 Total processes =                      144
 Active procs    =                      144
 Mop/s total     =                 36818.07
 Mop/s/process   =                   255.68
 Operation type  =           floating point
 Verification    =               SUCCESSFUL
 Version         =                      3.4
 Compile date    =              22 Nov 2019

 Compile options:
    MPIFC        = mpifort
    FLINK        = $(MPIFC)
    FMPI_LIB     = (none)
    FMPI_INC     = (none)
    FFLAGS       = -O3
    FLINKFLAGS   = $(FFLAGS)
    RAND         = (none)


 Please send feedbacks and/or the results of this run to:

 NPB Development Team 
 Internet: npb@nas.nasa.gov




 NAS Parallel Benchmarks 3.4 -- SP Benchmark

 No input file inputsp.data. Using compiled defaults
 Size:  408x 408x 408  (class D)
 Iterations:  500    dt:   0.0003000
 Total number of processes:   144

 Time step    1
 Time step   20
 Time step   40
 Time step   60
 Time step   80
 Time step  100
 Time step  120
 Time step  140
 Time step  160
 Time step  180
 Time step  200
 Time step  220
 Time step  240
 Time step  260
 Time step  280
 Time step  300
 Time step  320
 Time step  340
 Time step  360
 Time step  380
 Time step  400
 Time step  420
 Time step  440
 Time step  460
 Time step  480
 Time step  500
 Verification being performed for class D
 accuracy setting for epsilon =  0.1000000000000E-07
 Comparison of RMS-norms of residual
           1 0.1044696216887E+05 0.1044696216887E+05 0.1883941477745E-12
           2 0.3204427762578E+04 0.3204427762578E+04 0.1487239716540E-12
           3 0.4648680733032E+04 0.4648680733032E+04 0.8999705224813E-14
           4 0.4238923283697E+04 0.4238923283697E+04 0.7252058804215E-13
           5 0.7588412036136E+04 0.7588412036136E+04 0.3236033682796E-13
 Comparison of RMS-norms of solution error
           1 0.5089471423669E+01 0.5089471423669E+01 0.8568583410149E-13
           2 0.5323514855894E+00 0.5323514855894E+00 0.8800841719698E-13
           3 0.1187051008971E+01 0.1187051008971E+01 0.4165729454177E-12
           4 0.1083734951938E+01 0.1083734951938E+01 0.9219973208171E-14
           5 0.1164108338568E+02 0.1164108338568E+02 0.2075275317206E-13
 Verification Successful


 SP Benchmark Completed.
 Class           =                        D
 Size            =            408x 408x 408
 Iterations      =                      500
 Time in seconds =                   802.25
 Total processes =                      144
 Active procs    =                      144
 Mop/s total     =                 36816.61
 Mop/s/process   =                   255.67
 Operation type  =           floating point
 Verification    =               SUCCESSFUL
 Version         =                      3.4
 Compile date    =              22 Nov 2019

 Compile options:
    MPIFC        = mpifort
    FLINK        = $(MPIFC)
    FMPI_LIB     = (none)
    FMPI_INC     = (none)
    FFLAGS       = -O3
    FLINKFLAGS   = $(FFLAGS)
    RAND         = (none)


 Please send feedbacks and/or the results of this run to:

 NPB Development Team 
 Internet: npb@nas.nasa.gov




 NAS Parallel Benchmarks 3.4 -- SP Benchmark

 No input file inputsp.data. Using compiled defaults
 Size:  408x 408x 408  (class D)
 Iterations:  500    dt:   0.0003000
 Total number of processes:   144

 Time step    1
 Time step   20
 Time step   40
 Time step   60
 Time step   80
 Time step  100
 Time step  120
 Time step  140
 Time step  160
 Time step  180
 Time step  200
 Time step  220
 Time step  240
 Time step  260
 Time step  280
 Time step  300
 Time step  320
 Time step  340
 Time step  360
 Time step  380
 Time step  400
 Time step  420
 Time step  440
 Time step  460
 Time step  480
 Time step  500
 Verification being performed for class D
 accuracy setting for epsilon =  0.1000000000000E-07
 Comparison of RMS-norms of residual
           1 0.1044696216887E+05 0.1044696216887E+05 0.1883941477745E-12
           2 0.3204427762578E+04 0.3204427762578E+04 0.1487239716540E-12
           3 0.4648680733032E+04 0.4648680733032E+04 0.8999705224813E-14
           4 0.4238923283697E+04 0.4238923283697E+04 0.7252058804215E-13
           5 0.7588412036136E+04 0.7588412036136E+04 0.3236033682796E-13
 Comparison of RMS-norms of solution error
           1 0.5089471423669E+01 0.5089471423669E+01 0.8568583410149E-13
           2 0.5323514855894E+00 0.5323514855894E+00 0.8800841719698E-13
           3 0.1187051008971E+01 0.1187051008971E+01 0.4165729454177E-12
           4 0.1083734951938E+01 0.1083734951938E+01 0.9219973208171E-14
           5 0.1164108338568E+02 0.1164108338568E+02 0.2075275317206E-13
 Verification Successful


 SP Benchmark Completed.
 Class           =                        D
 Size            =            408x 408x 408
 Iterations      =                      500
 Time in seconds =                   805.55
 Total processes =                      144
 Active procs    =                      144
 Mop/s total     =                 36665.69
 Mop/s/process   =                   254.62
 Operation type  =           floating point
 Verification    =               SUCCESSFUL
 Version         =                      3.4
 Compile date    =              22 Nov 2019

 Compile options:
    MPIFC        = mpifort
    FLINK        = $(MPIFC)
    FMPI_LIB     = (none)
    FMPI_INC     = (none)
    FFLAGS       = -O3
    FLINKFLAGS   = $(FFLAGS)
    RAND         = (none)


 Please send feedbacks and/or the results of this run to:

 NPB Development Team 
 Internet: npb@nas.nasa.gov




 NAS Parallel Benchmarks 3.4 -- SP Benchmark

 No input file inputsp.data. Using compiled defaults
 Size:  408x 408x 408  (class D)
 Iterations:  500    dt:   0.0003000
 Total number of processes:   144

 Time step    1
 Time step   20
 Time step   40
 Time step   60
 Time step   80
 Time step  100
 Time step  120
 Time step  140
 Time step  160
 Time step  180
 Time step  200
 Time step  220
 Time step  240
 Time step  260
 Time step  280
 Time step  300
 Time step  320
 Time step  340
 Time step  360
 Time step  380
 Time step  400
 Time step  420
 Time step  440
 Time step  460
 Time step  480
 Time step  500
 Verification being performed for class D
 accuracy setting for epsilon =  0.1000000000000E-07
 Comparison of RMS-norms of residual
           1 0.1044696216887E+05 0.1044696216887E+05 0.1883941477745E-12
           2 0.3204427762578E+04 0.3204427762578E+04 0.1487239716540E-12
           3 0.4648680733032E+04 0.4648680733032E+04 0.8999705224813E-14
           4 0.4238923283697E+04 0.4238923283697E+04 0.7252058804215E-13
           5 0.7588412036136E+04 0.7588412036136E+04 0.3236033682796E-13
 Comparison of RMS-norms of solution error
           1 0.5089471423669E+01 0.5089471423669E+01 0.8568583410149E-13
           2 0.5323514855894E+00 0.5323514855894E+00 0.8800841719698E-13
           3 0.1187051008971E+01 0.1187051008971E+01 0.4165729454177E-12
           4 0.1083734951938E+01 0.1083734951938E+01 0.9219973208171E-14
           5 0.1164108338568E+02 0.1164108338568E+02 0.2075275317206E-13
 Verification Successful


 SP Benchmark Completed.
 Class           =                        D
 Size            =            408x 408x 408
 Iterations      =                      500
 Time in seconds =                   804.25
 Total processes =                      144
 Active procs    =                      144
 Mop/s total     =                 36725.03
 Mop/s/process   =                   255.03
 Operation type  =           floating point
 Verification    =               SUCCESSFUL
 Version         =                      3.4
 Compile date    =              22 Nov 2019

 Compile options:
    MPIFC        = mpifort
    FLINK        = $(MPIFC)
    FMPI_LIB     = (none)
    FMPI_INC     = (none)
    FFLAGS       = -O3
    FLINKFLAGS   = $(FFLAGS)
    RAND         = (none)


 Please send feedbacks and/or the results of this run to:

 NPB Development Team 
 Internet: npb@nas.nasa.gov




 NAS Parallel Benchmarks 3.4 -- SP Benchmark

 No input file inputsp.data. Using compiled defaults
 Size:  408x 408x 408  (class D)
 Iterations:  500    dt:   0.0003000
 Total number of processes:   144

 Time step    1
 Time step   20
 Time step   40
 Time step   60
 Time step   80
 Time step  100
 Time step  120
 Time step  140
 Time step  160
 Time step  180
 Time step  200
 Time step  220
 Time step  240
 Time step  260
 Time step  280
 Time step  300
 Time step  320
 Time step  340
 Time step  360
 Time step  380
 Time step  400
 Time step  420
 Time step  440
 Time step  460
 Time step  480
 Time step  500
 Verification being performed for class D
 accuracy setting for epsilon =  0.1000000000000E-07
 Comparison of RMS-norms of residual
           1 0.1044696216887E+05 0.1044696216887E+05 0.1883941477745E-12
           2 0.3204427762578E+04 0.3204427762578E+04 0.1487239716540E-12
           3 0.4648680733032E+04 0.4648680733032E+04 0.8999705224813E-14
           4 0.4238923283697E+04 0.4238923283697E+04 0.7252058804215E-13
           5 0.7588412036136E+04 0.7588412036136E+04 0.3236033682796E-13
 Comparison of RMS-norms of solution error
           1 0.5089471423669E+01 0.5089471423669E+01 0.8568583410149E-13
           2 0.5323514855894E+00 0.5323514855894E+00 0.8800841719698E-13
           3 0.1187051008971E+01 0.1187051008971E+01 0.4165729454177E-12
           4 0.1083734951938E+01 0.1083734951938E+01 0.9219973208171E-14
           5 0.1164108338568E+02 0.1164108338568E+02 0.2075275317206E-13
 Verification Successful


 SP Benchmark Completed.
 Class           =                        D
 Size            =            408x 408x 408
 Iterations      =                      500
 Time in seconds =                   804.48
 Total processes =                      144
 Active procs    =                      144
 Mop/s total     =                 36714.37
 Mop/s/process   =                   254.96
 Operation type  =           floating point
 Verification    =               SUCCESSFUL
 Version         =                      3.4
 Compile date    =              22 Nov 2019

 Compile options:
    MPIFC        = mpifort
    FLINK        = $(MPIFC)
    FMPI_LIB     = (none)
    FMPI_INC     = (none)
    FFLAGS       = -O3
    FLINKFLAGS   = $(FFLAGS)
    RAND         = (none)


 Please send feedbacks and/or the results of this run to:

 NPB Development Team 
 Internet: npb@nas.nasa.gov




 NAS Parallel Benchmarks 3.4 -- SP Benchmark

 No input file inputsp.data. Using compiled defaults
 Size:  408x 408x 408  (class D)
 Iterations:  500    dt:   0.0003000
 Total number of processes:   144

 Time step    1
 Time step   20
 Time step   40
 Time step   60
 Time step   80
 Time step  100
 Time step  120
 Time step  140
 Time step  160
 Time step  180
 Time step  200
 Time step  220
 Time step  240
 Time step  260
 Time step  280
 Time step  300
 Time step  320
 Time step  340
 Time step  360
 Time step  380
 Time step  400
 Time step  420
 Time step  440
 Time step  460
 Time step  480
 Time step  500
 Verification being performed for class D
 accuracy setting for epsilon =  0.1000000000000E-07
 Comparison of RMS-norms of residual
           1 0.1044696216887E+05 0.1044696216887E+05 0.1883941477745E-12
           2 0.3204427762578E+04 0.3204427762578E+04 0.1487239716540E-12
           3 0.4648680733032E+04 0.4648680733032E+04 0.8999705224813E-14
           4 0.4238923283697E+04 0.4238923283697E+04 0.7252058804215E-13
           5 0.7588412036136E+04 0.7588412036136E+04 0.3236033682796E-13
 Comparison of RMS-norms of solution error
           1 0.5089471423669E+01 0.5089471423669E+01 0.8568583410149E-13
           2 0.5323514855894E+00 0.5323514855894E+00 0.8800841719698E-13
           3 0.1187051008971E+01 0.1187051008971E+01 0.4165729454177E-12
           4 0.1083734951938E+01 0.1083734951938E+01 0.9219973208171E-14
           5 0.1164108338568E+02 0.1164108338568E+02 0.2075275317206E-13
 Verification Successful


 SP Benchmark Completed.
 Class           =                        D
 Size            =            408x 408x 408
 Iterations      =                      500
 Time in seconds =                   803.98
 Total processes =                      144
 Active procs    =                      144
 Mop/s total     =                 36737.38
 Mop/s/process   =                   255.12
 Operation type  =           floating point
 Verification    =               SUCCESSFUL
 Version         =                      3.4
 Compile date    =              22 Nov 2019

 Compile options:
    MPIFC        = mpifort
    FLINK        = $(MPIFC)
    FMPI_LIB     = (none)
    FMPI_INC     = (none)
    FFLAGS       = -O3
    FLINKFLAGS   = $(FFLAGS)
    RAND         = (none)


 Please send feedbacks and/or the results of this run to:

 NPB Development Team 
 Internet: npb@nas.nasa.gov


 NAS Parallel Benchmarks 3.4 -- SP Benchmark

 No input file inputsp.data. Using compiled defaults
 Size:  408x 408x 408  (class D)
 Iterations:  500    dt:   0.0003000
 Total number of processes:   144

 Time step    1
 Time step   20
 Time step   40
 Time step   60
 Time step   80
 Time step  100
 Time step  120
 Time step  140
 Time step  160
 Time step  180
 Time step  200
 Time step  220
 Time step  240
 Time step  260
 Time step  280
 Time step  300
 Time step  320
 Time step  340
 Time step  360
 Time step  380
 Time step  400
 Time step  420
 Time step  440
 Time step  460
 Time step  480
 Time step  500
 Verification being performed for class D
 accuracy setting for epsilon =  0.1000000000000E-07
 Comparison of RMS-norms of residual
           1 0.1044696216887E+05 0.1044696216887E+05 0.1883941477745E-12
           2 0.3204427762578E+04 0.3204427762578E+04 0.1487239716540E-12
           3 0.4648680733032E+04 0.4648680733032E+04 0.8999705224813E-14
           4 0.4238923283697E+04 0.4238923283697E+04 0.7252058804215E-13
           5 0.7588412036136E+04 0.7588412036136E+04 0.3236033682796E-13
 Comparison of RMS-norms of solution error
           1 0.5089471423669E+01 0.5089471423669E+01 0.8568583410149E-13
           2 0.5323514855894E+00 0.5323514855894E+00 0.8800841719698E-13
           3 0.1187051008971E+01 0.1187051008971E+01 0.4165729454177E-12
           4 0.1083734951938E+01 0.1083734951938E+01 0.9219973208171E-14
           5 0.1164108338568E+02 0.1164108338568E+02 0.2075275317206E-13
 Verification Successful


 SP Benchmark Completed.
 Class           =                        D
 Size            =            408x 408x 408
 Iterations      =                      500
 Time in seconds =                   806.11
 Total processes =                      144
 Active procs    =                      144
 Mop/s total     =                 36639.95
 Mop/s/process   =                   254.44
 Operation type  =           floating point
 Verification    =               SUCCESSFUL
 Version         =                      3.4
 Compile date    =              22 Nov 2019

 Compile options:
    MPIFC        = mpifort
    FLINK        = $(MPIFC)
    FMPI_LIB     = (none)
    FMPI_INC     = (none)
    FFLAGS       = -O3
    FLINKFLAGS   = $(FFLAGS)
    RAND         = (none)


 Please send feedbacks and/or the results of this run to:

 NPB Development Team 
 Internet: npb@nas.nasa.gov




 NAS Parallel Benchmarks 3.4 -- SP Benchmark

 No input file inputsp.data. Using compiled defaults
 Size:  408x 408x 408  (class D)
 Iterations:  500    dt:   0.0003000
 Total number of processes:   144

 Time step    1
 Time step   20
 Time step   40
 Time step   60
 Time step   80
 Time step  100
 Time step  120
 Time step  140
 Time step  160
 Time step  180
 Time step  200
 Time step  220
 Time step  240
 Time step  260
 Time step  280
 Time step  300
 Time step  320
 Time step  340
 Time step  360
 Time step  380
 Time step  400
 Time step  420
 Time step  440
 Time step  460
 Time step  480
 Time step  500
 Verification being performed for class D
 accuracy setting for epsilon =  0.1000000000000E-07
 Comparison of RMS-norms of residual
           1 0.1044696216887E+05 0.1044696216887E+05 0.1883941477745E-12
           2 0.3204427762578E+04 0.3204427762578E+04 0.1487239716540E-12
           3 0.4648680733032E+04 0.4648680733032E+04 0.8999705224813E-14
           4 0.4238923283697E+04 0.4238923283697E+04 0.7252058804215E-13
           5 0.7588412036136E+04 0.7588412036136E+04 0.3236033682796E-13
 Comparison of RMS-norms of solution error
           1 0.5089471423669E+01 0.5089471423669E+01 0.8568583410149E-13
           2 0.5323514855894E+00 0.5323514855894E+00 0.8800841719698E-13
           3 0.1187051008971E+01 0.1187051008971E+01 0.4165729454177E-12
           4 0.1083734951938E+01 0.1083734951938E+01 0.9219973208171E-14
           5 0.1164108338568E+02 0.1164108338568E+02 0.2075275317206E-13
 Verification Successful


 SP Benchmark Completed.
 Class           =                        D
 Size            =            408x 408x 408
 Iterations      =                      500
 Time in seconds =                   802.60
 Total processes =                      144
 Active procs    =                      144
 Mop/s total     =                 36800.16
 Mop/s/process   =                   255.56
 Operation type  =           floating point
 Verification    =               SUCCESSFUL
 Version         =                      3.4
 Compile date    =              22 Nov 2019

 Compile options:
    MPIFC        = mpifort
    FLINK        = $(MPIFC)
    FMPI_LIB     = (none)
    FMPI_INC     = (none)
    FFLAGS       = -O3
    FLINKFLAGS   = $(FFLAGS)
    RAND         = (none)


 Please send feedbacks and/or the results of this run to:

 NPB Development Team 
 Internet: npb@nas.nasa.gov




 NAS Parallel Benchmarks 3.4 -- SP Benchmark

 No input file inputsp.data. Using compiled defaults
 Size:  408x 408x 408  (class D)
 Iterations:  500    dt:   0.0003000
 Total number of processes:   144

 Time step    1
 Time step   20
 Time step   40
 Time step   60
 Time step   80
 Time step  100
 Time step  120
 Time step  140
 Time step  160
 Time step  180
 Time step  200
 Time step  220
 Time step  240
 Time step  260
 Time step  280
 Time step  300
 Time step  320
 Time step  340
 Time step  360
 Time step  380
 Time step  400
 Time step  420
 Time step  440
 Time step  460
 Time step  480
 Time step  500
 Verification being performed for class D
 accuracy setting for epsilon =  0.1000000000000E-07
 Comparison of RMS-norms of residual
           1 0.1044696216887E+05 0.1044696216887E+05 0.1883941477745E-12
           2 0.3204427762578E+04 0.3204427762578E+04 0.1487239716540E-12
           3 0.4648680733032E+04 0.4648680733032E+04 0.8999705224813E-14
           4 0.4238923283697E+04 0.4238923283697E+04 0.7252058804215E-13
           5 0.7588412036136E+04 0.7588412036136E+04 0.3236033682796E-13
 Comparison of RMS-norms of solution error
           1 0.5089471423669E+01 0.5089471423669E+01 0.8568583410149E-13
           2 0.5323514855894E+00 0.5323514855894E+00 0.8800841719698E-13
           3 0.1187051008971E+01 0.1187051008971E+01 0.4165729454177E-12
           4 0.1083734951938E+01 0.1083734951938E+01 0.9219973208171E-14
           5 0.1164108338568E+02 0.1164108338568E+02 0.2075275317206E-13
 Verification Successful


 SP Benchmark Completed.
 Class           =                        D
 Size            =            408x 408x 408
 Iterations      =                      500
 Time in seconds =                   805.11
 Total processes =                      144
 Active procs    =                      144
 Mop/s total     =                 36685.83
 Mop/s/process   =                   254.76
 Operation type  =           floating point
 Verification    =               SUCCESSFUL
 Version         =                      3.4
 Compile date    =              22 Nov 2019

 Compile options:
    MPIFC        = mpifort
    FLINK        = $(MPIFC)
    FMPI_LIB     = (none)
    FMPI_INC     = (none)
    FFLAGS       = -O3
    FLINKFLAGS   = $(FFLAGS)
    RAND         = (none)


 Please send feedbacks and/or the results of this run to:

 NPB Development Team 
 Internet: npb@nas.nasa.gov




 NAS Parallel Benchmarks 3.4 -- SP Benchmark

 No input file inputsp.data. Using compiled defaults
 Size:  408x 408x 408  (class D)
 Iterations:  500    dt:   0.0003000
 Total number of processes:   144

 Time step    1
 Time step   20
 Time step   40
 Time step   60
 Time step   80
 Time step  100
 Time step  120
 Time step  140
 Time step  160
 Time step  180
 Time step  200
 Time step  220
 Time step  240
 Time step  260
 Time step  280
 Time step  300
 Time step  320
 Time step  340
 Time step  360
 Time step  380
 Time step  400
 Time step  420
 Time step  440
 Time step  460
 Time step  480
 Time step  500
 Verification being performed for class D
 accuracy setting for epsilon =  0.1000000000000E-07
 Comparison of RMS-norms of residual
           1 0.1044696216887E+05 0.1044696216887E+05 0.1883941477745E-12
           2 0.3204427762578E+04 0.3204427762578E+04 0.1487239716540E-12
           3 0.4648680733032E+04 0.4648680733032E+04 0.8999705224813E-14
           4 0.4238923283697E+04 0.4238923283697E+04 0.7252058804215E-13
           5 0.7588412036136E+04 0.7588412036136E+04 0.3236033682796E-13
 Comparison of RMS-norms of solution error
           1 0.5089471423669E+01 0.5089471423669E+01 0.8568583410149E-13
           2 0.5323514855894E+00 0.5323514855894E+00 0.8800841719698E-13
           3 0.1187051008971E+01 0.1187051008971E+01 0.4165729454177E-12
           4 0.1083734951938E+01 0.1083734951938E+01 0.9219973208171E-14
           5 0.1164108338568E+02 0.1164108338568E+02 0.2075275317206E-13
 Verification Successful


 SP Benchmark Completed.
 Class           =                        D
 Size            =            408x 408x 408
 Iterations      =                      500
 Time in seconds =                   803.86
 Total processes =                      144
 Active procs    =                      144
 Mop/s total     =                 36742.82
 Mop/s/process   =                   255.16
 Operation type  =           floating point
 Verification    =               SUCCESSFUL
 Version         =                      3.4
 Compile date    =              22 Nov 2019

 Compile options:
    MPIFC        = mpifort
    FLINK        = $(MPIFC)
    FMPI_LIB     = (none)
    FMPI_INC     = (none)
    FFLAGS       = -O3
    FLINKFLAGS   = $(FFLAGS)
    RAND         = (none)


 Please send feedbacks and/or the results of this run to:

 NPB Development Team 
 Internet: npb@nas.nasa.gov




 NAS Parallel Benchmarks 3.4 -- SP Benchmark

 No input file inputsp.data. Using compiled defaults
 Size:  408x 408x 408  (class D)
 Iterations:  500    dt:   0.0003000
 Total number of processes:   144

 Time step    1
 Time step   20
 Time step   40
 Time step   60
 Time step   80
 Time step  100
 Time step  120
 Time step  140
 Time step  160
 Time step  180
 Time step  200
 Time step  220
 Time step  240
 Time step  260
 Time step  280
 Time step  300
 Time step  320
 Time step  340
 Time step  360
 Time step  380
 Time step  400
 Time step  420
 Time step  440
 Time step  460
 Time step  480
 Time step  500
 Verification being performed for class D
 accuracy setting for epsilon =  0.1000000000000E-07
 Comparison of RMS-norms of residual
           1 0.1044696216887E+05 0.1044696216887E+05 0.1883941477745E-12
           2 0.3204427762578E+04 0.3204427762578E+04 0.1487239716540E-12
           3 0.4648680733032E+04 0.4648680733032E+04 0.8999705224813E-14
           4 0.4238923283697E+04 0.4238923283697E+04 0.7252058804215E-13
           5 0.7588412036136E+04 0.7588412036136E+04 0.3236033682796E-13
 Comparison of RMS-norms of solution error
           1 0.5089471423669E+01 0.5089471423669E+01 0.8568583410149E-13
           2 0.5323514855894E+00 0.5323514855894E+00 0.8800841719698E-13
           3 0.1187051008971E+01 0.1187051008971E+01 0.4165729454177E-12
           4 0.1083734951938E+01 0.1083734951938E+01 0.9219973208171E-14
           5 0.1164108338568E+02 0.1164108338568E+02 0.2075275317206E-13
 Verification Successful


 SP Benchmark Completed.
 Class           =                        D
 Size            =            408x 408x 408
 Iterations      =                      500
 Time in seconds =                   806.17
 Total processes =                      144
 Active procs    =                      144
 Mop/s total     =                 36637.62
 Mop/s/process   =                   254.43
 Operation type  =           floating point
 Verification    =               SUCCESSFUL
 Version         =                      3.4
 Compile date    =              22 Nov 2019

 Compile options:
    MPIFC        = mpifort
    FLINK        = $(MPIFC)
    FMPI_LIB     = (none)
    FMPI_INC     = (none)
    FFLAGS       = -O3
    FLINKFLAGS   = $(FFLAGS)
    RAND         = (none)


 Please send feedbacks and/or the results of this run to:

 NPB Development Team 
 Internet: npb@nas.nasa.gov




 NAS Parallel Benchmarks 3.4 -- SP Benchmark

 No input file inputsp.data. Using compiled defaults
 Size:  408x 408x 408  (class D)
 Iterations:  500    dt:   0.0003000
 Total number of processes:   144

 Time step    1
 Time step   20
 Time step   40
 Time step   60
 Time step   80
 Time step  100
 Time step  120
 Time step  140
 Time step  160
 Time step  180
 Time step  200
 Time step  220
 Time step  240
 Time step  260
 Time step  280
 Time step  300
 Time step  320
 Time step  340
 Time step  360
 Time step  380
 Time step  400
 Time step  420
 Time step  440
 Time step  460
 Time step  480
 Time step  500
 Verification being performed for class D
 accuracy setting for epsilon =  0.1000000000000E-07
 Comparison of RMS-norms of residual
           1 0.1044696216887E+05 0.1044696216887E+05 0.1883941477745E-12
           2 0.3204427762578E+04 0.3204427762578E+04 0.1487239716540E-12
           3 0.4648680733032E+04 0.4648680733032E+04 0.8999705224813E-14
           4 0.4238923283697E+04 0.4238923283697E+04 0.7252058804215E-13
           5 0.7588412036136E+04 0.7588412036136E+04 0.3236033682796E-13
 Comparison of RMS-norms of solution error
           1 0.5089471423669E+01 0.5089471423669E+01 0.8568583410149E-13
           2 0.5323514855894E+00 0.5323514855894E+00 0.8800841719698E-13
           3 0.1187051008971E+01 0.1187051008971E+01 0.4165729454177E-12
           4 0.1083734951938E+01 0.1083734951938E+01 0.9219973208171E-14
           5 0.1164108338568E+02 0.1164108338568E+02 0.2075275317206E-13
 Verification Successful


 SP Benchmark Completed.
 Class           =                        D
 Size            =            408x 408x 408
 Iterations      =                      500
 Time in seconds =                   804.22
 Total processes =                      144
 Active procs    =                      144
 Mop/s total     =                 36726.30
 Mop/s/process   =                   255.04
 Operation type  =           floating point
 Verification    =               SUCCESSFUL
 Version         =                      3.4
 Compile date    =              22 Nov 2019

 Compile options:
    MPIFC        = mpifort
    FLINK        = $(MPIFC)
    FMPI_LIB     = (none)
    FMPI_INC     = (none)
    FFLAGS       = -O3
    FLINKFLAGS   = $(FFLAGS)
    RAND         = (none)


 Please send feedbacks and/or the results of this run to:

 NPB Development Team 
 Internet: npb@nas.nasa.gov




 NAS Parallel Benchmarks 3.4 -- SP Benchmark

 No input file inputsp.data. Using compiled defaults
 Size:  408x 408x 408  (class D)
 Iterations:  500    dt:   0.0003000
 Total number of processes:   144

 Time step    1
 Time step   20
 Time step   40
 Time step   60
 Time step   80
 Time step  100
 Time step  120
 Time step  140
 Time step  160
 Time step  180
 Time step  200
 Time step  220
 Time step  240
 Time step  260
 Time step  280
 Time step  300
 Time step  320
 Time step  340
 Time step  360
 Time step  380
 Time step  400
 Time step  420
 Time step  440
 Time step  460
 Time step  480
 Time step  500
 Verification being performed for class D
 accuracy setting for epsilon =  0.1000000000000E-07
 Comparison of RMS-norms of residual
           1 0.1044696216887E+05 0.1044696216887E+05 0.1883941477745E-12
           2 0.3204427762578E+04 0.3204427762578E+04 0.1487239716540E-12
           3 0.4648680733032E+04 0.4648680733032E+04 0.8999705224813E-14
           4 0.4238923283697E+04 0.4238923283697E+04 0.7252058804215E-13
           5 0.7588412036136E+04 0.7588412036136E+04 0.3236033682796E-13
 Comparison of RMS-norms of solution error
           1 0.5089471423669E+01 0.5089471423669E+01 0.8568583410149E-13
           2 0.5323514855894E+00 0.5323514855894E+00 0.8800841719698E-13
           3 0.1187051008971E+01 0.1187051008971E+01 0.4165729454177E-12
           4 0.1083734951938E+01 0.1083734951938E+01 0.9219973208171E-14
           5 0.1164108338568E+02 0.1164108338568E+02 0.2075275317206E-13
 Verification Successful


 SP Benchmark Completed.
 Class           =                        D
 Size            =            408x 408x 408
 Iterations      =                      500
 Time in seconds =                   802.07
 Total processes =                      144
 Active procs    =                      144
 Mop/s total     =                 36824.53
 Mop/s/process   =                   255.73
 Operation type  =           floating point
 Verification    =               SUCCESSFUL
 Version         =                      3.4
 Compile date    =              22 Nov 2019

 Compile options:
    MPIFC        = mpifort
    FLINK        = $(MPIFC)
    FMPI_LIB     = (none)
    FMPI_INC     = (none)
    FFLAGS       = -O3
    FLINKFLAGS   = $(FFLAGS)
    RAND         = (none)


 Please send feedbacks and/or the results of this run to:

 NPB Development Team 
 Internet: npb@nas.nasa.gov




 NAS Parallel Benchmarks 3.4 -- SP Benchmark

 No input file inputsp.data. Using compiled defaults
 Size:  408x 408x 408  (class D)
 Iterations:  500    dt:   0.0003000
 Total number of processes:   144

 Time step    1
 Time step   20
 Time step   40
 Time step   60
 Time step   80
 Time step  100
 Time step  120
 Time step  140
 Time step  160
 Time step  180
 Time step  200
 Time step  220
 Time step  240
 Time step  260
 Time step  280
 Time step  300
 Time step  320
 Time step  340
 Time step  360
 Time step  380
 Time step  400
 Time step  420
 Time step  440
 Time step  460
 Time step  480
 Time step  500
 Verification being performed for class D
 accuracy setting for epsilon =  0.1000000000000E-07
 Comparison of RMS-norms of residual
           1 0.1044696216887E+05 0.1044696216887E+05 0.1883941477745E-12
           2 0.3204427762578E+04 0.3204427762578E+04 0.1487239716540E-12
           3 0.4648680733032E+04 0.4648680733032E+04 0.8999705224813E-14
           4 0.4238923283697E+04 0.4238923283697E+04 0.7252058804215E-13
           5 0.7588412036136E+04 0.7588412036136E+04 0.3236033682796E-13
 Comparison of RMS-norms of solution error
           1 0.5089471423669E+01 0.5089471423669E+01 0.8568583410149E-13
           2 0.5323514855894E+00 0.5323514855894E+00 0.8800841719698E-13
           3 0.1187051008971E+01 0.1187051008971E+01 0.4165729454177E-12
           4 0.1083734951938E+01 0.1083734951938E+01 0.9219973208171E-14
           5 0.1164108338568E+02 0.1164108338568E+02 0.2075275317206E-13
 Verification Successful


 SP Benchmark Completed.
 Class           =                        D
 Size            =            408x 408x 408
 Iterations      =                      500
 Time in seconds =                   803.41
 Total processes =                      144
 Active procs    =                      144
 Mop/s total     =                 36763.23
 Mop/s/process   =                   255.30
 Operation type  =           floating point
 Verification    =               SUCCESSFUL
 Version         =                      3.4
 Compile date    =              22 Nov 2019

 Compile options:
    MPIFC        = mpifort
    FLINK        = $(MPIFC)
    FMPI_LIB     = (none)
    FMPI_INC     = (none)
    FFLAGS       = -O3
    FLINKFLAGS   = $(FFLAGS)
    RAND         = (none)


 Please send feedbacks and/or the results of this run to:

 NPB Development Team 
 Internet: npb@nas.nasa.gov


./SH/experiments_exec.sh: line 150: mpiexec: command not found
./SH/experiments_exec.sh: line 150: mpiexec: command not found
./SH/experiments_exec.sh: line 150: mpiexec: command not found
./SH/experiments_exec.sh: line 150: mpiexec: command not found
./SH/experiments_exec.sh: line 150: mpiexec: command not found
./SH/experiments_exec.sh: line 150: mpiexec: command not found
./SH/experiments_exec.sh: line 150: mpiexec: command not found
./SH/experiments_exec.sh: line 150: mpiexec: command not found
./SH/experiments_exec.sh: line 150: mpiexec: command not found
./SH/experiments_exec.sh: line 150: mpiexec: command not found
./SH/experiments_exec.sh: line 150: mpiexec: command not found
./SH/experiments_exec.sh: line 150: mpiexec: command not found
./SH/experiments_exec.sh: line 150: mpiexec: command not found
./SH/experiments_exec.sh: line 150: mpiexec: command not found


 NAS Parallel Benchmarks 3.4 -- SP Benchmark

 No input file inputsp.data. Using compiled defaults
 Size:  408x 408x 408  (class D)
 Iterations:  500    dt:   0.0003000
 Total number of processes:   144

 Time step    1
 Time step   20
 Time step   40
 Time step   60
 Time step   80
 Time step  100
 Time step  120
 Time step  140
 Time step  160
 Time step  180
 Time step  200
 Time step  220
 Time step  240
 Time step  260
 Time step  280
 Time step  300
 Time step  320
 Time step  340
 Time step  360
 Time step  380
 Time step  400
 Time step  420
 Time step  440
 Time step  460
 Time step  480
 Time step  500
 Verification being performed for class D
 accuracy setting for epsilon =  0.1000000000000E-07
 Comparison of RMS-norms of residual
           1 0.1044696216887E+05 0.1044696216887E+05 0.1883941477745E-12
           2 0.3204427762578E+04 0.3204427762578E+04 0.1487239716540E-12
           3 0.4648680733032E+04 0.4648680733032E+04 0.8999705224813E-14
           4 0.4238923283697E+04 0.4238923283697E+04 0.7252058804215E-13
           5 0.7588412036136E+04 0.7588412036136E+04 0.3236033682796E-13
 Comparison of RMS-norms of solution error
           1 0.5089471423669E+01 0.5089471423669E+01 0.8568583410149E-13
           2 0.5323514855894E+00 0.5323514855894E+00 0.8800841719698E-13
           3 0.1187051008971E+01 0.1187051008971E+01 0.4165729454177E-12
           4 0.1083734951938E+01 0.1083734951938E+01 0.9219973208171E-14
           5 0.1164108338568E+02 0.1164108338568E+02 0.2075275317206E-13
 Verification Successful


 SP Benchmark Completed.
 Class           =                        D
 Size            =            408x 408x 408
 Iterations      =                      500
 Time in seconds =                   802.73
 Total processes =                      144
 Active procs    =                      144
 Mop/s total     =                 36794.36
 Mop/s/process   =                   255.52
 Operation type  =           floating point
 Verification    =               SUCCESSFUL
 Version         =                      3.4
 Compile date    =              22 Nov 2019

 Compile options:
    MPIFC        = mpifort
    FLINK        = $(MPIFC)
    FMPI_LIB     = (none)
    FMPI_INC     = (none)
    FFLAGS       = -O3
    FLINKFLAGS   = $(FFLAGS)
    RAND         = (none)


 Please send feedbacks and/or the results of this run to:

 NPB Development Team 
 Internet: npb@nas.nasa.gov




 NAS Parallel Benchmarks 3.4 -- SP Benchmark

 No input file inputsp.data. Using compiled defaults
 Size:  408x 408x 408  (class D)
 Iterations:  500    dt:   0.0003000
 Total number of processes:   144

 Time step    1
 Time step   20
 Time step   40
 Time step   60
 Time step   80
 Time step  100
 Time step  120
 Time step  140
 Time step  160
 Time step  180
 Time step  200
 Time step  220
 Time step  240
 Time step  260
 Time step  280
 Time step  300
 Time step  320
 Time step  340
 Time step  360
 Time step  380
 Time step  400
 Time step  420
 Time step  440
 Time step  460
 Time step  480
 Time step  500
 Verification being performed for class D
 accuracy setting for epsilon =  0.1000000000000E-07
 Comparison of RMS-norms of residual
           1 0.1044696216887E+05 0.1044696216887E+05 0.1883941477745E-12
           2 0.3204427762578E+04 0.3204427762578E+04 0.1487239716540E-12
           3 0.4648680733032E+04 0.4648680733032E+04 0.8999705224813E-14
           4 0.4238923283697E+04 0.4238923283697E+04 0.7252058804215E-13
           5 0.7588412036136E+04 0.7588412036136E+04 0.3236033682796E-13
 Comparison of RMS-norms of solution error
           1 0.5089471423669E+01 0.5089471423669E+01 0.8568583410149E-13
           2 0.5323514855894E+00 0.5323514855894E+00 0.8800841719698E-13
           3 0.1187051008971E+01 0.1187051008971E+01 0.4165729454177E-12
           4 0.1083734951938E+01 0.1083734951938E+01 0.9219973208171E-14
           5 0.1164108338568E+02 0.1164108338568E+02 0.2075275317206E-13
 Verification Successful


 SP Benchmark Completed.
 Class           =                        D
 Size            =            408x 408x 408
 Iterations      =                      500
 Time in seconds =                   801.16
 Total processes =                      144
 Active procs    =                      144
 Mop/s total     =                 36866.40
 Mop/s/process   =                   256.02
 Operation type  =           floating point
 Verification    =               SUCCESSFUL
 Version         =                      3.4
 Compile date    =              22 Nov 2019

 Compile options:
    MPIFC        = mpifort
    FLINK        = $(MPIFC)
    FMPI_LIB     = (none)
    FMPI_INC     = (none)
    FFLAGS       = -O3
    FLINKFLAGS   = $(FFLAGS)
    RAND         = (none)


 Please send feedbacks and/or the results of this run to:

 NPB Development Team 
 Internet: npb@nas.nasa.gov




 NAS Parallel Benchmarks 3.4 -- SP Benchmark

 No input file inputsp.data. Using compiled defaults
 Size:  408x 408x 408  (class D)
 Iterations:  500    dt:   0.0003000
 Total number of processes:   144

 Time step    1
 Time step   20
 Time step   40
 Time step   60
 Time step   80
 Time step  100
 Time step  120
 Time step  140
 Time step  160
 Time step  180
 Time step  200
 Time step  220
 Time step  240
 Time step  260
 Time step  280
 Time step  300
 Time step  320
 Time step  340
 Time step  360
 Time step  380
 Time step  400
 Time step  420
 Time step  440
 Time step  460
 Time step  480
 Time step  500
 Verification being performed for class D
 accuracy setting for epsilon =  0.1000000000000E-07
 Comparison of RMS-norms of residual
           1 0.1044696216887E+05 0.1044696216887E+05 0.1883941477745E-12
           2 0.3204427762578E+04 0.3204427762578E+04 0.1487239716540E-12
           3 0.4648680733032E+04 0.4648680733032E+04 0.8999705224813E-14
           4 0.4238923283697E+04 0.4238923283697E+04 0.7252058804215E-13
           5 0.7588412036136E+04 0.7588412036136E+04 0.3236033682796E-13
 Comparison of RMS-norms of solution error
           1 0.5089471423669E+01 0.5089471423669E+01 0.8568583410149E-13
           2 0.5323514855894E+00 0.5323514855894E+00 0.8800841719698E-13
           3 0.1187051008971E+01 0.1187051008971E+01 0.4165729454177E-12
           4 0.1083734951938E+01 0.1083734951938E+01 0.9219973208171E-14
           5 0.1164108338568E+02 0.1164108338568E+02 0.2075275317206E-13
 Verification Successful


 SP Benchmark Completed.
 Class           =                        D
 Size            =            408x 408x 408
 Iterations      =                      500
 Time in seconds =                   800.56
 Total processes =                      144
 Active procs    =                      144
 Mop/s total     =                 36893.97
 Mop/s/process   =                   256.21
 Operation type  =           floating point
 Verification    =               SUCCESSFUL
 Version         =                      3.4
 Compile date    =              22 Nov 2019

 Compile options:
    MPIFC        = mpifort
    FLINK        = $(MPIFC)
    FMPI_LIB     = (none)
    FMPI_INC     = (none)
    FFLAGS       = -O3
    FLINKFLAGS   = $(FFLAGS)
    RAND         = (none)


 Please send feedbacks and/or the results of this run to:

 NPB Development Team 
 Internet: npb@nas.nasa.gov




 NAS Parallel Benchmarks 3.4 -- SP Benchmark

 No input file inputsp.data. Using compiled defaults
 Size:  408x 408x 408  (class D)
 Iterations:  500    dt:   0.0003000
 Total number of processes:   144

 Time step    1
 Time step   20
 Time step   40
 Time step   60
 Time step   80
 Time step  100
 Time step  120
 Time step  140
 Time step  160
 Time step  180
 Time step  200
 Time step  220
 Time step  240
 Time step  260
 Time step  280
 Time step  300
 Time step  320
 Time step  340
 Time step  360
 Time step  380
 Time step  400
 Time step  420
 Time step  440
 Time step  460
 Time step  480
 Time step  500
 Verification being performed for class D
 accuracy setting for epsilon =  0.1000000000000E-07
 Comparison of RMS-norms of residual
           1 0.1044696216887E+05 0.1044696216887E+05 0.1883941477745E-12
           2 0.3204427762578E+04 0.3204427762578E+04 0.1487239716540E-12
           3 0.4648680733032E+04 0.4648680733032E+04 0.8999705224813E-14
           4 0.4238923283697E+04 0.4238923283697E+04 0.7252058804215E-13
           5 0.7588412036136E+04 0.7588412036136E+04 0.3236033682796E-13
 Comparison of RMS-norms of solution error
           1 0.5089471423669E+01 0.5089471423669E+01 0.8568583410149E-13
           2 0.5323514855894E+00 0.5323514855894E+00 0.8800841719698E-13
           3 0.1187051008971E+01 0.1187051008971E+01 0.4165729454177E-12
           4 0.1083734951938E+01 0.1083734951938E+01 0.9219973208171E-14
           5 0.1164108338568E+02 0.1164108338568E+02 0.2075275317206E-13
 Verification Successful


 SP Benchmark Completed.
 Class           =                        D
 Size            =            408x 408x 408
 Iterations      =                      500
 Time in seconds =                   800.28
 Total processes =                      144
 Active procs    =                      144
 Mop/s total     =                 36907.18
 Mop/s/process   =                   256.30
 Operation type  =           floating point
 Verification    =               SUCCESSFUL
 Version         =                      3.4
 Compile date    =              22 Nov 2019

 Compile options:
    MPIFC        = mpifort
    FLINK        = $(MPIFC)
    FMPI_LIB     = (none)
    FMPI_INC     = (none)
    FFLAGS       = -O3
    FLINKFLAGS   = $(FFLAGS)
    RAND         = (none)


 Please send feedbacks and/or the results of this run to:

 NPB Development Team 
 Internet: npb@nas.nasa.gov




 NAS Parallel Benchmarks 3.4 -- SP Benchmark

 No input file inputsp.data. Using compiled defaults
 Size:  408x 408x 408  (class D)
 Iterations:  500    dt:   0.0003000
 Total number of processes:   144

 Time step    1
 Time step   20
 Time step   40
 Time step   60
 Time step   80
 Time step  100
 Time step  120
 Time step  140
 Time step  160
 Time step  180
 Time step  200
 Time step  220
 Time step  240
 Time step  260
 Time step  280
 Time step  300
 Time step  320
 Time step  340
 Time step  360
 Time step  380
 Time step  400
 Time step  420
 Time step  440
 Time step  460
 Time step  480
 Time step  500
 Verification being performed for class D
 accuracy setting for epsilon =  0.1000000000000E-07
 Comparison of RMS-norms of residual
           1 0.1044696216887E+05 0.1044696216887E+05 0.1883941477745E-12
           2 0.3204427762578E+04 0.3204427762578E+04 0.1487239716540E-12
           3 0.4648680733032E+04 0.4648680733032E+04 0.8999705224813E-14
           4 0.4238923283697E+04 0.4238923283697E+04 0.7252058804215E-13
           5 0.7588412036136E+04 0.7588412036136E+04 0.3236033682796E-13
 Comparison of RMS-norms of solution error
           1 0.5089471423669E+01 0.5089471423669E+01 0.8568583410149E-13
           2 0.5323514855894E+00 0.5323514855894E+00 0.8800841719698E-13
           3 0.1187051008971E+01 0.1187051008971E+01 0.4165729454177E-12
           4 0.1083734951938E+01 0.1083734951938E+01 0.9219973208171E-14
           5 0.1164108338568E+02 0.1164108338568E+02 0.2075275317206E-13
 Verification Successful


 SP Benchmark Completed.
 Class           =                        D
 Size            =            408x 408x 408
 Iterations      =                      500
 Time in seconds =                   797.92
 Total processes =                      144
 Active procs    =                      144
 Mop/s total     =                 37016.00
 Mop/s/process   =                   257.06
 Operation type  =           floating point
 Verification    =               SUCCESSFUL
 Version         =                      3.4
 Compile date    =              22 Nov 2019

 Compile options:
    MPIFC        = mpifort
    FLINK        = $(MPIFC)
    FMPI_LIB     = (none)
    FMPI_INC     = (none)
    FFLAGS       = -O3
    FLINKFLAGS   = $(FFLAGS)
    RAND         = (none)


 Please send feedbacks and/or the results of this run to:

 NPB Development Team 
 Internet: npb@nas.nasa.gov




 NAS Parallel Benchmarks 3.4 -- SP Benchmark

 No input file inputsp.data. Using compiled defaults
 Size:  408x 408x 408  (class D)
 Iterations:  500    dt:   0.0003000
 Total number of processes:   144

 Time step    1
 Time step   20
 Time step   40
 Time step   60
 Time step   80
 Time step  100
 Time step  120
 Time step  140
 Time step  160
 Time step  180
 Time step  200
 Time step  220
 Time step  240
 Time step  260
 Time step  280
 Time step  300
 Time step  320
 Time step  340
 Time step  360
 Time step  380
 Time step  400
 Time step  420
 Time step  440
 Time step  460
 Time step  480
 Time step  500
 Verification being performed for class D
 accuracy setting for epsilon =  0.1000000000000E-07
 Comparison of RMS-norms of residual
           1 0.1044696216887E+05 0.1044696216887E+05 0.1883941477745E-12
           2 0.3204427762578E+04 0.3204427762578E+04 0.1487239716540E-12
           3 0.4648680733032E+04 0.4648680733032E+04 0.8999705224813E-14
           4 0.4238923283697E+04 0.4238923283697E+04 0.7252058804215E-13
           5 0.7588412036136E+04 0.7588412036136E+04 0.3236033682796E-13
 Comparison of RMS-norms of solution error
           1 0.5089471423669E+01 0.5089471423669E+01 0.8568583410149E-13
           2 0.5323514855894E+00 0.5323514855894E+00 0.8800841719698E-13
           3 0.1187051008971E+01 0.1187051008971E+01 0.4165729454177E-12
           4 0.1083734951938E+01 0.1083734951938E+01 0.9219973208171E-14
           5 0.1164108338568E+02 0.1164108338568E+02 0.2075275317206E-13
 Verification Successful


 SP Benchmark Completed.
 Class           =                        D
 Size            =            408x 408x 408
 Iterations      =                      500
 Time in seconds =                   802.99
 Total processes =                      144
 Active procs    =                      144
 Mop/s total     =                 36782.70
 Mop/s/process   =                   255.44
 Operation type  =           floating point
 Verification    =               SUCCESSFUL
 Version         =                      3.4
 Compile date    =              22 Nov 2019

 Compile options:
    MPIFC        = mpifort
    FLINK        = $(MPIFC)
    FMPI_LIB     = (none)
    FMPI_INC     = (none)
    FFLAGS       = -O3
    FLINKFLAGS   = $(FFLAGS)
    RAND         = (none)


 Please send feedbacks and/or the results of this run to:

 NPB Development Team 
 Internet: npb@nas.nasa.gov




 NAS Parallel Benchmarks 3.4 -- SP Benchmark

 No input file inputsp.data. Using compiled defaults
 Size:  408x 408x 408  (class D)
 Iterations:  500    dt:   0.0003000
 Total number of processes:   144

 Time step    1
 Time step   20
 Time step   40
 Time step   60
 Time step   80
 Time step  100
 Time step  120
 Time step  140
 Time step  160
 Time step  180
 Time step  200
 Time step  220
 Time step  240
 Time step  260
 Time step  280
 Time step  300
 Time step  320
 Time step  340
 Time step  360
 Time step  380
 Time step  400
 Time step  420
 Time step  440
 Time step  460
 Time step  480
 Time step  500
 Verification being performed for class D
 accuracy setting for epsilon =  0.1000000000000E-07
 Comparison of RMS-norms of residual
           1 0.1044696216887E+05 0.1044696216887E+05 0.1883941477745E-12
           2 0.3204427762578E+04 0.3204427762578E+04 0.1487239716540E-12
           3 0.4648680733032E+04 0.4648680733032E+04 0.8999705224813E-14
           4 0.4238923283697E+04 0.4238923283697E+04 0.7252058804215E-13
           5 0.7588412036136E+04 0.7588412036136E+04 0.3236033682796E-13
 Comparison of RMS-norms of solution error
           1 0.5089471423669E+01 0.5089471423669E+01 0.8568583410149E-13
           2 0.5323514855894E+00 0.5323514855894E+00 0.8800841719698E-13
           3 0.1187051008971E+01 0.1187051008971E+01 0.4165729454177E-12
           4 0.1083734951938E+01 0.1083734951938E+01 0.9219973208171E-14
           5 0.1164108338568E+02 0.1164108338568E+02 0.2075275317206E-13
 Verification Successful


 SP Benchmark Completed.
 Class           =                        D
 Size            =            408x 408x 408
 Iterations      =                      500
 Time in seconds =                   798.77
 Total processes =                      144
 Active procs    =                      144
 Mop/s total     =                 36976.65
 Mop/s/process   =                   256.78
 Operation type  =           floating point
 Verification    =               SUCCESSFUL
 Version         =                      3.4
 Compile date    =              22 Nov 2019

 Compile options:
    MPIFC        = mpifort
    FLINK        = $(MPIFC)
    FMPI_LIB     = (none)
    FMPI_INC     = (none)
    FFLAGS       = -O3
    FLINKFLAGS   = $(FFLAGS)
    RAND         = (none)


 Please send feedbacks and/or the results of this run to:

 NPB Development Team 
 Internet: npb@nas.nasa.gov




 NAS Parallel Benchmarks 3.4 -- SP Benchmark

 No input file inputsp.data. Using compiled defaults
 Size:  408x 408x 408  (class D)
 Iterations:  500    dt:   0.0003000
 Total number of processes:   144

 Time step    1
 Time step   20
 Time step   40
 Time step   60
 Time step   80
 Time step  100
 Time step  120
 Time step  140
 Time step  160
 Time step  180
 Time step  200
 Time step  220
 Time step  240
 Time step  260
 Time step  280
 Time step  300
 Time step  320
 Time step  340
 Time step  360
 Time step  380
 Time step  400
 Time step  420
 Time step  440
 Time step  460
 Time step  480
 Time step  500
 Verification being performed for class D
 accuracy setting for epsilon =  0.1000000000000E-07
 Comparison of RMS-norms of residual
           1 0.1044696216887E+05 0.1044696216887E+05 0.1883941477745E-12
           2 0.3204427762578E+04 0.3204427762578E+04 0.1487239716540E-12
           3 0.4648680733032E+04 0.4648680733032E+04 0.8999705224813E-14
           4 0.4238923283697E+04 0.4238923283697E+04 0.7252058804215E-13
           5 0.7588412036136E+04 0.7588412036136E+04 0.3236033682796E-13
 Comparison of RMS-norms of solution error
           1 0.5089471423669E+01 0.5089471423669E+01 0.8568583410149E-13
           2 0.5323514855894E+00 0.5323514855894E+00 0.8800841719698E-13
           3 0.1187051008971E+01 0.1187051008971E+01 0.4165729454177E-12
           4 0.1083734951938E+01 0.1083734951938E+01 0.9219973208171E-14
           5 0.1164108338568E+02 0.1164108338568E+02 0.2075275317206E-13
 Verification Successful


 SP Benchmark Completed.
 Class           =                        D
 Size            =            408x 408x 408
 Iterations      =                      500
 Time in seconds =                   804.01
 Total processes =                      144
 Active procs    =                      144
 Mop/s total     =                 36735.93
 Mop/s/process   =                   255.11
 Operation type  =           floating point
 Verification    =               SUCCESSFUL
 Version         =                      3.4
 Compile date    =              22 Nov 2019

 Compile options:
    MPIFC        = mpifort
    FLINK        = $(MPIFC)
    FMPI_LIB     = (none)
    FMPI_INC     = (none)
    FFLAGS       = -O3
    FLINKFLAGS   = $(FFLAGS)
    RAND         = (none)


 Please send feedbacks and/or the results of this run to:

 NPB Development Team 
 Internet: npb@nas.nasa.gov




 NAS Parallel Benchmarks 3.4 -- SP Benchmark

 No input file inputsp.data. Using compiled defaults
 Size:  408x 408x 408  (class D)
 Iterations:  500    dt:   0.0003000
 Total number of processes:   144

 Time step    1
 Time step   20
 Time step   40
 Time step   60
 Time step   80
 Time step  100
 Time step  120
 Time step  140
 Time step  160
 Time step  180
 Time step  200
 Time step  220
 Time step  240
 Time step  260
 Time step  280
 Time step  300
 Time step  320
 Time step  340
 Time step  360
 Time step  380
 Time step  400
 Time step  420
 Time step  440
 Time step  460
 Time step  480
 Time step  500
 Verification being performed for class D
 accuracy setting for epsilon =  0.1000000000000E-07
 Comparison of RMS-norms of residual
           1 0.1044696216887E+05 0.1044696216887E+05 0.1883941477745E-12
           2 0.3204427762578E+04 0.3204427762578E+04 0.1487239716540E-12
           3 0.4648680733032E+04 0.4648680733032E+04 0.8999705224813E-14
           4 0.4238923283697E+04 0.4238923283697E+04 0.7252058804215E-13
           5 0.7588412036136E+04 0.7588412036136E+04 0.3236033682796E-13
 Comparison of RMS-norms of solution error
           1 0.5089471423669E+01 0.5089471423669E+01 0.8568583410149E-13
           2 0.5323514855894E+00 0.5323514855894E+00 0.8800841719698E-13
           3 0.1187051008971E+01 0.1187051008971E+01 0.4165729454177E-12
           4 0.1083734951938E+01 0.1083734951938E+01 0.9219973208171E-14
           5 0.1164108338568E+02 0.1164108338568E+02 0.2075275317206E-13
 Verification Successful


 SP Benchmark Completed.
 Class           =                        D
 Size            =            408x 408x 408
 Iterations      =                      500
 Time in seconds =                   799.72
 Total processes =                      144
 Active procs    =                      144
 Mop/s total     =                 36932.79
 Mop/s/process   =                   256.48
 Operation type  =           floating point
 Verification    =               SUCCESSFUL
 Version         =                      3.4
 Compile date    =              22 Nov 2019

 Compile options:
    MPIFC        = mpifort
    FLINK        = $(MPIFC)
    FMPI_LIB     = (none)
    FMPI_INC     = (none)
    FFLAGS       = -O3
    FLINKFLAGS   = $(FFLAGS)
    RAND         = (none)


 Please send feedbacks and/or the results of this run to:

 NPB Development Team 
 Internet: npb@nas.nasa.gov




 NAS Parallel Benchmarks 3.4 -- SP Benchmark

 No input file inputsp.data. Using compiled defaults
 Size:  408x 408x 408  (class D)
 Iterations:  500    dt:   0.0003000
 Total number of processes:   144

 Time step    1
 Time step   20
 Time step   40
 Time step   60
 Time step   80
 Time step  100
 Time step  120
 Time step  140
 Time step  160
 Time step  180
 Time step  200
 Time step  220
 Time step  240
 Time step  260
 Time step  280
 Time step  300
 Time step  320
 Time step  340
 Time step  360
 Time step  380
 Time step  400
 Time step  420
 Time step  440
 Time step  460
 Time step  480
 Time step  500
 Verification being performed for class D
 accuracy setting for epsilon =  0.1000000000000E-07
 Comparison of RMS-norms of residual
           1 0.1044696216887E+05 0.1044696216887E+05 0.1883941477745E-12
           2 0.3204427762578E+04 0.3204427762578E+04 0.1487239716540E-12
           3 0.4648680733032E+04 0.4648680733032E+04 0.8999705224813E-14
           4 0.4238923283697E+04 0.4238923283697E+04 0.7252058804215E-13
           5 0.7588412036136E+04 0.7588412036136E+04 0.3236033682796E-13
 Comparison of RMS-norms of solution error
           1 0.5089471423669E+01 0.5089471423669E+01 0.8568583410149E-13
           2 0.5323514855894E+00 0.5323514855894E+00 0.8800841719698E-13
           3 0.1187051008971E+01 0.1187051008971E+01 0.4165729454177E-12
           4 0.1083734951938E+01 0.1083734951938E+01 0.9219973208171E-14
           5 0.1164108338568E+02 0.1164108338568E+02 0.2075275317206E-13
 Verification Successful


 SP Benchmark Completed.
 Class           =                        D
 Size            =            408x 408x 408
 Iterations      =                      500
 Time in seconds =                   800.48
 Total processes =                      144
 Active procs    =                      144
 Mop/s total     =                 36897.74
 Mop/s/process   =                   256.23
 Operation type  =           floating point
 Verification    =               SUCCESSFUL
 Version         =                      3.4
 Compile date    =              22 Nov 2019

 Compile options:
    MPIFC        = mpifort
    FLINK        = $(MPIFC)
    FMPI_LIB     = (none)
    FMPI_INC     = (none)
    FFLAGS       = -O3
    FLINKFLAGS   = $(FFLAGS)
    RAND         = (none)


 Please send feedbacks and/or the results of this run to:

 NPB Development Team 
 Internet: npb@nas.nasa.gov




 NAS Parallel Benchmarks 3.4 -- SP Benchmark

 No input file inputsp.data. Using compiled defaults
 Size:  408x 408x 408  (class D)
 Iterations:  500    dt:   0.0003000
 Total number of processes:   144

 Time step    1
 Time step   20
 Time step   40
 Time step   60
 Time step   80
 Time step  100
 Time step  120
 Time step  140
 Time step  160
 Time step  180
 Time step  200
 Time step  220
 Time step  240
 Time step  260
 Time step  280
 Time step  300
 Time step  320
 Time step  340
 Time step  360
 Time step  380
 Time step  400
 Time step  420
 Time step  440
 Time step  460
 Time step  480
 Time step  500
 Verification being performed for class D
 accuracy setting for epsilon =  0.1000000000000E-07
 Comparison of RMS-norms of residual
           1 0.1044696216887E+05 0.1044696216887E+05 0.1883941477745E-12
           2 0.3204427762578E+04 0.3204427762578E+04 0.1487239716540E-12
           3 0.4648680733032E+04 0.4648680733032E+04 0.8999705224813E-14
           4 0.4238923283697E+04 0.4238923283697E+04 0.7252058804215E-13
           5 0.7588412036136E+04 0.7588412036136E+04 0.3236033682796E-13
 Comparison of RMS-norms of solution error
           1 0.5089471423669E+01 0.5089471423669E+01 0.8568583410149E-13
           2 0.5323514855894E+00 0.5323514855894E+00 0.8800841719698E-13
           3 0.1187051008971E+01 0.1187051008971E+01 0.4165729454177E-12
           4 0.1083734951938E+01 0.1083734951938E+01 0.9219973208171E-14
           5 0.1164108338568E+02 0.1164108338568E+02 0.2075275317206E-13
 Verification Successful


 SP Benchmark Completed.
 Class           =                        D
 Size            =            408x 408x 408
 Iterations      =                      500
 Time in seconds =                   807.29
 Total processes =                      144
 Active procs    =                      144
 Mop/s total     =                 36586.65
 Mop/s/process   =                   254.07
 Operation type  =           floating point
 Verification    =               SUCCESSFUL
 Version         =                      3.4
 Compile date    =              22 Nov 2019

 Compile options:
    MPIFC        = mpifort
    FLINK        = $(MPIFC)
    FMPI_LIB     = (none)
    FMPI_INC     = (none)
    FFLAGS       = -O3
    FLINKFLAGS   = $(FFLAGS)
    RAND         = (none)


 Please send feedbacks and/or the results of this run to:

 NPB Development Team 
 Internet: npb@nas.nasa.gov




 NAS Parallel Benchmarks 3.4 -- SP Benchmark

 No input file inputsp.data. Using compiled defaults
 Size:  408x 408x 408  (class D)
 Iterations:  500    dt:   0.0003000
 Total number of processes:   144

 Time step    1
 Time step   20
 Time step   40
 Time step   60
 Time step   80
 Time step  100
 Time step  120
 Time step  140
 Time step  160
 Time step  180
 Time step  200
 Time step  220
 Time step  240
 Time step  260
 Time step  280
 Time step  300
 Time step  320
 Time step  340
 Time step  360
 Time step  380
 Time step  400
 Time step  420
 Time step  440
 Time step  460
 Time step  480
 Time step  500
 Verification being performed for class D
 accuracy setting for epsilon =  0.1000000000000E-07
 Comparison of RMS-norms of residual
           1 0.1044696216887E+05 0.1044696216887E+05 0.1883941477745E-12
           2 0.3204427762578E+04 0.3204427762578E+04 0.1487239716540E-12
           3 0.4648680733032E+04 0.4648680733032E+04 0.8999705224813E-14
           4 0.4238923283697E+04 0.4238923283697E+04 0.7252058804215E-13
           5 0.7588412036136E+04 0.7588412036136E+04 0.3236033682796E-13
 Comparison of RMS-norms of solution error
           1 0.5089471423669E+01 0.5089471423669E+01 0.8568583410149E-13
           2 0.5323514855894E+00 0.5323514855894E+00 0.8800841719698E-13
           3 0.1187051008971E+01 0.1187051008971E+01 0.4165729454177E-12
           4 0.1083734951938E+01 0.1083734951938E+01 0.9219973208171E-14
           5 0.1164108338568E+02 0.1164108338568E+02 0.2075275317206E-13
 Verification Successful


 SP Benchmark Completed.
 Class           =                        D
 Size            =            408x 408x 408
 Iterations      =                      500
 Time in seconds =                   803.89
 Total processes =                      144
 Active procs    =                      144
 Mop/s total     =                 36741.52
 Mop/s/process   =                   255.15
 Operation type  =           floating point
 Verification    =               SUCCESSFUL
 Version         =                      3.4
 Compile date    =              22 Nov 2019

 Compile options:
    MPIFC        = mpifort
    FLINK        = $(MPIFC)
    FMPI_LIB     = (none)
    FMPI_INC     = (none)
    FFLAGS       = -O3
    FLINKFLAGS   = $(FFLAGS)
    RAND         = (none)


 Please send feedbacks and/or the results of this run to:

 NPB Development Team 
 Internet: npb@nas.nasa.gov




 NAS Parallel Benchmarks 3.4 -- SP Benchmark

 No input file inputsp.data. Using compiled defaults
 Size:  408x 408x 408  (class D)
 Iterations:  500    dt:   0.0003000
 Total number of processes:   144

 Time step    1
 Time step   20
 Time step   40
 Time step   60
 Time step   80
 Time step  100
 Time step  120
 Time step  140
 Time step  160
 Time step  180
 Time step  200
 Time step  220
 Time step  240
 Time step  260
 Time step  280
 Time step  300
 Time step  320
 Time step  340
 Time step  360
 Time step  380
 Time step  400
 Time step  420
 Time step  440
 Time step  460
 Time step  480
 Time step  500
 Verification being performed for class D
 accuracy setting for epsilon =  0.1000000000000E-07
 Comparison of RMS-norms of residual
           1 0.1044696216887E+05 0.1044696216887E+05 0.1883941477745E-12
           2 0.3204427762578E+04 0.3204427762578E+04 0.1487239716540E-12
           3 0.4648680733032E+04 0.4648680733032E+04 0.8999705224813E-14
           4 0.4238923283697E+04 0.4238923283697E+04 0.7252058804215E-13
           5 0.7588412036136E+04 0.7588412036136E+04 0.3236033682796E-13
 Comparison of RMS-norms of solution error
           1 0.5089471423669E+01 0.5089471423669E+01 0.8568583410149E-13
           2 0.5323514855894E+00 0.5323514855894E+00 0.8800841719698E-13
           3 0.1187051008971E+01 0.1187051008971E+01 0.4165729454177E-12
           4 0.1083734951938E+01 0.1083734951938E+01 0.9219973208171E-14
           5 0.1164108338568E+02 0.1164108338568E+02 0.2075275317206E-13
 Verification Successful


 SP Benchmark Completed.
 Class           =                        D
 Size            =            408x 408x 408
 Iterations      =                      500
 Time in seconds =                   801.61
 Total processes =                      144
 Active procs    =                      144
 Mop/s total     =                 36845.62
 Mop/s/process   =                   255.87
 Operation type  =           floating point
 Verification    =               SUCCESSFUL
 Version         =                      3.4
 Compile date    =              22 Nov 2019

 Compile options:
    MPIFC        = mpifort
    FLINK        = $(MPIFC)
    FMPI_LIB     = (none)
    FMPI_INC     = (none)
    FFLAGS       = -O3
    FLINKFLAGS   = $(FFLAGS)
    RAND         = (none)


 Please send feedbacks and/or the results of this run to:

 NPB Development Team 
 Internet: npb@nas.nasa.gov




 NAS Parallel Benchmarks 3.4 -- SP Benchmark

 No input file inputsp.data. Using compiled defaults
 Size:  408x 408x 408  (class D)
 Iterations:  500    dt:   0.0003000
 Total number of processes:   144

 Time step    1
 Time step   20
 Time step   40
 Time step   60
 Time step   80
 Time step  100
 Time step  120
 Time step  140
 Time step  160
 Time step  180
 Time step  200
 Time step  220
 Time step  240
 Time step  260
 Time step  280
 Time step  300
 Time step  320
 Time step  340
 Time step  360
 Time step  380
 Time step  400
 Time step  420
 Time step  440
 Time step  460
 Time step  480
 Time step  500
 Verification being performed for class D
 accuracy setting for epsilon =  0.1000000000000E-07
 Comparison of RMS-norms of residual
           1 0.1044696216887E+05 0.1044696216887E+05 0.1883941477745E-12
           2 0.3204427762578E+04 0.3204427762578E+04 0.1487239716540E-12
           3 0.4648680733032E+04 0.4648680733032E+04 0.8999705224813E-14
           4 0.4238923283697E+04 0.4238923283697E+04 0.7252058804215E-13
           5 0.7588412036136E+04 0.7588412036136E+04 0.3236033682796E-13
 Comparison of RMS-norms of solution error
           1 0.5089471423669E+01 0.5089471423669E+01 0.8568583410149E-13
           2 0.5323514855894E+00 0.5323514855894E+00 0.8800841719698E-13
           3 0.1187051008971E+01 0.1187051008971E+01 0.4165729454177E-12
           4 0.1083734951938E+01 0.1083734951938E+01 0.9219973208171E-14
           5 0.1164108338568E+02 0.1164108338568E+02 0.2075275317206E-13
 Verification Successful


 SP Benchmark Completed.
 Class           =                        D
 Size            =            408x 408x 408
 Iterations      =                      500
 Time in seconds =                   800.25
 Total processes =                      144
 Active procs    =                      144
 Mop/s total     =                 36908.43
 Mop/s/process   =                   256.31
 Operation type  =           floating point
 Verification    =               SUCCESSFUL
 Version         =                      3.4
 Compile date    =              22 Nov 2019

 Compile options:
    MPIFC        = mpifort
    FLINK        = $(MPIFC)
    FMPI_LIB     = (none)
    FMPI_INC     = (none)
    FFLAGS       = -O3
    FLINKFLAGS   = $(FFLAGS)
    RAND         = (none)


 Please send feedbacks and/or the results of this run to:

 NPB Development Team 
 Internet: npb@nas.nasa.gov


