
 NAS Parallel Benchmarks 3.4 -- EP Benchmark

 Number of random numbers generated:    137438953472  (class D)
 Total number of processes:                      128

EP Benchmark Results:

CPU Time =   37.1176
N = 2^   36
No. Gaussian Pairs =   53972171957.
Sums =     1.982481200937991D+05   -1.020596636363627D+05
Counts:
  0   25154622775.
  1   24017899906.
  2    4508609839.
  3     284201296.
  4       6776403.
  5         61541.
  6           197.
  7             0.
  8             0.
  9             0.


 EP Benchmark Completed.
 Class           =                        D
 Size            =             137438953472
 Iterations      =                        0
 Time in seconds =                    37.12
 Total processes =                      128
 Active procs    =                      128
 Mop/s total     =                  3702.79
 Mop/s/process   =                    28.93
 Operation type  = Random numbers generated
 Verification    =               SUCCESSFUL
 Version         =                      3.4
 Compile date    =              22 Nov 2019

 Compile options:
    MPIFC        = mpifort
    FLINK        = $(MPIFC)
    FMPI_LIB     = (none)
    FMPI_INC     = (none)
    FFLAGS       = -O3
    FLINKFLAGS   = $(FFLAGS)
    RAND         = randi8


 Please send feedbacks and/or the results of this run to:

 NPB Development Team 
 Internet: npb@nas.nasa.gov



 NAS Parallel Benchmarks 3.4 -- EP Benchmark

 Number of random numbers generated:    137438953472  (class D)
 Total number of processes:                      128

EP Benchmark Results:

CPU Time =   37.2114
N = 2^   36
No. Gaussian Pairs =   53972171957.
Sums =     1.982481200937991D+05   -1.020596636363627D+05
Counts:
  0   25154622775.
  1   24017899906.
  2    4508609839.
  3     284201296.
  4       6776403.
  5         61541.
  6           197.
  7             0.
  8             0.
  9             0.


 EP Benchmark Completed.
 Class           =                        D
 Size            =             137438953472
 Iterations      =                        0
 Time in seconds =                    37.21
 Total processes =                      128
 Active procs    =                      128
 Mop/s total     =                  3693.47
 Mop/s/process   =                    28.86
 Operation type  = Random numbers generated
 Verification    =               SUCCESSFUL
 Version         =                      3.4
 Compile date    =              22 Nov 2019

 Compile options:
    MPIFC        = mpifort
    FLINK        = $(MPIFC)
    FMPI_LIB     = (none)
    FMPI_INC     = (none)
    FFLAGS       = -O3
    FLINKFLAGS   = $(FFLAGS)
    RAND         = randi8


 Please send feedbacks and/or the results of this run to:

 NPB Development Team 
 Internet: npb@nas.nasa.gov



 NAS Parallel Benchmarks 3.4 -- EP Benchmark

 Number of random numbers generated:    137438953472  (class D)
 Total number of processes:                      128

EP Benchmark Results:

CPU Time =   37.2311
N = 2^   36
No. Gaussian Pairs =   53972171957.
Sums =     1.982481200937991D+05   -1.020596636363627D+05
Counts:
  0   25154622775.
  1   24017899906.
  2    4508609839.
  3     284201296.
  4       6776403.
  5         61541.
  6           197.
  7             0.
  8             0.
  9             0.


 EP Benchmark Completed.
 Class           =                        D
 Size            =             137438953472
 Iterations      =                        0
 Time in seconds =                    37.23
 Total processes =                      128
 Active procs    =                      128
 Mop/s total     =                  3691.51
 Mop/s/process   =                    28.84
 Operation type  = Random numbers generated
 Verification    =               SUCCESSFUL
 Version         =                      3.4
 Compile date    =              22 Nov 2019

 Compile options:
    MPIFC        = mpifort
    FLINK        = $(MPIFC)
    FMPI_LIB     = (none)
    FMPI_INC     = (none)
    FFLAGS       = -O3
    FLINKFLAGS   = $(FFLAGS)
    RAND         = randi8


 Please send feedbacks and/or the results of this run to:

 NPB Development Team 
 Internet: npb@nas.nasa.gov



 NAS Parallel Benchmarks 3.4 -- EP Benchmark

 Number of random numbers generated:    137438953472  (class D)
 Total number of processes:                      128

EP Benchmark Results:

CPU Time =   37.1772
N = 2^   36
No. Gaussian Pairs =   53972171957.
Sums =     1.982481200937991D+05   -1.020596636363627D+05
Counts:
  0   25154622775.
  1   24017899906.
  2    4508609839.
  3     284201296.
  4       6776403.
  5         61541.
  6           197.
  7             0.
  8             0.
  9             0.


 EP Benchmark Completed.
 Class           =                        D
 Size            =             137438953472
 Iterations      =                        0
 Time in seconds =                    37.18
 Total processes =                      128
 Active procs    =                      128
 Mop/s total     =                  3696.86
 Mop/s/process   =                    28.88
 Operation type  = Random numbers generated
 Verification    =               SUCCESSFUL
 Version         =                      3.4
 Compile date    =              22 Nov 2019

 Compile options:
    MPIFC        = mpifort
    FLINK        = $(MPIFC)
    FMPI_LIB     = (none)
    FMPI_INC     = (none)
    FFLAGS       = -O3
    FLINKFLAGS   = $(FFLAGS)
    RAND         = randi8


 Please send feedbacks and/or the results of this run to:

 NPB Development Team 
 Internet: npb@nas.nasa.gov



 NAS Parallel Benchmarks 3.4 -- EP Benchmark

 Number of random numbers generated:    137438953472  (class D)
 Total number of processes:                      128

EP Benchmark Results:

CPU Time =   37.4444
N = 2^   36
No. Gaussian Pairs =   53972171957.
Sums =     1.982481200937991D+05   -1.020596636363627D+05
Counts:
  0   25154622775.
  1   24017899906.
  2    4508609839.
  3     284201296.
  4       6776403.
  5         61541.
  6           197.
  7             0.
  8             0.
  9             0.


 EP Benchmark Completed.
 Class           =                        D
 Size            =             137438953472
 Iterations      =                        0
 Time in seconds =                    37.44
 Total processes =                      128
 Active procs    =                      128
 Mop/s total     =                  3670.48
 Mop/s/process   =                    28.68
 Operation type  = Random numbers generated
 Verification    =               SUCCESSFUL
 Version         =                      3.4
 Compile date    =              22 Nov 2019

 Compile options:
    MPIFC        = mpifort
    FLINK        = $(MPIFC)
    FMPI_LIB     = (none)
    FMPI_INC     = (none)
    FFLAGS       = -O3
    FLINKFLAGS   = $(FFLAGS)
    RAND         = randi8


 Please send feedbacks and/or the results of this run to:

 NPB Development Team 
 Internet: npb@nas.nasa.gov



 NAS Parallel Benchmarks 3.4 -- EP Benchmark

 Number of random numbers generated:    137438953472  (class D)
 Total number of processes:                      128

EP Benchmark Results:

CPU Time =   37.1995
N = 2^   36
No. Gaussian Pairs =   53972171957.
Sums =     1.982481200937991D+05   -1.020596636363627D+05
Counts:
  0   25154622775.
  1   24017899906.
  2    4508609839.
  3     284201296.
  4       6776403.
  5         61541.
  6           197.
  7             0.
  8             0.
  9             0.


 EP Benchmark Completed.
 Class           =                        D
 Size            =             137438953472
 Iterations      =                        0
 Time in seconds =                    37.20
 Total processes =                      128
 Active procs    =                      128
 Mop/s total     =                  3694.65
 Mop/s/process   =                    28.86
 Operation type  = Random numbers generated
 Verification    =               SUCCESSFUL
 Version         =                      3.4
 Compile date    =              22 Nov 2019

 Compile options:
    MPIFC        = mpifort
    FLINK        = $(MPIFC)
    FMPI_LIB     = (none)
    FMPI_INC     = (none)
    FFLAGS       = -O3
    FLINKFLAGS   = $(FFLAGS)
    RAND         = randi8


 Please send feedbacks and/or the results of this run to:

 NPB Development Team 
 Internet: npb@nas.nasa.gov



 NAS Parallel Benchmarks 3.4 -- EP Benchmark

 Number of random numbers generated:    137438953472  (class D)
 Total number of processes:                      128

EP Benchmark Results:

CPU Time =   37.5723
N = 2^   36
No. Gaussian Pairs =   53972171957.
Sums =     1.982481200937991D+05   -1.020596636363627D+05
Counts:
  0   25154622775.
  1   24017899906.
  2    4508609839.
  3     284201296.
  4       6776403.
  5         61541.
  6           197.
  7             0.
  8             0.
  9             0.


 EP Benchmark Completed.
 Class           =                        D
 Size            =             137438953472
 Iterations      =                        0
 Time in seconds =                    37.57
 Total processes =                      128
 Active procs    =                      128
 Mop/s total     =                  3657.98
 Mop/s/process   =                    28.58
 Operation type  = Random numbers generated
 Verification    =               SUCCESSFUL
 Version         =                      3.4
 Compile date    =              22 Nov 2019

 Compile options:
    MPIFC        = mpifort
    FLINK        = $(MPIFC)
    FMPI_LIB     = (none)
    FMPI_INC     = (none)
    FFLAGS       = -O3
    FLINKFLAGS   = $(FFLAGS)
    RAND         = randi8


 Please send feedbacks and/or the results of this run to:

 NPB Development Team 
 Internet: npb@nas.nasa.gov



 NAS Parallel Benchmarks 3.4 -- EP Benchmark

 Number of random numbers generated:    137438953472  (class D)
 Total number of processes:                      128

EP Benchmark Results:

CPU Time =   37.3423
N = 2^   36
No. Gaussian Pairs =   53972171957.
Sums =     1.982481200937991D+05   -1.020596636363627D+05
Counts:
  0   25154622775.
  1   24017899906.
  2    4508609839.
  3     284201296.
  4       6776403.
  5         61541.
  6           197.
  7             0.
  8             0.
  9             0.


 EP Benchmark Completed.
 Class           =                        D
 Size            =             137438953472
 Iterations      =                        0
 Time in seconds =                    37.34
 Total processes =                      128
 Active procs    =                      128
 Mop/s total     =                  3680.51
 Mop/s/process   =                    28.75
 Operation type  = Random numbers generated
 Verification    =               SUCCESSFUL
 Version         =                      3.4
 Compile date    =              22 Nov 2019

 Compile options:
    MPIFC        = mpifort
    FLINK        = $(MPIFC)
    FMPI_LIB     = (none)
    FMPI_INC     = (none)
    FFLAGS       = -O3
    FLINKFLAGS   = $(FFLAGS)
    RAND         = randi8


 Please send feedbacks and/or the results of this run to:

 NPB Development Team 
 Internet: npb@nas.nasa.gov



 NAS Parallel Benchmarks 3.4 -- EP Benchmark

 Number of random numbers generated:    137438953472  (class D)
 Total number of processes:                      128

EP Benchmark Results:

CPU Time =   37.3156
N = 2^   36
No. Gaussian Pairs =   53972171957.
Sums =     1.982481200937991D+05   -1.020596636363627D+05
Counts:
  0   25154622775.
  1   24017899906.
  2    4508609839.
  3     284201296.
  4       6776403.
  5         61541.
  6           197.
  7             0.
  8             0.
  9             0.


 EP Benchmark Completed.
 Class           =                        D
 Size            =             137438953472
 Iterations      =                        0
 Time in seconds =                    37.32
 Total processes =                      128
 Active procs    =                      128
 Mop/s total     =                  3683.15
 Mop/s/process   =                    28.77
 Operation type  = Random numbers generated
 Verification    =               SUCCESSFUL
 Version         =                      3.4
 Compile date    =              22 Nov 2019

 Compile options:
    MPIFC        = mpifort
    FLINK        = $(MPIFC)
    FMPI_LIB     = (none)
    FMPI_INC     = (none)
    FFLAGS       = -O3
    FLINKFLAGS   = $(FFLAGS)
    RAND         = randi8


 Please send feedbacks and/or the results of this run to:

 NPB Development Team 
 Internet: npb@nas.nasa.gov



 NAS Parallel Benchmarks 3.4 -- EP Benchmark

 Number of random numbers generated:    137438953472  (class D)
 Total number of processes:                      128

EP Benchmark Results:

CPU Time =   37.3342
N = 2^   36
No. Gaussian Pairs =   53972171957.
Sums =     1.982481200937991D+05   -1.020596636363627D+05
Counts:
  0   25154622775.
  1   24017899906.
  2    4508609839.
  3     284201296.
  4       6776403.
  5         61541.
  6           197.
  7             0.
  8             0.
  9             0.


 EP Benchmark Completed.
 Class           =                        D
 Size            =             137438953472
 Iterations      =                        0
 Time in seconds =                    37.33
 Total processes =                      128
 Active procs    =                      128
 Mop/s total     =                  3681.31
 Mop/s/process   =                    28.76
 Operation type  = Random numbers generated
 Verification    =               SUCCESSFUL
 Version         =                      3.4
 Compile date    =              22 Nov 2019

 Compile options:
    MPIFC        = mpifort
    FLINK        = $(MPIFC)
    FMPI_LIB     = (none)
    FMPI_INC     = (none)
    FFLAGS       = -O3
    FLINKFLAGS   = $(FFLAGS)
    RAND         = randi8


 Please send feedbacks and/or the results of this run to:

 NPB Development Team 
 Internet: npb@nas.nasa.gov



 NAS Parallel Benchmarks 3.4 -- EP Benchmark

 Number of random numbers generated:    137438953472  (class D)
 Total number of processes:                      128

EP Benchmark Results:

CPU Time =   37.1846
N = 2^   36
No. Gaussian Pairs =   53972171957.
Sums =     1.982481200937991D+05   -1.020596636363627D+05
Counts:
  0   25154622775.
  1   24017899906.
  2    4508609839.
  3     284201296.
  4       6776403.
  5         61541.
  6           197.
  7             0.
  8             0.
  9             0.


 EP Benchmark Completed.
 Class           =                        D
 Size            =             137438953472
 Iterations      =                        0
 Time in seconds =                    37.18
 Total processes =                      128
 Active procs    =                      128
 Mop/s total     =                  3696.13
 Mop/s/process   =                    28.88
 Operation type  = Random numbers generated
 Verification    =               SUCCESSFUL
 Version         =                      3.4
 Compile date    =              22 Nov 2019

 Compile options:
    MPIFC        = mpifort
    FLINK        = $(MPIFC)
    FMPI_LIB     = (none)
    FMPI_INC     = (none)
    FFLAGS       = -O3
    FLINKFLAGS   = $(FFLAGS)
    RAND         = randi8


 Please send feedbacks and/or the results of this run to:

 NPB Development Team 
 Internet: npb@nas.nasa.gov



 NAS Parallel Benchmarks 3.4 -- EP Benchmark

 Number of random numbers generated:    137438953472  (class D)
 Total number of processes:                      128

EP Benchmark Results:

CPU Time =   37.7864
N = 2^   36
No. Gaussian Pairs =   53972171957.
Sums =     1.982481200937991D+05   -1.020596636363627D+05
Counts:
  0   25154622775.
  1   24017899906.
  2    4508609839.
  3     284201296.
  4       6776403.
  5         61541.
  6           197.
  7             0.
  8             0.
  9             0.


 EP Benchmark Completed.
 Class           =                        D
 Size            =             137438953472
 Iterations      =                        0
 Time in seconds =                    37.79
 Total processes =                      128
 Active procs    =                      128
 Mop/s total     =                  3637.26
 Mop/s/process   =                    28.42
 Operation type  = Random numbers generated
 Verification    =               SUCCESSFUL
 Version         =                      3.4
 Compile date    =              22 Nov 2019

 Compile options:
    MPIFC        = mpifort
    FLINK        = $(MPIFC)
    FMPI_LIB     = (none)
    FMPI_INC     = (none)
    FFLAGS       = -O3
    FLINKFLAGS   = $(FFLAGS)
    RAND         = randi8


 Please send feedbacks and/or the results of this run to:

 NPB Development Team 
 Internet: npb@nas.nasa.gov



 NAS Parallel Benchmarks 3.4 -- EP Benchmark

 Number of random numbers generated:    137438953472  (class D)
 Total number of processes:                      128

EP Benchmark Results:

CPU Time =   37.0790
N = 2^   36
No. Gaussian Pairs =   53972171957.
Sums =     1.982481200937991D+05   -1.020596636363627D+05
Counts:
  0   25154622775.
  1   24017899906.
  2    4508609839.
  3     284201296.
  4       6776403.
  5         61541.
  6           197.
  7             0.
  8             0.
  9             0.


 EP Benchmark Completed.
 Class           =                        D
 Size            =             137438953472
 Iterations      =                        0
 Time in seconds =                    37.08
 Total processes =                      128
 Active procs    =                      128
 Mop/s total     =                  3706.65
 Mop/s/process   =                    28.96
 Operation type  = Random numbers generated
 Verification    =               SUCCESSFUL
 Version         =                      3.4
 Compile date    =              22 Nov 2019

 Compile options:
    MPIFC        = mpifort
    FLINK        = $(MPIFC)
    FMPI_LIB     = (none)
    FMPI_INC     = (none)
    FFLAGS       = -O3
    FLINKFLAGS   = $(FFLAGS)
    RAND         = randi8


 Please send feedbacks and/or the results of this run to:

 NPB Development Team 
 Internet: npb@nas.nasa.gov



 NAS Parallel Benchmarks 3.4 -- EP Benchmark

 Number of random numbers generated:    137438953472  (class D)
 Total number of processes:                      128

EP Benchmark Results:

CPU Time =   37.1073
N = 2^   36
No. Gaussian Pairs =   53972171957.
Sums =     1.982481200937991D+05   -1.020596636363627D+05
Counts:
  0   25154622775.
  1   24017899906.
  2    4508609839.
  3     284201296.
  4       6776403.
  5         61541.
  6           197.
  7             0.
  8             0.
  9             0.


 EP Benchmark Completed.
 Class           =                        D
 Size            =             137438953472
 Iterations      =                        0
 Time in seconds =                    37.11
 Total processes =                      128
 Active procs    =                      128
 Mop/s total     =                  3703.83
 Mop/s/process   =                    28.94
 Operation type  = Random numbers generated
 Verification    =               SUCCESSFUL
 Version         =                      3.4
 Compile date    =              22 Nov 2019

 Compile options:
    MPIFC        = mpifort
    FLINK        = $(MPIFC)
    FMPI_LIB     = (none)
    FMPI_INC     = (none)
    FFLAGS       = -O3
    FLINKFLAGS   = $(FFLAGS)
    RAND         = randi8


 Please send feedbacks and/or the results of this run to:

 NPB Development Team 
 Internet: npb@nas.nasa.gov



 NAS Parallel Benchmarks 3.4 -- EP Benchmark

 Number of random numbers generated:    137438953472  (class D)
 Total number of processes:                      128

EP Benchmark Results:

CPU Time =   38.9212
N = 2^   36
No. Gaussian Pairs =   53972171957.
Sums =     1.982481200937991D+05   -1.020596636363627D+05
Counts:
  0   25154622775.
  1   24017899906.
  2    4508609839.
  3     284201296.
  4       6776403.
  5         61541.
  6           197.
  7             0.
  8             0.
  9             0.


 EP Benchmark Completed.
 Class           =                        D
 Size            =             137438953472
 Iterations      =                        0
 Time in seconds =                    38.92
 Total processes =                      128
 Active procs    =                      128
 Mop/s total     =                  3531.21
 Mop/s/process   =                    27.59
 Operation type  = Random numbers generated
 Verification    =               SUCCESSFUL
 Version         =                      3.4
 Compile date    =              22 Nov 2019

 Compile options:
    MPIFC        = mpifort
    FLINK        = $(MPIFC)
    FMPI_LIB     = (none)
    FMPI_INC     = (none)
    FFLAGS       = -O3
    FLINKFLAGS   = $(FFLAGS)
    RAND         = randi8


 Please send feedbacks and/or the results of this run to:

 NPB Development Team 
 Internet: npb@nas.nasa.gov



 NAS Parallel Benchmarks 3.4 -- EP Benchmark

 Number of random numbers generated:    137438953472  (class D)
 Total number of processes:                      128

EP Benchmark Results:

CPU Time =   37.3437
N = 2^   36
No. Gaussian Pairs =   53972171957.
Sums =     1.982481200937991D+05   -1.020596636363627D+05
Counts:
  0   25154622775.
  1   24017899906.
  2    4508609839.
  3     284201296.
  4       6776403.
  5         61541.
  6           197.
  7             0.
  8             0.
  9             0.


 EP Benchmark Completed.
 Class           =                        D
 Size            =             137438953472
 Iterations      =                        0
 Time in seconds =                    37.34
 Total processes =                      128
 Active procs    =                      128
 Mop/s total     =                  3680.38
 Mop/s/process   =                    28.75
 Operation type  = Random numbers generated
 Verification    =               SUCCESSFUL
 Version         =                      3.4
 Compile date    =              22 Nov 2019

 Compile options:
    MPIFC        = mpifort
    FLINK        = $(MPIFC)
    FMPI_LIB     = (none)
    FMPI_INC     = (none)
    FFLAGS       = -O3
    FLINKFLAGS   = $(FFLAGS)
    RAND         = randi8


 Please send feedbacks and/or the results of this run to:

 NPB Development Team 
 Internet: npb@nas.nasa.gov



 NAS Parallel Benchmarks 3.4 -- EP Benchmark

 Number of random numbers generated:    137438953472  (class D)
 Total number of processes:                      128

EP Benchmark Results:

CPU Time =   37.6318
N = 2^   36
No. Gaussian Pairs =   53972171957.
Sums =     1.982481200937991D+05   -1.020596636363627D+05
Counts:
  0   25154622775.
  1   24017899906.
  2    4508609839.
  3     284201296.
  4       6776403.
  5         61541.
  6           197.
  7             0.
  8             0.
  9             0.


 EP Benchmark Completed.
 Class           =                        D
 Size            =             137438953472
 Iterations      =                        0
 Time in seconds =                    37.63
 Total processes =                      128
 Active procs    =                      128
 Mop/s total     =                  3652.20
 Mop/s/process   =                    28.53
 Operation type  = Random numbers generated
 Verification    =               SUCCESSFUL
 Version         =                      3.4
 Compile date    =              22 Nov 2019

 Compile options:
    MPIFC        = mpifort
    FLINK        = $(MPIFC)
    FMPI_LIB     = (none)
    FMPI_INC     = (none)
    FFLAGS       = -O3
    FLINKFLAGS   = $(FFLAGS)
    RAND         = randi8


 Please send feedbacks and/or the results of this run to:

 NPB Development Team 
 Internet: npb@nas.nasa.gov


./SH/experiments_exec.sh: line 150: mpiexec: command not found
./SH/experiments_exec.sh: line 150: mpiexec: command not found
./SH/experiments_exec.sh: line 150: mpiexec: command not found
./SH/experiments_exec.sh: line 150: mpiexec: command not found
./SH/experiments_exec.sh: line 150: mpiexec: command not found
./SH/experiments_exec.sh: line 150: mpiexec: command not found
./SH/experiments_exec.sh: line 150: mpiexec: command not found
./SH/experiments_exec.sh: line 150: mpiexec: command not found
./SH/experiments_exec.sh: line 150: mpiexec: command not found
./SH/experiments_exec.sh: line 150: mpiexec: command not found
./SH/experiments_exec.sh: line 150: mpiexec: command not found
./SH/experiments_exec.sh: line 150: mpiexec: command not found
./SH/experiments_exec.sh: line 150: mpiexec: command not found

 NAS Parallel Benchmarks 3.4 -- EP Benchmark

 Number of random numbers generated:    137438953472  (class D)
 Total number of processes:                      128

EP Benchmark Results:

CPU Time =   38.7210
N = 2^   36
No. Gaussian Pairs =   53972171957.
Sums =     1.982481200937991D+05   -1.020596636363627D+05
Counts:
  0   25154622775.
  1   24017899906.
  2    4508609839.
  3     284201296.
  4       6776403.
  5         61541.
  6           197.
  7             0.
  8             0.
  9             0.


 EP Benchmark Completed.
 Class           =                        D
 Size            =             137438953472
 Iterations      =                        0
 Time in seconds =                    38.72
 Total processes =                      128
 Active procs    =                      128
 Mop/s total     =                  3549.47
 Mop/s/process   =                    27.73
 Operation type  = Random numbers generated
 Verification    =               SUCCESSFUL
 Version         =                      3.4
 Compile date    =              22 Nov 2019

 Compile options:
    MPIFC        = mpifort
    FLINK        = $(MPIFC)
    FMPI_LIB     = (none)
    FMPI_INC     = (none)
    FFLAGS       = -O3
    FLINKFLAGS   = $(FFLAGS)
    RAND         = randi8


 Please send feedbacks and/or the results of this run to:

 NPB Development Team 
 Internet: npb@nas.nasa.gov



 NAS Parallel Benchmarks 3.4 -- EP Benchmark

 Number of random numbers generated:    137438953472  (class D)
 Total number of processes:                      128

EP Benchmark Results:

CPU Time =   37.4264
N = 2^   36
No. Gaussian Pairs =   53972171957.
Sums =     1.982481200937991D+05   -1.020596636363627D+05
Counts:
  0   25154622775.
  1   24017899906.
  2    4508609839.
  3     284201296.
  4       6776403.
  5         61541.
  6           197.
  7             0.
  8             0.
  9             0.


 EP Benchmark Completed.
 Class           =                        D
 Size            =             137438953472
 Iterations      =                        0
 Time in seconds =                    37.43
 Total processes =                      128
 Active procs    =                      128
 Mop/s total     =                  3672.25
 Mop/s/process   =                    28.69
 Operation type  = Random numbers generated
 Verification    =               SUCCESSFUL
 Version         =                      3.4
 Compile date    =              22 Nov 2019

 Compile options:
    MPIFC        = mpifort
    FLINK        = $(MPIFC)
    FMPI_LIB     = (none)
    FMPI_INC     = (none)
    FFLAGS       = -O3
    FLINKFLAGS   = $(FFLAGS)
    RAND         = randi8


 Please send feedbacks and/or the results of this run to:

 NPB Development Team 
 Internet: npb@nas.nasa.gov



 NAS Parallel Benchmarks 3.4 -- EP Benchmark

 Number of random numbers generated:    137438953472  (class D)
 Total number of processes:                      128

EP Benchmark Results:

CPU Time =   37.2015
N = 2^   36
No. Gaussian Pairs =   53972171957.
Sums =     1.982481200937991D+05   -1.020596636363627D+05
Counts:
  0   25154622775.
  1   24017899906.
  2    4508609839.
  3     284201296.
  4       6776403.
  5         61541.
  6           197.
  7             0.
  8             0.
  9             0.


 EP Benchmark Completed.
 Class           =                        D
 Size            =             137438953472
 Iterations      =                        0
 Time in seconds =                    37.20
 Total processes =                      128
 Active procs    =                      128
 Mop/s total     =                  3694.45
 Mop/s/process   =                    28.86
 Operation type  = Random numbers generated
 Verification    =               SUCCESSFUL
 Version         =                      3.4
 Compile date    =              22 Nov 2019

 Compile options:
    MPIFC        = mpifort
    FLINK        = $(MPIFC)
    FMPI_LIB     = (none)
    FMPI_INC     = (none)
    FFLAGS       = -O3
    FLINKFLAGS   = $(FFLAGS)
    RAND         = randi8


 Please send feedbacks and/or the results of this run to:

 NPB Development Team 
 Internet: npb@nas.nasa.gov



 NAS Parallel Benchmarks 3.4 -- EP Benchmark

 Number of random numbers generated:    137438953472  (class D)
 Total number of processes:                      128

EP Benchmark Results:

CPU Time =   37.3642
N = 2^   36
No. Gaussian Pairs =   53972171957.
Sums =     1.982481200937991D+05   -1.020596636363627D+05
Counts:
  0   25154622775.
  1   24017899906.
  2    4508609839.
  3     284201296.
  4       6776403.
  5         61541.
  6           197.
  7             0.
  8             0.
  9             0.


 EP Benchmark Completed.
 Class           =                        D
 Size            =             137438953472
 Iterations      =                        0
 Time in seconds =                    37.36
 Total processes =                      128
 Active procs    =                      128
 Mop/s total     =                  3678.36
 Mop/s/process   =                    28.74
 Operation type  = Random numbers generated
 Verification    =               SUCCESSFUL
 Version         =                      3.4
 Compile date    =              22 Nov 2019

 Compile options:
    MPIFC        = mpifort
    FLINK        = $(MPIFC)
    FMPI_LIB     = (none)
    FMPI_INC     = (none)
    FFLAGS       = -O3
    FLINKFLAGS   = $(FFLAGS)
    RAND         = randi8


 Please send feedbacks and/or the results of this run to:

 NPB Development Team 
 Internet: npb@nas.nasa.gov



 NAS Parallel Benchmarks 3.4 -- EP Benchmark

 Number of random numbers generated:    137438953472  (class D)
 Total number of processes:                      128

EP Benchmark Results:

CPU Time =   37.2843
N = 2^   36
No. Gaussian Pairs =   53972171957.
Sums =     1.982481200937991D+05   -1.020596636363627D+05
Counts:
  0   25154622775.
  1   24017899906.
  2    4508609839.
  3     284201296.
  4       6776403.
  5         61541.
  6           197.
  7             0.
  8             0.
  9             0.


 EP Benchmark Completed.
 Class           =                        D
 Size            =             137438953472
 Iterations      =                        0
 Time in seconds =                    37.28
 Total processes =                      128
 Active procs    =                      128
 Mop/s total     =                  3686.24
 Mop/s/process   =                    28.80
 Operation type  = Random numbers generated
 Verification    =               SUCCESSFUL
 Version         =                      3.4
 Compile date    =              22 Nov 2019

 Compile options:
    MPIFC        = mpifort
    FLINK        = $(MPIFC)
    FMPI_LIB     = (none)
    FMPI_INC     = (none)
    FFLAGS       = -O3
    FLINKFLAGS   = $(FFLAGS)
    RAND         = randi8


 Please send feedbacks and/or the results of this run to:

 NPB Development Team 
 Internet: npb@nas.nasa.gov



 NAS Parallel Benchmarks 3.4 -- EP Benchmark

 Number of random numbers generated:    137438953472  (class D)
 Total number of processes:                      128

EP Benchmark Results:

CPU Time =   37.2991
N = 2^   36
No. Gaussian Pairs =   53972171957.
Sums =     1.982481200937991D+05   -1.020596636363627D+05
Counts:
  0   25154622775.
  1   24017899906.
  2    4508609839.
  3     284201296.
  4       6776403.
  5         61541.
  6           197.
  7             0.
  8             0.
  9             0.


 EP Benchmark Completed.
 Class           =                        D
 Size            =             137438953472
 Iterations      =                        0
 Time in seconds =                    37.30
 Total processes =                      128
 Active procs    =                      128
 Mop/s total     =                  3684.78
 Mop/s/process   =                    28.79
 Operation type  = Random numbers generated
 Verification    =               SUCCESSFUL
 Version         =                      3.4
 Compile date    =              22 Nov 2019

 Compile options:
    MPIFC        = mpifort
    FLINK        = $(MPIFC)
    FMPI_LIB     = (none)
    FMPI_INC     = (none)
    FFLAGS       = -O3
    FLINKFLAGS   = $(FFLAGS)
    RAND         = randi8


 Please send feedbacks and/or the results of this run to:

 NPB Development Team 
 Internet: npb@nas.nasa.gov



 NAS Parallel Benchmarks 3.4 -- EP Benchmark

 Number of random numbers generated:    137438953472  (class D)
 Total number of processes:                      128

EP Benchmark Results:

CPU Time =   37.2888
N = 2^   36
No. Gaussian Pairs =   53972171957.
Sums =     1.982481200937991D+05   -1.020596636363627D+05
Counts:
  0   25154622775.
  1   24017899906.
  2    4508609839.
  3     284201296.
  4       6776403.
  5         61541.
  6           197.
  7             0.
  8             0.
  9             0.


 EP Benchmark Completed.
 Class           =                        D
 Size            =             137438953472
 Iterations      =                        0
 Time in seconds =                    37.29
 Total processes =                      128
 Active procs    =                      128
 Mop/s total     =                  3685.79
 Mop/s/process   =                    28.80
 Operation type  = Random numbers generated
 Verification    =               SUCCESSFUL
 Version         =                      3.4
 Compile date    =              22 Nov 2019

 Compile options:
    MPIFC        = mpifort
    FLINK        = $(MPIFC)
    FMPI_LIB     = (none)
    FMPI_INC     = (none)
    FFLAGS       = -O3
    FLINKFLAGS   = $(FFLAGS)
    RAND         = randi8


 Please send feedbacks and/or the results of this run to:

 NPB Development Team 
 Internet: npb@nas.nasa.gov



 NAS Parallel Benchmarks 3.4 -- EP Benchmark

 Number of random numbers generated:    137438953472  (class D)
 Total number of processes:                      128

EP Benchmark Results:

CPU Time =   37.1844
N = 2^   36
No. Gaussian Pairs =   53972171957.
Sums =     1.982481200937991D+05   -1.020596636363627D+05
Counts:
  0   25154622775.
  1   24017899906.
  2    4508609839.
  3     284201296.
  4       6776403.
  5         61541.
  6           197.
  7             0.
  8             0.
  9             0.


 EP Benchmark Completed.
 Class           =                        D
 Size            =             137438953472
 Iterations      =                        0
 Time in seconds =                    37.18
 Total processes =                      128
 Active procs    =                      128
 Mop/s total     =                  3696.14
 Mop/s/process   =                    28.88
 Operation type  = Random numbers generated
 Verification    =               SUCCESSFUL
 Version         =                      3.4
 Compile date    =              22 Nov 2019

 Compile options:
    MPIFC        = mpifort
    FLINK        = $(MPIFC)
    FMPI_LIB     = (none)
    FMPI_INC     = (none)
    FFLAGS       = -O3
    FLINKFLAGS   = $(FFLAGS)
    RAND         = randi8


 Please send feedbacks and/or the results of this run to:

 NPB Development Team 
 Internet: npb@nas.nasa.gov



 NAS Parallel Benchmarks 3.4 -- EP Benchmark

 Number of random numbers generated:    137438953472  (class D)
 Total number of processes:                      128

EP Benchmark Results:

CPU Time =   37.2306
N = 2^   36
No. Gaussian Pairs =   53972171957.
Sums =     1.982481200937991D+05   -1.020596636363627D+05
Counts:
  0   25154622775.
  1   24017899906.
  2    4508609839.
  3     284201296.
  4       6776403.
  5         61541.
  6           197.
  7             0.
  8             0.
  9             0.


 EP Benchmark Completed.
 Class           =                        D
 Size            =             137438953472
 Iterations      =                        0
 Time in seconds =                    37.23
 Total processes =                      128
 Active procs    =                      128
 Mop/s total     =                  3691.56
 Mop/s/process   =                    28.84
 Operation type  = Random numbers generated
 Verification    =               SUCCESSFUL
 Version         =                      3.4
 Compile date    =              22 Nov 2019

 Compile options:
    MPIFC        = mpifort
    FLINK        = $(MPIFC)
    FMPI_LIB     = (none)
    FMPI_INC     = (none)
    FFLAGS       = -O3
    FLINKFLAGS   = $(FFLAGS)
    RAND         = randi8


 Please send feedbacks and/or the results of this run to:

 NPB Development Team 
 Internet: npb@nas.nasa.gov



 NAS Parallel Benchmarks 3.4 -- EP Benchmark

 Number of random numbers generated:    137438953472  (class D)
 Total number of processes:                      128

EP Benchmark Results:

CPU Time =   37.1783
N = 2^   36
No. Gaussian Pairs =   53972171957.
Sums =     1.982481200937991D+05   -1.020596636363627D+05
Counts:
  0   25154622775.
  1   24017899906.
  2    4508609839.
  3     284201296.
  4       6776403.
  5         61541.
  6           197.
  7             0.
  8             0.
  9             0.


 EP Benchmark Completed.
 Class           =                        D
 Size            =             137438953472
 Iterations      =                        0
 Time in seconds =                    37.18
 Total processes =                      128
 Active procs    =                      128
 Mop/s total     =                  3696.75
 Mop/s/process   =                    28.88
 Operation type  = Random numbers generated
 Verification    =               SUCCESSFUL
 Version         =                      3.4
 Compile date    =              22 Nov 2019

 Compile options:
    MPIFC        = mpifort
    FLINK        = $(MPIFC)
    FMPI_LIB     = (none)
    FMPI_INC     = (none)
    FFLAGS       = -O3
    FLINKFLAGS   = $(FFLAGS)
    RAND         = randi8


 Please send feedbacks and/or the results of this run to:

 NPB Development Team 
 Internet: npb@nas.nasa.gov



 NAS Parallel Benchmarks 3.4 -- EP Benchmark

 Number of random numbers generated:    137438953472  (class D)
 Total number of processes:                      128

EP Benchmark Results:

CPU Time =   37.0271
N = 2^   36
No. Gaussian Pairs =   53972171957.
Sums =     1.982481200937991D+05   -1.020596636363627D+05
Counts:
  0   25154622775.
  1   24017899906.
  2    4508609839.
  3     284201296.
  4       6776403.
  5         61541.
  6           197.
  7             0.
  8             0.
  9             0.


 EP Benchmark Completed.
 Class           =                        D
 Size            =             137438953472
 Iterations      =                        0
 Time in seconds =                    37.03
 Total processes =                      128
 Active procs    =                      128
 Mop/s total     =                  3711.84
 Mop/s/process   =                    29.00
 Operation type  = Random numbers generated
 Verification    =               SUCCESSFUL
 Version         =                      3.4
 Compile date    =              22 Nov 2019

 Compile options:
    MPIFC        = mpifort
    FLINK        = $(MPIFC)
    FMPI_LIB     = (none)
    FMPI_INC     = (none)
    FFLAGS       = -O3
    FLINKFLAGS   = $(FFLAGS)
    RAND         = randi8


 Please send feedbacks and/or the results of this run to:

 NPB Development Team 
 Internet: npb@nas.nasa.gov



 NAS Parallel Benchmarks 3.4 -- EP Benchmark

 Number of random numbers generated:    137438953472  (class D)
 Total number of processes:                      128

EP Benchmark Results:

CPU Time =   37.2181
N = 2^   36
No. Gaussian Pairs =   53972171957.
Sums =     1.982481200937991D+05   -1.020596636363627D+05
Counts:
  0   25154622775.
  1   24017899906.
  2    4508609839.
  3     284201296.
  4       6776403.
  5         61541.
  6           197.
  7             0.
  8             0.
  9             0.


 EP Benchmark Completed.
 Class           =                        D
 Size            =             137438953472
 Iterations      =                        0
 Time in seconds =                    37.22
 Total processes =                      128
 Active procs    =                      128
 Mop/s total     =                  3692.80
 Mop/s/process   =                    28.85
 Operation type  = Random numbers generated
 Verification    =               SUCCESSFUL
 Version         =                      3.4
 Compile date    =              22 Nov 2019

 Compile options:
    MPIFC        = mpifort
    FLINK        = $(MPIFC)
    FMPI_LIB     = (none)
    FMPI_INC     = (none)
    FFLAGS       = -O3
    FLINKFLAGS   = $(FFLAGS)
    RAND         = randi8


 Please send feedbacks and/or the results of this run to:

 NPB Development Team 
 Internet: npb@nas.nasa.gov



 NAS Parallel Benchmarks 3.4 -- EP Benchmark

 Number of random numbers generated:    137438953472  (class D)
 Total number of processes:                      128

EP Benchmark Results:

CPU Time =   37.5735
N = 2^   36
No. Gaussian Pairs =   53972171957.
Sums =     1.982481200937991D+05   -1.020596636363627D+05
Counts:
  0   25154622775.
  1   24017899906.
  2    4508609839.
  3     284201296.
  4       6776403.
  5         61541.
  6           197.
  7             0.
  8             0.
  9             0.


 EP Benchmark Completed.
 Class           =                        D
 Size            =             137438953472
 Iterations      =                        0
 Time in seconds =                    37.57
 Total processes =                      128
 Active procs    =                      128
 Mop/s total     =                  3657.87
 Mop/s/process   =                    28.58
 Operation type  = Random numbers generated
 Verification    =               SUCCESSFUL
 Version         =                      3.4
 Compile date    =              22 Nov 2019

 Compile options:
    MPIFC        = mpifort
    FLINK        = $(MPIFC)
    FMPI_LIB     = (none)
    FMPI_INC     = (none)
    FFLAGS       = -O3
    FLINKFLAGS   = $(FFLAGS)
    RAND         = randi8


 Please send feedbacks and/or the results of this run to:

 NPB Development Team 
 Internet: npb@nas.nasa.gov


