#------------------------------------------------------------
#    Intel(R) MPI Benchmarks 2019 Update 3, MPI-1 part    
#------------------------------------------------------------
# Date                  : Fri Nov 22 17:26:37 2019
# Machine               : x86_64
# System                : Linux
# Release               : 4.15.0-65-generic
# Version               : #74-Ubuntu SMP Tue Sep 17 17:06:04 UTC 2019
# MPI Version           : 3.1
# MPI Thread Environment: 


# Calling sequence was: 

# /home/users/ammaliszewski/CMP223/BENCHMARKS/mpi-benchmarks/IMB-MPI1 PingPong 

# Minimum message length in bytes:   0
# Maximum message length in bytes:   4194304
#
# MPI_Datatype                   :   MPI_BYTE 
# MPI_Datatype for reductions    :   MPI_FLOAT 
# MPI_Op                         :   MPI_SUM  
# 
# 

# List of Benchmarks to run:

# PingPong

#---------------------------------------------------
# Benchmarking PingPong 
# #processes = 2 
#---------------------------------------------------
       #bytes #repetitions      t[usec]   Mbytes/sec
            0         1000         1.10         0.00
            1         1000         1.20         0.83
            2         1000         1.14         1.76
            4         1000         1.15         3.47
            8         1000         1.21         6.59
           16         1000         1.20        13.35
           32         1000         1.21        26.50
           64         1000         1.28        50.17
          128         1000         1.85        69.08
          256         1000         1.99       128.47
          512         1000         2.12       241.54
         1024         1000         2.40       426.91
         2048         1000         2.93       698.71
         4096         1000         4.05      1010.74
         8192         1000         5.84      1403.03
        16384         1000         6.40      2558.34
        32768         1000         8.40      3900.54
        65536          640        12.50      5241.01
       131072          320        20.83      6291.86
       262144          160        37.59      6974.33
       524288           80        71.22      7361.29
      1048576           40       137.45      7628.59
      2097152           20       270.36      7756.81
      4194304           10       537.03      7810.13


# All processes entering MPI_Finalize

#------------------------------------------------------------
#    Intel(R) MPI Benchmarks 2019 Update 3, MPI-1 part    
#------------------------------------------------------------
# Date                  : Fri Nov 22 19:49:16 2019
# Machine               : x86_64
# System                : Linux
# Release               : 4.15.0-65-generic
# Version               : #74-Ubuntu SMP Tue Sep 17 17:06:04 UTC 2019
# MPI Version           : 3.1
# MPI Thread Environment: 


# Calling sequence was: 

# /home/users/ammaliszewski/CMP223/BENCHMARKS/mpi-benchmarks/IMB-MPI1 PingPong 

# Minimum message length in bytes:   0
# Maximum message length in bytes:   4194304
#
# MPI_Datatype                   :   MPI_BYTE 
# MPI_Datatype for reductions    :   MPI_FLOAT 
# MPI_Op                         :   MPI_SUM  
# 
# 

# List of Benchmarks to run:

# PingPong

#---------------------------------------------------
# Benchmarking PingPong 
# #processes = 2 
#---------------------------------------------------
       #bytes #repetitions      t[usec]   Mbytes/sec
            0         1000         1.16         0.00
            1         1000         1.20         0.83
            2         1000         1.17         1.71
            4         1000         1.19         3.37
            8         1000         1.25         6.39
           16         1000         1.22        13.14
           32         1000         1.23        25.97
           64         1000         1.29        49.50
          128         1000         1.95        65.80
          256         1000         2.10       121.89
          512         1000         2.27       225.80
         1024         1000         2.55       400.97
         2048         1000         3.11       657.85
         4096         1000         4.43       924.87
         8192         1000         6.12      1338.25
        16384         1000         6.76      2424.26
        32768         1000         8.69      3769.41
        65536          640        12.56      5216.66
       131072          320        20.83      6291.76
       262144          160        37.67      6959.81
       524288           80        71.21      7362.74
      1048576           40       137.96      7600.64
      2097152           20       270.07      7765.23
      4194304           10       537.37      7805.32


# All processes entering MPI_Finalize

#------------------------------------------------------------
#    Intel(R) MPI Benchmarks 2019 Update 3, MPI-1 part    
#------------------------------------------------------------
# Date                  : Fri Nov 22 22:15:24 2019
# Machine               : x86_64
# System                : Linux
# Release               : 4.15.0-65-generic
# Version               : #74-Ubuntu SMP Tue Sep 17 17:06:04 UTC 2019
# MPI Version           : 3.1
# MPI Thread Environment: 


# Calling sequence was: 

# /home/users/ammaliszewski/CMP223/BENCHMARKS/mpi-benchmarks/IMB-MPI1 PingPong 

# Minimum message length in bytes:   0
# Maximum message length in bytes:   4194304
#
# MPI_Datatype                   :   MPI_BYTE 
# MPI_Datatype for reductions    :   MPI_FLOAT 
# MPI_Op                         :   MPI_SUM  
# 
# 

# List of Benchmarks to run:

# PingPong

#---------------------------------------------------
# Benchmarking PingPong 
# #processes = 2 
#---------------------------------------------------
       #bytes #repetitions      t[usec]   Mbytes/sec
            0         1000         1.14         0.00
            1         1000         1.21         0.83
            2         1000         1.15         1.74
            4         1000         1.17         3.43
            8         1000         1.21         6.61
           16         1000         1.18        13.50
           32         1000         1.20        26.59
           64         1000         1.30        49.41
          128         1000         1.86        68.93
          256         1000         2.01       127.39
          512         1000         2.13       240.48
         1024         1000         2.42       422.54
         2048         1000         2.92       700.61
         4096         1000         4.05      1012.45
         8192         1000         5.87      1395.74
        16384         1000         6.43      2549.60
        32768         1000         8.62      3802.77
        65536          640        12.76      5137.65
       131072          320        21.05      6227.85
       262144          160        37.73      6948.78
       524288           80        71.25      7358.06
      1048576           40       137.92      7602.93
      2097152           20       270.52      7752.25
      4194304           10       537.22      7807.48


# All processes entering MPI_Finalize

#------------------------------------------------------------
#    Intel(R) MPI Benchmarks 2019 Update 3, MPI-1 part    
#------------------------------------------------------------
# Date                  : Sat Nov 23 02:08:35 2019
# Machine               : x86_64
# System                : Linux
# Release               : 4.15.0-65-generic
# Version               : #74-Ubuntu SMP Tue Sep 17 17:06:04 UTC 2019
# MPI Version           : 3.1
# MPI Thread Environment: 


# Calling sequence was: 

# /home/users/ammaliszewski/CMP223/BENCHMARKS/mpi-benchmarks/IMB-MPI1 PingPong 

# Minimum message length in bytes:   0
# Maximum message length in bytes:   4194304
#
# MPI_Datatype                   :   MPI_BYTE 
# MPI_Datatype for reductions    :   MPI_FLOAT 
# MPI_Op                         :   MPI_SUM  
# 
# 

# List of Benchmarks to run:

# PingPong

#---------------------------------------------------
# Benchmarking PingPong 
# #processes = 2 
#---------------------------------------------------
       #bytes #repetitions      t[usec]   Mbytes/sec
            0         1000         1.15         0.00
            1         1000         1.17         0.86
            2         1000         1.19         1.69
            4         1000         1.16         3.44
            8         1000         1.19         6.74
           16         1000         1.21        13.27
           32         1000         1.19        26.81
           64         1000         1.25        51.13
          128         1000         1.81        70.64
          256         1000         1.95       130.98
          512         1000         2.11       242.21
         1024         1000         2.39       428.59
         2048         1000         2.89       707.99
         4096         1000         4.01      1021.14
         8192         1000         5.78      1417.89
        16384         1000         6.20      2643.19
        32768         1000         8.20      3995.77
        65536          640        12.45      5262.52
       131072          320        20.80      6301.43
       262144          160        37.66      6960.71
       524288           80        71.37      7346.48
      1048576           40       137.47      7627.72
      2097152           20       269.97      7768.10
      4194304           10       536.49      7818.06


# All processes entering MPI_Finalize

#------------------------------------------------------------
#    Intel(R) MPI Benchmarks 2019 Update 3, MPI-1 part    
#------------------------------------------------------------
# Date                  : Sat Nov 23 03:35:42 2019
# Machine               : x86_64
# System                : Linux
# Release               : 4.15.0-65-generic
# Version               : #74-Ubuntu SMP Tue Sep 17 17:06:04 UTC 2019
# MPI Version           : 3.1
# MPI Thread Environment: 


# Calling sequence was: 

# /home/users/ammaliszewski/CMP223/BENCHMARKS/mpi-benchmarks/IMB-MPI1 PingPong 

# Minimum message length in bytes:   0
# Maximum message length in bytes:   4194304
#
# MPI_Datatype                   :   MPI_BYTE 
# MPI_Datatype for reductions    :   MPI_FLOAT 
# MPI_Op                         :   MPI_SUM  
# 
# 

# List of Benchmarks to run:

# PingPong

#---------------------------------------------------
# Benchmarking PingPong 
# #processes = 2 
#---------------------------------------------------
       #bytes #repetitions      t[usec]   Mbytes/sec
            0         1000         1.19         0.00
            1         1000         1.16         0.86
            2         1000         1.16         1.72
            4         1000         1.14         3.51
            8         1000         1.21         6.63
           16         1000         1.22        13.13
           32         1000         1.20        26.56
           64         1000         1.29        49.69
          128         1000         1.87        68.53
          256         1000         2.00       127.94
          512         1000         2.15       238.04
         1024         1000         2.42       422.42
         2048         1000         2.91       704.01
         4096         1000         4.02      1018.75
         8192         1000         5.76      1422.19
        16384         1000         6.46      2537.35
        32768         1000         8.43      3887.81
        65536          640        12.54      5226.74
       131072          320        20.90      6270.64
       262144          160        37.66      6960.63
       524288           80        71.37      7345.56
      1048576           40       137.77      7610.93
      2097152           20       270.35      7757.24
      4194304           10       538.29      7791.97


# All processes entering MPI_Finalize

#------------------------------------------------------------
#    Intel(R) MPI Benchmarks 2019 Update 3, MPI-1 part    
#------------------------------------------------------------
# Date                  : Sat Nov 23 07:16:02 2019
# Machine               : x86_64
# System                : Linux
# Release               : 4.15.0-65-generic
# Version               : #74-Ubuntu SMP Tue Sep 17 17:06:04 UTC 2019
# MPI Version           : 3.1
# MPI Thread Environment: 


# Calling sequence was: 

# /home/users/ammaliszewski/CMP223/BENCHMARKS/mpi-benchmarks/IMB-MPI1 PingPong 

# Minimum message length in bytes:   0
# Maximum message length in bytes:   4194304
#
# MPI_Datatype                   :   MPI_BYTE 
# MPI_Datatype for reductions    :   MPI_FLOAT 
# MPI_Op                         :   MPI_SUM  
# 
# 

# List of Benchmarks to run:

# PingPong

#---------------------------------------------------
# Benchmarking PingPong 
# #processes = 2 
#---------------------------------------------------
       #bytes #repetitions      t[usec]   Mbytes/sec
            0         1000         1.14         0.00
            1         1000         1.17         0.85
            2         1000         1.19         1.68
            4         1000         1.18         3.40
            8         1000         1.19         6.71
           16         1000         1.21        13.23
           32         1000         1.20        26.56
           64         1000         1.25        51.28
          128         1000         1.81        70.58
          256         1000         1.97       129.82
          512         1000         2.10       243.83
         1024         1000         2.39       427.69
         2048         1000         2.88       710.09
         4096         1000         4.02      1019.14
         8192         1000         5.65      1449.94
        16384         1000         6.22      2633.90
        32768         1000         8.29      3953.48
        65536          640        12.57      5213.61
       131072          320        20.84      6288.59
       262144          160        37.62      6968.92
       524288           80        71.28      7355.26
      1048576           40       137.89      7604.20
      2097152           20       270.47      7753.80
      4194304           10       538.61      7787.22


# All processes entering MPI_Finalize

#------------------------------------------------------------
#    Intel(R) MPI Benchmarks 2019 Update 3, MPI-1 part    
#------------------------------------------------------------
# Date                  : Sat Nov 23 09:43:44 2019
# Machine               : x86_64
# System                : Linux
# Release               : 4.15.0-65-generic
# Version               : #74-Ubuntu SMP Tue Sep 17 17:06:04 UTC 2019
# MPI Version           : 3.1
# MPI Thread Environment: 


# Calling sequence was: 

# /home/users/ammaliszewski/CMP223/BENCHMARKS/mpi-benchmarks/IMB-MPI1 PingPong 

# Minimum message length in bytes:   0
# Maximum message length in bytes:   4194304
#
# MPI_Datatype                   :   MPI_BYTE 
# MPI_Datatype for reductions    :   MPI_FLOAT 
# MPI_Op                         :   MPI_SUM  
# 
# 

# List of Benchmarks to run:

# PingPong

#---------------------------------------------------
# Benchmarking PingPong 
# #processes = 2 
#---------------------------------------------------
       #bytes #repetitions      t[usec]   Mbytes/sec
            0         1000         1.14         0.00
            1         1000         1.17         0.85
            2         1000         1.34         1.49
            4         1000         1.23         3.24
            8         1000         1.22         6.58
           16         1000         1.23        12.98
           32         1000         1.22        26.14
           64         1000         1.32        48.56
          128         1000         1.90        67.26
          256         1000         2.06       124.20
          512         1000         2.20       232.24
         1024         1000         2.50       409.61
         2048         1000         3.03       676.97
         4096         1000         4.23       969.09
         8192         1000         5.86      1397.45
        16384         1000         6.52      2514.38
        32768         1000         8.47      3867.55
        65536          640        12.54      5227.32
       131072          320        20.82      6296.25
       262144          160        37.63      6965.99
       524288           80        71.18      7365.84
      1048576           40       137.34      7634.77
      2097152           20       270.70      7747.20
      4194304           10       538.21      7793.01


# All processes entering MPI_Finalize

#------------------------------------------------------------
#    Intel(R) MPI Benchmarks 2019 Update 3, MPI-1 part    
#------------------------------------------------------------
# Date                  : Sat Nov 23 11:13:00 2019
# Machine               : x86_64
# System                : Linux
# Release               : 4.15.0-65-generic
# Version               : #74-Ubuntu SMP Tue Sep 17 17:06:04 UTC 2019
# MPI Version           : 3.1
# MPI Thread Environment: 


# Calling sequence was: 

# /home/users/ammaliszewski/CMP223/BENCHMARKS/mpi-benchmarks/IMB-MPI1 PingPong 

# Minimum message length in bytes:   0
# Maximum message length in bytes:   4194304
#
# MPI_Datatype                   :   MPI_BYTE 
# MPI_Datatype for reductions    :   MPI_FLOAT 
# MPI_Op                         :   MPI_SUM  
# 
# 

# List of Benchmarks to run:

# PingPong

#---------------------------------------------------
# Benchmarking PingPong 
# #processes = 2 
#---------------------------------------------------
       #bytes #repetitions      t[usec]   Mbytes/sec
            0         1000         1.17         0.00
            1         1000         1.19         0.84
            2         1000         1.21         1.65
            4         1000         1.15         3.49
            8         1000         1.15         6.98
           16         1000         1.17        13.64
           32         1000         1.19        26.85
           64         1000         1.25        51.22
          128         1000         1.86        68.65
          256         1000         2.04       125.30
          512         1000         2.22       230.60
         1024         1000         2.54       403.57
         2048         1000         3.06       669.58
         4096         1000         4.21       972.95
         8192         1000         5.96      1373.79
        16384         1000         6.52      2514.55
        32768         1000         8.53      3842.15
        65536          640        12.65      5182.67
       131072          320        20.93      6262.10
       262144          160        37.64      6963.92
       524288           80        71.15      7368.74
      1048576           40       137.66      7617.27
      2097152           20       270.95      7740.07
      4194304           10       536.72      7814.68


# All processes entering MPI_Finalize

#------------------------------------------------------------
#    Intel(R) MPI Benchmarks 2019 Update 3, MPI-1 part    
#------------------------------------------------------------
# Date                  : Sat Nov 23 14:16:13 2019
# Machine               : x86_64
# System                : Linux
# Release               : 4.15.0-65-generic
# Version               : #74-Ubuntu SMP Tue Sep 17 17:06:04 UTC 2019
# MPI Version           : 3.1
# MPI Thread Environment: 


# Calling sequence was: 

# /home/users/ammaliszewski/CMP223/BENCHMARKS/mpi-benchmarks/IMB-MPI1 PingPong 

# Minimum message length in bytes:   0
# Maximum message length in bytes:   4194304
#
# MPI_Datatype                   :   MPI_BYTE 
# MPI_Datatype for reductions    :   MPI_FLOAT 
# MPI_Op                         :   MPI_SUM  
# 
# 

# List of Benchmarks to run:

# PingPong

#---------------------------------------------------
# Benchmarking PingPong 
# #processes = 2 
#---------------------------------------------------
       #bytes #repetitions      t[usec]   Mbytes/sec
            0         1000         1.08         0.00
            1         1000         1.10         0.91
            2         1000         1.10         1.82
            4         1000         1.14         3.51
            8         1000         1.23         6.53
           16         1000         1.25        12.85
           32         1000         1.23        26.01
           64         1000         1.34        47.60
          128         1000         1.96        65.45
          256         1000         2.14       119.60
          512         1000         2.30       222.54
         1024         1000         2.67       384.09
         2048         1000         3.26       628.29
         4096         1000         4.54       901.33
         8192         1000         6.32      1296.07
        16384         1000         6.58      2490.40
        32768         1000         8.48      3861.96
        65536          640        12.73      5148.53
       131072          320        20.98      6248.03
       262144          160        37.79      6936.58
       524288           80        71.77      7304.81
      1048576           40       137.72      7613.56
      2097152           20       270.16      7762.56
      4194304           10       536.38      7819.67


# All processes entering MPI_Finalize

#------------------------------------------------------------
#    Intel(R) MPI Benchmarks 2019 Update 3, MPI-1 part    
#------------------------------------------------------------
# Date                  : Sat Nov 23 15:53:56 2019
# Machine               : x86_64
# System                : Linux
# Release               : 4.15.0-65-generic
# Version               : #74-Ubuntu SMP Tue Sep 17 17:06:04 UTC 2019
# MPI Version           : 3.1
# MPI Thread Environment: 


# Calling sequence was: 

# /home/users/ammaliszewski/CMP223/BENCHMARKS/mpi-benchmarks/IMB-MPI1 PingPong 

# Minimum message length in bytes:   0
# Maximum message length in bytes:   4194304
#
# MPI_Datatype                   :   MPI_BYTE 
# MPI_Datatype for reductions    :   MPI_FLOAT 
# MPI_Op                         :   MPI_SUM  
# 
# 

# List of Benchmarks to run:

# PingPong

#---------------------------------------------------
# Benchmarking PingPong 
# #processes = 2 
#---------------------------------------------------
       #bytes #repetitions      t[usec]   Mbytes/sec
            0         1000         1.13         0.00
            1         1000         1.17         0.86
            2         1000         1.18         1.70
            4         1000         1.15         3.47
            8         1000         1.21         6.62
           16         1000         1.21        13.21
           32         1000         1.18        27.05
           64         1000         1.29        49.47
          128         1000         1.85        69.27
          256         1000         1.99       128.64
          512         1000         2.26       226.34
         1024         1000         2.41       424.30
         2048         1000         2.90       706.46
         4096         1000         4.05      1011.29
         8192         1000         5.68      1442.70
        16384         1000         6.22      2635.61
        32768         1000         8.45      3875.93
        65536          640        12.58      5207.57
       131072          320        20.85      6285.45
       262144          160        37.66      6960.37
       524288           80        71.09      7374.94
      1048576           40       137.53      7624.52
      2097152           20       271.79      7716.08
      4194304           10       538.15      7793.99


# All processes entering MPI_Finalize

#------------------------------------------------------------
#    Intel(R) MPI Benchmarks 2019 Update 3, MPI-1 part    
#------------------------------------------------------------
# Date                  : Sat Nov 23 18:19:35 2019
# Machine               : x86_64
# System                : Linux
# Release               : 4.15.0-65-generic
# Version               : #74-Ubuntu SMP Tue Sep 17 17:06:04 UTC 2019
# MPI Version           : 3.1
# MPI Thread Environment: 


# Calling sequence was: 

# /home/users/ammaliszewski/CMP223/BENCHMARKS/mpi-benchmarks/IMB-MPI1 PingPong 

# Minimum message length in bytes:   0
# Maximum message length in bytes:   4194304
#
# MPI_Datatype                   :   MPI_BYTE 
# MPI_Datatype for reductions    :   MPI_FLOAT 
# MPI_Op                         :   MPI_SUM  
# 
# 

# List of Benchmarks to run:

# PingPong

#---------------------------------------------------
# Benchmarking PingPong 
# #processes = 2 
#---------------------------------------------------
       #bytes #repetitions      t[usec]   Mbytes/sec
            0         1000         1.13         0.00
            1         1000         1.18         0.84
            2         1000         1.20         1.67
            4         1000         1.17         3.41
            8         1000         1.22         6.56
           16         1000         1.24        12.89
           32         1000         1.22        26.30
           64         1000         1.32        48.35
          128         1000         1.96        65.35
          256         1000         2.12       120.50
          512         1000         2.27       225.97
         1024         1000         2.61       392.63
         2048         1000         3.13       653.30
         4096         1000         4.29       953.76
         8192         1000         6.15      1333.11
        16384         1000         6.54      2503.69
        32768         1000         8.54      3835.95
        65536          640        12.53      5228.97
       131072          320        20.78      6309.01
       262144          160        37.67      6958.26
       524288           80        71.12      7371.54
      1048576           40       137.97      7600.16
      2097152           20       271.26      7731.21
      4194304           10       538.96      7782.21


# All processes entering MPI_Finalize

#------------------------------------------------------------
#    Intel(R) MPI Benchmarks 2019 Update 3, MPI-1 part    
#------------------------------------------------------------
# Date                  : Sat Nov 23 22:14:16 2019
# Machine               : x86_64
# System                : Linux
# Release               : 4.15.0-65-generic
# Version               : #74-Ubuntu SMP Tue Sep 17 17:06:04 UTC 2019
# MPI Version           : 3.1
# MPI Thread Environment: 


# Calling sequence was: 

# /home/users/ammaliszewski/CMP223/BENCHMARKS/mpi-benchmarks/IMB-MPI1 PingPong 

# Minimum message length in bytes:   0
# Maximum message length in bytes:   4194304
#
# MPI_Datatype                   :   MPI_BYTE 
# MPI_Datatype for reductions    :   MPI_FLOAT 
# MPI_Op                         :   MPI_SUM  
# 
# 

# List of Benchmarks to run:

# PingPong

#---------------------------------------------------
# Benchmarking PingPong 
# #processes = 2 
#---------------------------------------------------
       #bytes #repetitions      t[usec]   Mbytes/sec
            0         1000         1.15         0.00
            1         1000         1.19         0.84
            2         1000         1.17         1.71
            4         1000         1.15         3.47
            8         1000         1.22         6.57
           16         1000         1.23        13.03
           32         1000         1.21        26.54
           64         1000         1.29        49.70
          128         1000         1.85        69.15
          256         1000         2.00       127.99
          512         1000         2.13       240.40
         1024         1000         2.40       426.68
         2048         1000         2.90       706.42
         4096         1000         4.03      1016.85
         8192         1000         5.68      1442.33
        16384         1000         6.50      2521.26
        32768         1000         8.66      3783.59
        65536          640        12.68      5166.50
       131072          320        20.82      6294.03
       262144          160        37.64      6965.36
       524288           80        70.98      7386.23
      1048576           40       137.43      7629.97
      2097152           20       270.54      7751.75
      4194304           10       538.37      7790.73


# All processes entering MPI_Finalize

#------------------------------------------------------------
#    Intel(R) MPI Benchmarks 2019 Update 3, MPI-1 part    
#------------------------------------------------------------
# Date                  : Sun Nov 24 01:23:19 2019
# Machine               : x86_64
# System                : Linux
# Release               : 4.15.0-65-generic
# Version               : #74-Ubuntu SMP Tue Sep 17 17:06:04 UTC 2019
# MPI Version           : 3.1
# MPI Thread Environment: 


# Calling sequence was: 

# /home/users/ammaliszewski/CMP223/BENCHMARKS/mpi-benchmarks/IMB-MPI1 PingPong 

# Minimum message length in bytes:   0
# Maximum message length in bytes:   4194304
#
# MPI_Datatype                   :   MPI_BYTE 
# MPI_Datatype for reductions    :   MPI_FLOAT 
# MPI_Op                         :   MPI_SUM  
# 
# 

# List of Benchmarks to run:

# PingPong

#---------------------------------------------------
# Benchmarking PingPong 
# #processes = 2 
#---------------------------------------------------
       #bytes #repetitions      t[usec]   Mbytes/sec
            0         1000         1.14         0.00
            1         1000         1.25         0.80
            2         1000         1.25         1.61
            4         1000         1.25         3.21
            8         1000         1.32         6.08
           16         1000         1.29        12.36
           32         1000         1.33        24.12
           64         1000         1.40        45.73
          128         1000         2.07        61.80
          256         1000         2.26       113.41
          512         1000         2.43       210.97
         1024         1000         2.78       369.00
         2048         1000         3.42       598.23
         4096         1000         4.72       868.09
         8192         1000         6.50      1259.71
        16384         1000         6.80      2410.21
        32768         1000         8.72      3758.72
        65536          640        12.83      5107.15
       131072          320        21.02      6234.84
       262144          160        37.79      6937.73
       524288           80        71.21      7362.79
      1048576           40       137.34      7634.94
      2097152           20       270.64      7748.83
      4194304           10       538.72      7785.65


# All processes entering MPI_Finalize

#------------------------------------------------------------
#    Intel(R) MPI Benchmarks 2019 Update 3, MPI-1 part    
#------------------------------------------------------------
# Date                  : Sun Nov 24 03:45:17 2019
# Machine               : x86_64
# System                : Linux
# Release               : 4.15.0-65-generic
# Version               : #74-Ubuntu SMP Tue Sep 17 17:06:04 UTC 2019
# MPI Version           : 3.1
# MPI Thread Environment: 


# Calling sequence was: 

# /home/users/ammaliszewski/CMP223/BENCHMARKS/mpi-benchmarks/IMB-MPI1 PingPong 

# Minimum message length in bytes:   0
# Maximum message length in bytes:   4194304
#
# MPI_Datatype                   :   MPI_BYTE 
# MPI_Datatype for reductions    :   MPI_FLOAT 
# MPI_Op                         :   MPI_SUM  
# 
# 

# List of Benchmarks to run:

# PingPong

#---------------------------------------------------
# Benchmarking PingPong 
# #processes = 2 
#---------------------------------------------------
       #bytes #repetitions      t[usec]   Mbytes/sec
            0         1000         1.15         0.00
            1         1000         1.21         0.83
            2         1000         1.21         1.66
            4         1000         1.17         3.41
            8         1000         1.21         6.59
           16         1000         1.22        13.11
           32         1000         1.20        26.69
           64         1000         1.28        50.09
          128         1000         1.86        68.88
          256         1000         1.97       130.22
          512         1000         2.13       240.08
         1024         1000         2.43       421.66
         2048         1000         2.89       709.51
         4096         1000         4.05      1011.08
         8192         1000         5.77      1418.54
        16384         1000         6.31      2596.08
        32768         1000         8.55      3831.10
        65536          640        12.61      5195.68
       131072          320        20.89      6275.18
       262144          160        37.67      6958.70
       524288           80        71.14      7370.02
      1048576           40       137.36      7633.69
      2097152           20       269.83      7772.04
      4194304           10       538.34      7791.24


# All processes entering MPI_Finalize

#------------------------------------------------------------
#    Intel(R) MPI Benchmarks 2019 Update 3, MPI-1 part    
#------------------------------------------------------------
# Date                  : Sun Nov 24 04:07:06 2019
# Machine               : x86_64
# System                : Linux
# Release               : 4.15.0-65-generic
# Version               : #74-Ubuntu SMP Tue Sep 17 17:06:04 UTC 2019
# MPI Version           : 3.1
# MPI Thread Environment: 


# Calling sequence was: 

# /home/users/ammaliszewski/CMP223/BENCHMARKS/mpi-benchmarks/IMB-MPI1 PingPong 

# Minimum message length in bytes:   0
# Maximum message length in bytes:   4194304
#
# MPI_Datatype                   :   MPI_BYTE 
# MPI_Datatype for reductions    :   MPI_FLOAT 
# MPI_Op                         :   MPI_SUM  
# 
# 

# List of Benchmarks to run:

# PingPong

#---------------------------------------------------
# Benchmarking PingPong 
# #processes = 2 
#---------------------------------------------------
       #bytes #repetitions      t[usec]   Mbytes/sec
            0         1000         1.08         0.00
            1         1000         1.19         0.84
            2         1000         1.19         1.69
            4         1000         1.17         3.41
            8         1000         1.23         6.48
           16         1000         1.23        13.00
           32         1000         1.24        25.89
           64         1000         1.36        47.13
          128         1000         2.00        64.11
          256         1000         2.20       116.52
          512         1000         2.37       215.89
         1024         1000         2.71       377.64
         2048         1000         3.34       613.11
         4096         1000         4.75       861.44
         8192         1000         6.48      1264.51
        16384         1000         6.48      2528.32
        32768         1000         8.64      3792.78
        65536          640        12.71      5154.80
       131072          320        20.97      6249.07
       262144          160        37.71      6951.08
       524288           80        71.30      7353.22
      1048576           40       137.45      7629.05
      2097152           20       269.94      7768.95
      4194304           10       545.40      7690.30


# All processes entering MPI_Finalize

#------------------------------------------------------------
#    Intel(R) MPI Benchmarks 2019 Update 3, MPI-1 part    
#------------------------------------------------------------
# Date                  : Sun Nov 24 08:32:43 2019
# Machine               : x86_64
# System                : Linux
# Release               : 4.15.0-65-generic
# Version               : #74-Ubuntu SMP Tue Sep 17 17:06:04 UTC 2019
# MPI Version           : 3.1
# MPI Thread Environment: 


# Calling sequence was: 

# /home/users/ammaliszewski/CMP223/BENCHMARKS/mpi-benchmarks/IMB-MPI1 PingPong 

# Minimum message length in bytes:   0
# Maximum message length in bytes:   4194304
#
# MPI_Datatype                   :   MPI_BYTE 
# MPI_Datatype for reductions    :   MPI_FLOAT 
# MPI_Op                         :   MPI_SUM  
# 
# 

# List of Benchmarks to run:

# PingPong

#---------------------------------------------------
# Benchmarking PingPong 
# #processes = 2 
#---------------------------------------------------
       #bytes #repetitions      t[usec]   Mbytes/sec
            0         1000         1.19         0.00
            1         1000         1.15         0.87
            2         1000         1.17         1.71
            4         1000         1.18         3.39
            8         1000         1.20         6.65
           16         1000         1.22        13.10
           32         1000         1.24        25.89
           64         1000         1.26        50.63
          128         1000         1.85        69.19
          256         1000         2.00       127.96
          512         1000         2.13       240.41
         1024         1000         2.44       420.43
         2048         1000         2.92       701.58
         4096         1000         3.98      1030.36
         8192         1000         5.72      1432.40
        16384         1000         6.29      2605.60
        32768         1000         8.27      3960.64
        65536          640        12.35      5304.45
       131072          320        20.61      6358.43
       262144          160        37.54      6982.47
       524288           80        71.02      7382.43
      1048576           40       137.32      7635.84
      2097152           20       270.27      7759.42
      4194304           10       536.74      7814.42


# All processes entering MPI_Finalize

./SH/experiments_exec.sh: line 150: mpiexec: command not found
./SH/experiments_exec.sh: line 150: mpiexec: command not found
./SH/experiments_exec.sh: line 150: mpiexec: command not found
./SH/experiments_exec.sh: line 150: mpiexec: command not found
./SH/experiments_exec.sh: line 150: mpiexec: command not found
./SH/experiments_exec.sh: line 150: mpiexec: command not found
./SH/experiments_exec.sh: line 150: mpiexec: command not found
./SH/experiments_exec.sh: line 150: mpiexec: command not found
./SH/experiments_exec.sh: line 150: mpiexec: command not found
./SH/experiments_exec.sh: line 150: mpiexec: command not found
./SH/experiments_exec.sh: line 150: mpiexec: command not found
./SH/experiments_exec.sh: line 150: mpiexec: command not found
./SH/experiments_exec.sh: line 150: mpiexec: command not found
./SH/experiments_exec.sh: line 150: mpiexec: command not found
#------------------------------------------------------------
#    Intel(R) MPI Benchmarks 2019 Update 3, MPI-1 part    
#------------------------------------------------------------
# Date                  : Mon Nov 25 15:15:28 2019
# Machine               : x86_64
# System                : Linux
# Release               : 4.15.0-70-generic
# Version               : #79-Ubuntu SMP Tue Nov 12 10:36:11 UTC 2019
# MPI Version           : 3.1
# MPI Thread Environment: 


# Calling sequence was: 

# /home/users/ammaliszewski/CMP223/BENCHMARKS/mpi-benchmarks/IMB-MPI1 PingPong 

# Minimum message length in bytes:   0
# Maximum message length in bytes:   4194304
#
# MPI_Datatype                   :   MPI_BYTE 
# MPI_Datatype for reductions    :   MPI_FLOAT 
# MPI_Op                         :   MPI_SUM  
# 
# 

# List of Benchmarks to run:

# PingPong

#---------------------------------------------------
# Benchmarking PingPong 
# #processes = 2 
#---------------------------------------------------
       #bytes #repetitions      t[usec]   Mbytes/sec
            0         1000         0.95         0.00
            1         1000         1.03         0.97
            2         1000         1.08         1.85
            4         1000         1.08         3.71
            8         1000         1.09         7.34
           16         1000         1.09        14.67
           32         1000         1.12        28.57
           64         1000         1.16        55.10
          128         1000         1.64        77.98
          256         1000         1.72       149.03
          512         1000         1.83       279.64
         1024         1000         2.04       502.10
         2048         1000         2.52       811.35
         4096         1000         3.54      1155.60
         8192         1000         5.09      1608.95
        16384         1000         5.95      2752.67
        32768         1000         8.10      4047.57
        65536          640        12.26      5347.55
       131072          320        20.32      6450.86
       262144          160        36.97      7091.48
       524288           80        70.33      7454.53
      1048576           40       136.31      7692.54
      2097152           20       269.07      7794.21
      4194304           10       535.23      7836.40


# All processes entering MPI_Finalize

#------------------------------------------------------------
#    Intel(R) MPI Benchmarks 2019 Update 3, MPI-1 part    
#------------------------------------------------------------
# Date                  : Mon Nov 25 18:03:25 2019
# Machine               : x86_64
# System                : Linux
# Release               : 4.15.0-70-generic
# Version               : #79-Ubuntu SMP Tue Nov 12 10:36:11 UTC 2019
# MPI Version           : 3.1
# MPI Thread Environment: 


# Calling sequence was: 

# /home/users/ammaliszewski/CMP223/BENCHMARKS/mpi-benchmarks/IMB-MPI1 PingPong 

# Minimum message length in bytes:   0
# Maximum message length in bytes:   4194304
#
# MPI_Datatype                   :   MPI_BYTE 
# MPI_Datatype for reductions    :   MPI_FLOAT 
# MPI_Op                         :   MPI_SUM  
# 
# 

# List of Benchmarks to run:

# PingPong

#---------------------------------------------------
# Benchmarking PingPong 
# #processes = 2 
#---------------------------------------------------
       #bytes #repetitions      t[usec]   Mbytes/sec
            0         1000         0.98         0.00
            1         1000         0.99         1.01
            2         1000         1.01         1.98
            4         1000         1.02         3.91
            8         1000         1.12         7.17
           16         1000         1.13        14.21
           32         1000         1.11        28.96
           64         1000         1.13        56.74
          128         1000         1.62        78.78
          256         1000         1.70       150.21
          512         1000         1.82       281.48
         1024         1000         2.04       503.06
         2048         1000         2.50       818.98
         4096         1000         3.51      1167.19
         8192         1000         5.13      1595.55
        16384         1000         5.99      2735.16
        32768         1000         8.06      4066.25
        65536          640        12.18      5380.32
       131072          320        20.36      6439.17
       262144          160        37.13      7059.75
       524288           80        70.56      7430.54
      1048576           40       136.69      7671.36
      2097152           20       268.79      7802.31
      4194304           10       538.16      7793.78


# All processes entering MPI_Finalize

#------------------------------------------------------------
#    Intel(R) MPI Benchmarks 2019 Update 3, MPI-1 part    
#------------------------------------------------------------
# Date                  : Mon Nov 25 22:05:52 2019
# Machine               : x86_64
# System                : Linux
# Release               : 4.15.0-70-generic
# Version               : #79-Ubuntu SMP Tue Nov 12 10:36:11 UTC 2019
# MPI Version           : 3.1
# MPI Thread Environment: 


# Calling sequence was: 

# /home/users/ammaliszewski/CMP223/BENCHMARKS/mpi-benchmarks/IMB-MPI1 PingPong 

# Minimum message length in bytes:   0
# Maximum message length in bytes:   4194304
#
# MPI_Datatype                   :   MPI_BYTE 
# MPI_Datatype for reductions    :   MPI_FLOAT 
# MPI_Op                         :   MPI_SUM  
# 
# 

# List of Benchmarks to run:

# PingPong

#---------------------------------------------------
# Benchmarking PingPong 
# #processes = 2 
#---------------------------------------------------
       #bytes #repetitions      t[usec]   Mbytes/sec
            0         1000         0.96         0.00
            1         1000         1.15         0.87
            2         1000         1.05         1.90
            4         1000         1.04         3.83
            8         1000         1.09         7.34
           16         1000         1.11        14.41
           32         1000         1.11        28.74
           64         1000         1.11        57.89
          128         1000         1.61        79.31
          256         1000         1.70       150.36
          512         1000         1.82       281.26
         1024         1000         2.04       503.00
         2048         1000         2.52       811.24
         4096         1000         3.54      1157.98
         8192         1000         5.05      1623.60
        16384         1000         5.96      2749.78
        32768         1000         7.95      4123.88
        65536          640        12.02      5450.06
       131072          320        20.33      6446.13
       262144          160        37.07      7071.60
       524288           80        70.56      7430.87
      1048576           40       136.88      7660.73
      2097152           20       269.03      7795.21
      4194304           10       535.76      7828.65


# All processes entering MPI_Finalize

#------------------------------------------------------------
#    Intel(R) MPI Benchmarks 2019 Update 3, MPI-1 part    
#------------------------------------------------------------
# Date                  : Mon Nov 25 22:09:14 2019
# Machine               : x86_64
# System                : Linux
# Release               : 4.15.0-70-generic
# Version               : #79-Ubuntu SMP Tue Nov 12 10:36:11 UTC 2019
# MPI Version           : 3.1
# MPI Thread Environment: 


# Calling sequence was: 

# /home/users/ammaliszewski/CMP223/BENCHMARKS/mpi-benchmarks/IMB-MPI1 PingPong 

# Minimum message length in bytes:   0
# Maximum message length in bytes:   4194304
#
# MPI_Datatype                   :   MPI_BYTE 
# MPI_Datatype for reductions    :   MPI_FLOAT 
# MPI_Op                         :   MPI_SUM  
# 
# 

# List of Benchmarks to run:

# PingPong

#---------------------------------------------------
# Benchmarking PingPong 
# #processes = 2 
#---------------------------------------------------
       #bytes #repetitions      t[usec]   Mbytes/sec
            0         1000         0.97         0.00
            1         1000         0.96         1.04
            2         1000         0.90         2.22
            4         1000         0.91         4.42
            8         1000         0.96         8.35
           16         1000         0.97        16.55
           32         1000         0.98        32.50
           64         1000         1.02        62.55
          128         1000         1.41        90.58
          256         1000         1.50       171.02
          512         1000         1.62       315.81
         1024         1000         1.82       562.70
         2048         1000         2.22       923.94
         4096         1000         3.16      1296.25
         8192         1000         4.57      1791.23
        16384         1000         5.86      2797.98
        32768         1000         7.84      4177.78
        65536          640        11.92      5497.24
       131072          320        20.24      6476.05
       262144          160        37.05      7075.65
       524288           80        70.45      7441.79
      1048576           40       136.64      7674.19
      2097152           20       269.36      7785.72
      4194304           10       535.05      7839.07


# All processes entering MPI_Finalize

#------------------------------------------------------------
#    Intel(R) MPI Benchmarks 2019 Update 3, MPI-1 part    
#------------------------------------------------------------
# Date                  : Tue Nov 26 01:17:47 2019
# Machine               : x86_64
# System                : Linux
# Release               : 4.15.0-70-generic
# Version               : #79-Ubuntu SMP Tue Nov 12 10:36:11 UTC 2019
# MPI Version           : 3.1
# MPI Thread Environment: 


# Calling sequence was: 

# /home/users/ammaliszewski/CMP223/BENCHMARKS/mpi-benchmarks/IMB-MPI1 PingPong 

# Minimum message length in bytes:   0
# Maximum message length in bytes:   4194304
#
# MPI_Datatype                   :   MPI_BYTE 
# MPI_Datatype for reductions    :   MPI_FLOAT 
# MPI_Op                         :   MPI_SUM  
# 
# 

# List of Benchmarks to run:

# PingPong

#---------------------------------------------------
# Benchmarking PingPong 
# #processes = 2 
#---------------------------------------------------
       #bytes #repetitions      t[usec]   Mbytes/sec
            0         1000         0.97         0.00
            1         1000         0.98         1.03
            2         1000         0.97         2.07
            4         1000         0.95         4.19
            8         1000         0.98         8.16
           16         1000         0.98        16.32
           32         1000         0.99        32.30
           64         1000         1.01        63.46
          128         1000         1.43        89.30
          256         1000         1.51       170.09
          512         1000         1.61       317.56
         1024         1000         1.83       558.29
         2048         1000         2.23       917.61
         4096         1000         3.12      1311.34
         8192         1000         4.63      1768.76
        16384         1000         5.91      2770.04
        32768         1000         7.93      4133.07
        65536          640        12.02      5453.28
       131072          320        20.29      6460.14
       262144          160        37.21      7045.34
       524288           80        70.61      7425.63
      1048576           40       136.68      7671.70
      2097152           20       271.54      7723.20
      4194304           10       535.16      7837.45


# All processes entering MPI_Finalize

#------------------------------------------------------------
#    Intel(R) MPI Benchmarks 2019 Update 3, MPI-1 part    
#------------------------------------------------------------
# Date                  : Tue Nov 26 04:02:02 2019
# Machine               : x86_64
# System                : Linux
# Release               : 4.15.0-70-generic
# Version               : #79-Ubuntu SMP Tue Nov 12 10:36:11 UTC 2019
# MPI Version           : 3.1
# MPI Thread Environment: 


# Calling sequence was: 

# /home/users/ammaliszewski/CMP223/BENCHMARKS/mpi-benchmarks/IMB-MPI1 PingPong 

# Minimum message length in bytes:   0
# Maximum message length in bytes:   4194304
#
# MPI_Datatype                   :   MPI_BYTE 
# MPI_Datatype for reductions    :   MPI_FLOAT 
# MPI_Op                         :   MPI_SUM  
# 
# 

# List of Benchmarks to run:

# PingPong

#---------------------------------------------------
# Benchmarking PingPong 
# #processes = 2 
#---------------------------------------------------
       #bytes #repetitions      t[usec]   Mbytes/sec
            0         1000         0.99         0.00
            1         1000         0.99         1.01
            2         1000         0.95         2.09
            4         1000         0.96         4.18
            8         1000         0.97         8.21
           16         1000         0.96        16.74
           32         1000         0.95        33.66
           64         1000         1.00        63.86
          128         1000         1.42        89.89
          256         1000         1.49       171.78
          512         1000         1.62       316.75
         1024         1000         1.82       563.05
         2048         1000         2.26       904.24
         4096         1000         3.16      1296.12
         8192         1000         4.63      1768.07
        16384         1000         5.84      2803.65
        32768         1000         7.85      4176.46
        65536          640        11.95      5484.91
       131072          320        20.27      6465.59
       262144          160        37.04      7077.47
       524288           80        70.55      7431.03
      1048576           40       136.83      7663.08
      2097152           20       269.04      7794.99
      4194304           10       535.49      7832.69


# All processes entering MPI_Finalize

#------------------------------------------------------------
#    Intel(R) MPI Benchmarks 2019 Update 3, MPI-1 part    
#------------------------------------------------------------
# Date                  : Tue Nov 26 06:22:52 2019
# Machine               : x86_64
# System                : Linux
# Release               : 4.15.0-70-generic
# Version               : #79-Ubuntu SMP Tue Nov 12 10:36:11 UTC 2019
# MPI Version           : 3.1
# MPI Thread Environment: 


# Calling sequence was: 

# /home/users/ammaliszewski/CMP223/BENCHMARKS/mpi-benchmarks/IMB-MPI1 PingPong 

# Minimum message length in bytes:   0
# Maximum message length in bytes:   4194304
#
# MPI_Datatype                   :   MPI_BYTE 
# MPI_Datatype for reductions    :   MPI_FLOAT 
# MPI_Op                         :   MPI_SUM  
# 
# 

# List of Benchmarks to run:

# PingPong

#---------------------------------------------------
# Benchmarking PingPong 
# #processes = 2 
#---------------------------------------------------
       #bytes #repetitions      t[usec]   Mbytes/sec
            0         1000         0.95         0.00
            1         1000         1.05         0.95
            2         1000         1.04         1.92
            4         1000         1.05         3.80
            8         1000         1.11         7.23
           16         1000         1.11        14.42
           32         1000         1.08        29.62
           64         1000         1.12        56.90
          128         1000         1.61        79.34
          256         1000         1.69       151.15
          512         1000         1.81       282.23
         1024         1000         2.04       500.95
         2048         1000         2.48       824.80
         4096         1000         3.53      1161.75
         8192         1000         5.05      1622.94
        16384         1000         6.05      2710.20
        32768         1000         8.03      4080.51
        65536          640        12.14      5399.67
       131072          320        20.40      6423.87
       262144          160        37.21      7044.06
       524288           80        70.49      7437.61
      1048576           40       136.71      7669.97
      2097152           20       269.16      7791.38
      4194304           10       535.64      7830.52


# All processes entering MPI_Finalize

#------------------------------------------------------------
#    Intel(R) MPI Benchmarks 2019 Update 3, MPI-1 part    
#------------------------------------------------------------
# Date                  : Tue Nov 26 09:38:21 2019
# Machine               : x86_64
# System                : Linux
# Release               : 4.15.0-70-generic
# Version               : #79-Ubuntu SMP Tue Nov 12 10:36:11 UTC 2019
# MPI Version           : 3.1
# MPI Thread Environment: 


# Calling sequence was: 

# /home/users/ammaliszewski/CMP223/BENCHMARKS/mpi-benchmarks/IMB-MPI1 PingPong 

# Minimum message length in bytes:   0
# Maximum message length in bytes:   4194304
#
# MPI_Datatype                   :   MPI_BYTE 
# MPI_Datatype for reductions    :   MPI_FLOAT 
# MPI_Op                         :   MPI_SUM  
# 
# 

# List of Benchmarks to run:

# PingPong

#---------------------------------------------------
# Benchmarking PingPong 
# #processes = 2 
#---------------------------------------------------
       #bytes #repetitions      t[usec]   Mbytes/sec
            0         1000         1.01         0.00
            1         1000         1.08         0.93
            2         1000         1.06         1.89
            4         1000         1.05         3.81
            8         1000         1.27         6.30
           16         1000         1.11        14.41
           32         1000         1.09        29.40
           64         1000         1.14        56.12
          128         1000         1.67        76.68
          256         1000         1.73       148.07
          512         1000         1.83       279.53
         1024         1000         2.05       499.62
         2048         1000         2.49       821.30
         4096         1000         3.52      1164.74
         8192         1000         5.09      1610.55
        16384         1000         5.98      2738.15
        32768         1000         7.99      4100.31
        65536          640        12.11      5412.07
       131072          320        20.39      6429.59
       262144          160        37.12      7061.29
       524288           80        70.51      7436.17
      1048576           40       136.89      7659.83
      2097152           20       270.25      7760.08
      4194304           10       535.17      7837.40


# All processes entering MPI_Finalize

#------------------------------------------------------------
#    Intel(R) MPI Benchmarks 2019 Update 3, MPI-1 part    
#------------------------------------------------------------
# Date                  : Tue Nov 26 10:16:11 2019
# Machine               : x86_64
# System                : Linux
# Release               : 4.15.0-70-generic
# Version               : #79-Ubuntu SMP Tue Nov 12 10:36:11 UTC 2019
# MPI Version           : 3.1
# MPI Thread Environment: 


# Calling sequence was: 

# /home/users/ammaliszewski/CMP223/BENCHMARKS/mpi-benchmarks/IMB-MPI1 PingPong 

# Minimum message length in bytes:   0
# Maximum message length in bytes:   4194304
#
# MPI_Datatype                   :   MPI_BYTE 
# MPI_Datatype for reductions    :   MPI_FLOAT 
# MPI_Op                         :   MPI_SUM  
# 
# 

# List of Benchmarks to run:

# PingPong

#---------------------------------------------------
# Benchmarking PingPong 
# #processes = 2 
#---------------------------------------------------
       #bytes #repetitions      t[usec]   Mbytes/sec
            0         1000         0.97         0.00
            1         1000         1.02         0.98
            2         1000         1.04         1.93
            4         1000         1.05         3.81
            8         1000         1.08         7.44
           16         1000         1.09        14.72
           32         1000         1.09        29.48
           64         1000         1.15        55.81
          128         1000         1.60        79.77
          256         1000         1.66       154.09
          512         1000         1.80       284.80
         1024         1000         2.02       506.70
         2048         1000         2.51       816.38
         4096         1000         3.50      1169.34
         8192         1000         5.09      1610.68
        16384         1000         5.96      2749.35
        32768         1000         7.88      4158.07
        65536          640        12.06      5434.50
       131072          320        20.27      6467.67
       262144          160        37.15      7055.60
       524288           80        70.47      7440.13
      1048576           40       136.75      7667.77
      2097152           20       269.05      7794.52
      4194304           10       535.93      7826.19


# All processes entering MPI_Finalize

#------------------------------------------------------------
#    Intel(R) MPI Benchmarks 2019 Update 3, MPI-1 part    
#------------------------------------------------------------
# Date                  : Tue Nov 26 12:58:33 2019
# Machine               : x86_64
# System                : Linux
# Release               : 4.15.0-70-generic
# Version               : #79-Ubuntu SMP Tue Nov 12 10:36:11 UTC 2019
# MPI Version           : 3.1
# MPI Thread Environment: 


# Calling sequence was: 

# /home/users/ammaliszewski/CMP223/BENCHMARKS/mpi-benchmarks/IMB-MPI1 PingPong 

# Minimum message length in bytes:   0
# Maximum message length in bytes:   4194304
#
# MPI_Datatype                   :   MPI_BYTE 
# MPI_Datatype for reductions    :   MPI_FLOAT 
# MPI_Op                         :   MPI_SUM  
# 
# 

# List of Benchmarks to run:

# PingPong

#---------------------------------------------------
# Benchmarking PingPong 
# #processes = 2 
#---------------------------------------------------
       #bytes #repetitions      t[usec]   Mbytes/sec
            0         1000         0.97         0.00
            1         1000         1.09         0.92
            2         1000         1.08         1.84
            4         1000         1.06         3.77
            8         1000         1.09         7.36
           16         1000         1.13        14.20
           32         1000         1.12        28.63
           64         1000         1.11        57.68
          128         1000         1.64        78.19
          256         1000         1.71       149.67
          512         1000         1.84       278.95
         1024         1000         2.04       501.44
         2048         1000         2.49       822.80
         4096         1000         3.53      1160.45
         8192         1000         5.11      1604.16
        16384         1000         5.82      2815.83
        32768         1000         7.94      4125.04
        65536          640        12.14      5396.71
       131072          320        20.25      6473.92
       262144          160        37.00      7084.70
       524288           80        70.36      7451.43
      1048576           40       136.37      7688.99
      2097152           20       268.97      7796.98
      4194304           10       534.96      7840.44


# All processes entering MPI_Finalize

#------------------------------------------------------------
#    Intel(R) MPI Benchmarks 2019 Update 3, MPI-1 part    
#------------------------------------------------------------
# Date                  : Tue Nov 26 16:03:31 2019
# Machine               : x86_64
# System                : Linux
# Release               : 4.15.0-70-generic
# Version               : #79-Ubuntu SMP Tue Nov 12 10:36:11 UTC 2019
# MPI Version           : 3.1
# MPI Thread Environment: 


# Calling sequence was: 

# /home/users/ammaliszewski/CMP223/BENCHMARKS/mpi-benchmarks/IMB-MPI1 PingPong 

# Minimum message length in bytes:   0
# Maximum message length in bytes:   4194304
#
# MPI_Datatype                   :   MPI_BYTE 
# MPI_Datatype for reductions    :   MPI_FLOAT 
# MPI_Op                         :   MPI_SUM  
# 
# 

# List of Benchmarks to run:

# PingPong

#---------------------------------------------------
# Benchmarking PingPong 
# #processes = 2 
#---------------------------------------------------
       #bytes #repetitions      t[usec]   Mbytes/sec
            0         1000         1.01         0.00
            1         1000         0.99         1.01
            2         1000         0.99         2.02
            4         1000         1.00         4.01
            8         1000         1.05         7.60
           16         1000         1.08        14.75
           32         1000         1.11        28.87
           64         1000         1.12        57.06
          128         1000         1.62        79.20
          256         1000         1.70       150.33
          512         1000         1.82       281.87
         1024         1000         2.03       505.22
         2048         1000         2.51       814.93
         4096         1000         3.55      1155.03
         8192         1000         5.08      1611.32
        16384         1000         5.98      2737.56
        32768         1000         8.01      4090.14
        65536          640        12.27      5342.93
       131072          320        20.80      6301.61
       262144          160        37.88      6920.76
       524288           80        72.05      7276.57
      1048576           40       136.52      7680.47
      2097152           20       268.98      7796.56
      4194304           10       535.22      7836.57


# All processes entering MPI_Finalize

#------------------------------------------------------------
#    Intel(R) MPI Benchmarks 2019 Update 3, MPI-1 part    
#------------------------------------------------------------
# Date                  : Tue Nov 26 17:37:28 2019
# Machine               : x86_64
# System                : Linux
# Release               : 4.15.0-70-generic
# Version               : #79-Ubuntu SMP Tue Nov 12 10:36:11 UTC 2019
# MPI Version           : 3.1
# MPI Thread Environment: 


# Calling sequence was: 

# /home/users/ammaliszewski/CMP223/BENCHMARKS/mpi-benchmarks/IMB-MPI1 PingPong 

# Minimum message length in bytes:   0
# Maximum message length in bytes:   4194304
#
# MPI_Datatype                   :   MPI_BYTE 
# MPI_Datatype for reductions    :   MPI_FLOAT 
# MPI_Op                         :   MPI_SUM  
# 
# 

# List of Benchmarks to run:

# PingPong

#---------------------------------------------------
# Benchmarking PingPong 
# #processes = 2 
#---------------------------------------------------
       #bytes #repetitions      t[usec]   Mbytes/sec
            0         1000         0.96         0.00
            1         1000         1.00         1.00
            2         1000         1.02         1.96
            4         1000         1.05         3.81
            8         1000         1.12         7.15
           16         1000         1.12        14.27
           32         1000         1.09        29.25
           64         1000         1.13        56.74
          128         1000         1.61        79.60
          256         1000         1.71       149.81
          512         1000         1.83       280.06
         1024         1000         2.05       499.77
         2048         1000         2.51       814.85
         4096         1000         3.51      1166.39
         8192         1000         5.09      1610.05
        16384         1000         5.60      2923.14
        32768         1000         7.88      4160.23
        65536          640        12.00      5459.84
       131072          320        20.31      6454.85
       262144          160        37.12      7062.29
       524288           80        70.43      7444.17
      1048576           40       136.73      7668.78
      2097152           20       269.47      7782.50
      4194304           10       534.97      7840.26


# All processes entering MPI_Finalize

#------------------------------------------------------------
#    Intel(R) MPI Benchmarks 2019 Update 3, MPI-1 part    
#------------------------------------------------------------
# Date                  : Tue Nov 26 21:38:28 2019
# Machine               : x86_64
# System                : Linux
# Release               : 4.15.0-70-generic
# Version               : #79-Ubuntu SMP Tue Nov 12 10:36:11 UTC 2019
# MPI Version           : 3.1
# MPI Thread Environment: 


# Calling sequence was: 

# /home/users/ammaliszewski/CMP223/BENCHMARKS/mpi-benchmarks/IMB-MPI1 PingPong 

# Minimum message length in bytes:   0
# Maximum message length in bytes:   4194304
#
# MPI_Datatype                   :   MPI_BYTE 
# MPI_Datatype for reductions    :   MPI_FLOAT 
# MPI_Op                         :   MPI_SUM  
# 
# 

# List of Benchmarks to run:

# PingPong

#---------------------------------------------------
# Benchmarking PingPong 
# #processes = 2 
#---------------------------------------------------
       #bytes #repetitions      t[usec]   Mbytes/sec
            0         1000         0.99         0.00
            1         1000         0.94         1.06
            2         1000         0.95         2.11
            4         1000         0.94         4.27
            8         1000         0.99         8.12
           16         1000         0.99        16.09
           32         1000         1.00        31.97
           64         1000         1.03        61.85
          128         1000         1.47        87.20
          256         1000         1.54       166.16
          512         1000         1.70       300.55
         1024         1000         1.94       528.25
         2048         1000         2.42       844.85
         4096         1000         3.60      1137.67
         8192         1000         5.12      1599.37
        16384         1000         6.12      2677.31
        32768         1000         8.11      4038.71
        65536          640        12.03      5445.89
       131072          320        20.30      6456.77
       262144          160        37.06      7073.41
       524288           80        70.27      7460.94
      1048576           40       136.29      7693.43
      2097152           20       268.85      7800.43
      4194304           10       534.11      7852.92


# All processes entering MPI_Finalize

#------------------------------------------------------------
#    Intel(R) MPI Benchmarks 2019 Update 3, MPI-1 part    
#------------------------------------------------------------
# Date                  : Tue Nov 26 23:36:37 2019
# Machine               : x86_64
# System                : Linux
# Release               : 4.15.0-70-generic
# Version               : #79-Ubuntu SMP Tue Nov 12 10:36:11 UTC 2019
# MPI Version           : 3.1
# MPI Thread Environment: 


# Calling sequence was: 

# /home/users/ammaliszewski/CMP223/BENCHMARKS/mpi-benchmarks/IMB-MPI1 PingPong 

# Minimum message length in bytes:   0
# Maximum message length in bytes:   4194304
#
# MPI_Datatype                   :   MPI_BYTE 
# MPI_Datatype for reductions    :   MPI_FLOAT 
# MPI_Op                         :   MPI_SUM  
# 
# 

# List of Benchmarks to run:

# PingPong

#---------------------------------------------------
# Benchmarking PingPong 
# #processes = 2 
#---------------------------------------------------
       #bytes #repetitions      t[usec]   Mbytes/sec
            0         1000         0.95         0.00
            1         1000         1.00         1.00
            2         1000         1.03         1.94
            4         1000         1.05         3.81
            8         1000         1.10         7.29
           16         1000         1.09        14.71
           32         1000         1.27        25.24
           64         1000         1.15        55.50
          128         1000         1.61        79.63
          256         1000         1.71       149.52
          512         1000         1.80       283.67
         1024         1000         2.03       503.98
         2048         1000         2.52       811.24
         4096         1000         3.49      1172.29
         8192         1000         5.03      1628.94
        16384         1000         5.83      2812.08
        32768         1000         7.81      4193.82
        65536          640        11.95      5482.14
       131072          320        20.24      6475.33
       262144          160        37.04      7077.37
       524288           80        70.64      7422.46
      1048576           40       136.65      7673.36
      2097152           20       268.56      7808.75
      4194304           10       535.19      7836.98


# All processes entering MPI_Finalize

