
 NAS Parallel Benchmarks 3.4 -- EP Benchmark

 Number of random numbers generated:    137438953472  (class D)
 Total number of processes:                      128

EP Benchmark Results:

CPU Time =   37.2288
N = 2^   36
No. Gaussian Pairs =   53972171957.
Sums =     1.982481200937991D+05   -1.020596636363627D+05
Counts:
  0   25154622775.
  1   24017899906.
  2    4508609839.
  3     284201296.
  4       6776403.
  5         61541.
  6           197.
  7             0.
  8             0.
  9             0.


 EP Benchmark Completed.
 Class           =                        D
 Size            =             137438953472
 Iterations      =                        0
 Time in seconds =                    37.23
 Total processes =                      128
 Active procs    =                      128
 Mop/s total     =                  3691.74
 Mop/s/process   =                    28.84
 Operation type  = Random numbers generated
 Verification    =               SUCCESSFUL
 Version         =                      3.4
 Compile date    =              22 Nov 2019

 Compile options:
    MPIFC        = mpifort
    FLINK        = $(MPIFC)
    FMPI_LIB     = (none)
    FMPI_INC     = (none)
    FFLAGS       = -O3
    FLINKFLAGS   = $(FFLAGS)
    RAND         = randi8


 Please send feedbacks and/or the results of this run to:

 NPB Development Team 
 Internet: npb@nas.nasa.gov



 NAS Parallel Benchmarks 3.4 -- EP Benchmark

 Number of random numbers generated:    137438953472  (class D)
 Total number of processes:                      128

EP Benchmark Results:

CPU Time =   38.0108
N = 2^   36
No. Gaussian Pairs =   53972171957.
Sums =     1.982481200937991D+05   -1.020596636363627D+05
Counts:
  0   25154622775.
  1   24017899906.
  2    4508609839.
  3     284201296.
  4       6776403.
  5         61541.
  6           197.
  7             0.
  8             0.
  9             0.


 EP Benchmark Completed.
 Class           =                        D
 Size            =             137438953472
 Iterations      =                        0
 Time in seconds =                    38.01
 Total processes =                      128
 Active procs    =                      128
 Mop/s total     =                  3615.78
 Mop/s/process   =                    28.25
 Operation type  = Random numbers generated
 Verification    =               SUCCESSFUL
 Version         =                      3.4
 Compile date    =              22 Nov 2019

 Compile options:
    MPIFC        = mpifort
    FLINK        = $(MPIFC)
    FMPI_LIB     = (none)
    FMPI_INC     = (none)
    FFLAGS       = -O3
    FLINKFLAGS   = $(FFLAGS)
    RAND         = randi8


 Please send feedbacks and/or the results of this run to:

 NPB Development Team 
 Internet: npb@nas.nasa.gov



 NAS Parallel Benchmarks 3.4 -- EP Benchmark

 Number of random numbers generated:    137438953472  (class D)
 Total number of processes:                      128

EP Benchmark Results:

CPU Time =   37.2762
N = 2^   36
No. Gaussian Pairs =   53972171957.
Sums =     1.982481200937991D+05   -1.020596636363627D+05
Counts:
  0   25154622775.
  1   24017899906.
  2    4508609839.
  3     284201296.
  4       6776403.
  5         61541.
  6           197.
  7             0.
  8             0.
  9             0.


 EP Benchmark Completed.
 Class           =                        D
 Size            =             137438953472
 Iterations      =                        0
 Time in seconds =                    37.28
 Total processes =                      128
 Active procs    =                      128
 Mop/s total     =                  3687.04
 Mop/s/process   =                    28.81
 Operation type  = Random numbers generated
 Verification    =               SUCCESSFUL
 Version         =                      3.4
 Compile date    =              22 Nov 2019

 Compile options:
    MPIFC        = mpifort
    FLINK        = $(MPIFC)
    FMPI_LIB     = (none)
    FMPI_INC     = (none)
    FFLAGS       = -O3
    FLINKFLAGS   = $(FFLAGS)
    RAND         = randi8


 Please send feedbacks and/or the results of this run to:

 NPB Development Team 
 Internet: npb@nas.nasa.gov



 NAS Parallel Benchmarks 3.4 -- EP Benchmark

 Number of random numbers generated:    137438953472  (class D)
 Total number of processes:                      128

EP Benchmark Results:

CPU Time =   37.2154
N = 2^   36
No. Gaussian Pairs =   53972171957.
Sums =     1.982481200937991D+05   -1.020596636363627D+05
Counts:
  0   25154622775.
  1   24017899906.
  2    4508609839.
  3     284201296.
  4       6776403.
  5         61541.
  6           197.
  7             0.
  8             0.
  9             0.


 EP Benchmark Completed.
 Class           =                        D
 Size            =             137438953472
 Iterations      =                        0
 Time in seconds =                    37.22
 Total processes =                      128
 Active procs    =                      128
 Mop/s total     =                  3693.07
 Mop/s/process   =                    28.85
 Operation type  = Random numbers generated
 Verification    =               SUCCESSFUL
 Version         =                      3.4
 Compile date    =              22 Nov 2019

 Compile options:
    MPIFC        = mpifort
    FLINK        = $(MPIFC)
    FMPI_LIB     = (none)
    FMPI_INC     = (none)
    FFLAGS       = -O3
    FLINKFLAGS   = $(FFLAGS)
    RAND         = randi8


 Please send feedbacks and/or the results of this run to:

 NPB Development Team 
 Internet: npb@nas.nasa.gov



 NAS Parallel Benchmarks 3.4 -- EP Benchmark

 Number of random numbers generated:    137438953472  (class D)
 Total number of processes:                      128

EP Benchmark Results:

CPU Time =   37.0092
N = 2^   36
No. Gaussian Pairs =   53972171957.
Sums =     1.982481200937991D+05   -1.020596636363627D+05
Counts:
  0   25154622775.
  1   24017899906.
  2    4508609839.
  3     284201296.
  4       6776403.
  5         61541.
  6           197.
  7             0.
  8             0.
  9             0.


 EP Benchmark Completed.
 Class           =                        D
 Size            =             137438953472
 Iterations      =                        0
 Time in seconds =                    37.01
 Total processes =                      128
 Active procs    =                      128
 Mop/s total     =                  3713.64
 Mop/s/process   =                    29.01
 Operation type  = Random numbers generated
 Verification    =               SUCCESSFUL
 Version         =                      3.4
 Compile date    =              22 Nov 2019

 Compile options:
    MPIFC        = mpifort
    FLINK        = $(MPIFC)
    FMPI_LIB     = (none)
    FMPI_INC     = (none)
    FFLAGS       = -O3
    FLINKFLAGS   = $(FFLAGS)
    RAND         = randi8


 Please send feedbacks and/or the results of this run to:

 NPB Development Team 
 Internet: npb@nas.nasa.gov



 NAS Parallel Benchmarks 3.4 -- EP Benchmark

 Number of random numbers generated:    137438953472  (class D)
 Total number of processes:                      128

EP Benchmark Results:

CPU Time =   37.1834
N = 2^   36
No. Gaussian Pairs =   53972171957.
Sums =     1.982481200937991D+05   -1.020596636363627D+05
Counts:
  0   25154622775.
  1   24017899906.
  2    4508609839.
  3     284201296.
  4       6776403.
  5         61541.
  6           197.
  7             0.
  8             0.
  9             0.


 EP Benchmark Completed.
 Class           =                        D
 Size            =             137438953472
 Iterations      =                        0
 Time in seconds =                    37.18
 Total processes =                      128
 Active procs    =                      128
 Mop/s total     =                  3696.25
 Mop/s/process   =                    28.88
 Operation type  = Random numbers generated
 Verification    =               SUCCESSFUL
 Version         =                      3.4
 Compile date    =              22 Nov 2019

 Compile options:
    MPIFC        = mpifort
    FLINK        = $(MPIFC)
    FMPI_LIB     = (none)
    FMPI_INC     = (none)
    FFLAGS       = -O3
    FLINKFLAGS   = $(FFLAGS)
    RAND         = randi8


 Please send feedbacks and/or the results of this run to:

 NPB Development Team 
 Internet: npb@nas.nasa.gov



 NAS Parallel Benchmarks 3.4 -- EP Benchmark

 Number of random numbers generated:    137438953472  (class D)
 Total number of processes:                      128

EP Benchmark Results:

CPU Time =   37.3824
N = 2^   36
No. Gaussian Pairs =   53972171957.
Sums =     1.982481200937991D+05   -1.020596636363627D+05
Counts:
  0   25154622775.
  1   24017899906.
  2    4508609839.
  3     284201296.
  4       6776403.
  5         61541.
  6           197.
  7             0.
  8             0.
  9             0.


 EP Benchmark Completed.
 Class           =                        D
 Size            =             137438953472
 Iterations      =                        0
 Time in seconds =                    37.38
 Total processes =                      128
 Active procs    =                      128
 Mop/s total     =                  3676.57
 Mop/s/process   =                    28.72
 Operation type  = Random numbers generated
 Verification    =               SUCCESSFUL
 Version         =                      3.4
 Compile date    =              22 Nov 2019

 Compile options:
    MPIFC        = mpifort
    FLINK        = $(MPIFC)
    FMPI_LIB     = (none)
    FMPI_INC     = (none)
    FFLAGS       = -O3
    FLINKFLAGS   = $(FFLAGS)
    RAND         = randi8


 Please send feedbacks and/or the results of this run to:

 NPB Development Team 
 Internet: npb@nas.nasa.gov



 NAS Parallel Benchmarks 3.4 -- EP Benchmark

 Number of random numbers generated:    137438953472  (class D)
 Total number of processes:                      128

EP Benchmark Results:

CPU Time =   37.4778
N = 2^   36
No. Gaussian Pairs =   53972171957.
Sums =     1.982481200937991D+05   -1.020596636363627D+05
Counts:
  0   25154622775.
  1   24017899906.
  2    4508609839.
  3     284201296.
  4       6776403.
  5         61541.
  6           197.
  7             0.
  8             0.
  9             0.


 EP Benchmark Completed.
 Class           =                        D
 Size            =             137438953472
 Iterations      =                        0
 Time in seconds =                    37.48
 Total processes =                      128
 Active procs    =                      128
 Mop/s total     =                  3667.21
 Mop/s/process   =                    28.65
 Operation type  = Random numbers generated
 Verification    =               SUCCESSFUL
 Version         =                      3.4
 Compile date    =              22 Nov 2019

 Compile options:
    MPIFC        = mpifort
    FLINK        = $(MPIFC)
    FMPI_LIB     = (none)
    FMPI_INC     = (none)
    FFLAGS       = -O3
    FLINKFLAGS   = $(FFLAGS)
    RAND         = randi8


 Please send feedbacks and/or the results of this run to:

 NPB Development Team 
 Internet: npb@nas.nasa.gov



 NAS Parallel Benchmarks 3.4 -- EP Benchmark

 Number of random numbers generated:    137438953472  (class D)
 Total number of processes:                      128

EP Benchmark Results:

CPU Time =   37.1101
N = 2^   36
No. Gaussian Pairs =   53972171957.
Sums =     1.982481200937991D+05   -1.020596636363627D+05
Counts:
  0   25154622775.
  1   24017899906.
  2    4508609839.
  3     284201296.
  4       6776403.
  5         61541.
  6           197.
  7             0.
  8             0.
  9             0.


 EP Benchmark Completed.
 Class           =                        D
 Size            =             137438953472
 Iterations      =                        0
 Time in seconds =                    37.11
 Total processes =                      128
 Active procs    =                      128
 Mop/s total     =                  3703.55
 Mop/s/process   =                    28.93
 Operation type  = Random numbers generated
 Verification    =               SUCCESSFUL
 Version         =                      3.4
 Compile date    =              22 Nov 2019

 Compile options:
    MPIFC        = mpifort
    FLINK        = $(MPIFC)
    FMPI_LIB     = (none)
    FMPI_INC     = (none)
    FFLAGS       = -O3
    FLINKFLAGS   = $(FFLAGS)
    RAND         = randi8


 Please send feedbacks and/or the results of this run to:

 NPB Development Team 
 Internet: npb@nas.nasa.gov



 NAS Parallel Benchmarks 3.4 -- EP Benchmark

 Number of random numbers generated:    137438953472  (class D)
 Total number of processes:                      128

EP Benchmark Results:

CPU Time =   37.6847
N = 2^   36
No. Gaussian Pairs =   53972171957.
Sums =     1.982481200937991D+05   -1.020596636363627D+05
Counts:
  0   25154622775.
  1   24017899906.
  2    4508609839.
  3     284201296.
  4       6776403.
  5         61541.
  6           197.
  7             0.
  8             0.
  9             0.


 EP Benchmark Completed.
 Class           =                        D
 Size            =             137438953472
 Iterations      =                        0
 Time in seconds =                    37.68
 Total processes =                      128
 Active procs    =                      128
 Mop/s total     =                  3647.07
 Mop/s/process   =                    28.49
 Operation type  = Random numbers generated
 Verification    =               SUCCESSFUL
 Version         =                      3.4
 Compile date    =              22 Nov 2019

 Compile options:
    MPIFC        = mpifort
    FLINK        = $(MPIFC)
    FMPI_LIB     = (none)
    FMPI_INC     = (none)
    FFLAGS       = -O3
    FLINKFLAGS   = $(FFLAGS)
    RAND         = randi8


 Please send feedbacks and/or the results of this run to:

 NPB Development Team 
 Internet: npb@nas.nasa.gov



 NAS Parallel Benchmarks 3.4 -- EP Benchmark

 Number of random numbers generated:    137438953472  (class D)
 Total number of processes:                      128

EP Benchmark Results:

CPU Time =   37.4707
N = 2^   36
No. Gaussian Pairs =   53972171957.
Sums =     1.982481200937991D+05   -1.020596636363627D+05
Counts:
  0   25154622775.
  1   24017899906.
  2    4508609839.
  3     284201296.
  4       6776403.
  5         61541.
  6           197.
  7             0.
  8             0.
  9             0.


 EP Benchmark Completed.
 Class           =                        D
 Size            =             137438953472
 Iterations      =                        0
 Time in seconds =                    37.47
 Total processes =                      128
 Active procs    =                      128
 Mop/s total     =                  3667.90
 Mop/s/process   =                    28.66
 Operation type  = Random numbers generated
 Verification    =               SUCCESSFUL
 Version         =                      3.4
 Compile date    =              22 Nov 2019

 Compile options:
    MPIFC        = mpifort
    FLINK        = $(MPIFC)
    FMPI_LIB     = (none)
    FMPI_INC     = (none)
    FFLAGS       = -O3
    FLINKFLAGS   = $(FFLAGS)
    RAND         = randi8


 Please send feedbacks and/or the results of this run to:

 NPB Development Team 
 Internet: npb@nas.nasa.gov



 NAS Parallel Benchmarks 3.4 -- EP Benchmark

 Number of random numbers generated:    137438953472  (class D)
 Total number of processes:                      128

EP Benchmark Results:

CPU Time =   37.3994
N = 2^   36
No. Gaussian Pairs =   53972171957.
Sums =     1.982481200937991D+05   -1.020596636363627D+05
Counts:
  0   25154622775.
  1   24017899906.
  2    4508609839.
  3     284201296.
  4       6776403.
  5         61541.
  6           197.
  7             0.
  8             0.
  9             0.


 EP Benchmark Completed.
 Class           =                        D
 Size            =             137438953472
 Iterations      =                        0
 Time in seconds =                    37.40
 Total processes =                      128
 Active procs    =                      128
 Mop/s total     =                  3674.90
 Mop/s/process   =                    28.71
 Operation type  = Random numbers generated
 Verification    =               SUCCESSFUL
 Version         =                      3.4
 Compile date    =              22 Nov 2019

 Compile options:
    MPIFC        = mpifort
    FLINK        = $(MPIFC)
    FMPI_LIB     = (none)
    FMPI_INC     = (none)
    FFLAGS       = -O3
    FLINKFLAGS   = $(FFLAGS)
    RAND         = randi8


 Please send feedbacks and/or the results of this run to:

 NPB Development Team 
 Internet: npb@nas.nasa.gov



 NAS Parallel Benchmarks 3.4 -- EP Benchmark

 Number of random numbers generated:    137438953472  (class D)
 Total number of processes:                      128

EP Benchmark Results:

CPU Time =   37.3344
N = 2^   36
No. Gaussian Pairs =   53972171957.
Sums =     1.982481200937991D+05   -1.020596636363627D+05
Counts:
  0   25154622775.
  1   24017899906.
  2    4508609839.
  3     284201296.
  4       6776403.
  5         61541.
  6           197.
  7             0.
  8             0.
  9             0.


 EP Benchmark Completed.
 Class           =                        D
 Size            =             137438953472
 Iterations      =                        0
 Time in seconds =                    37.33
 Total processes =                      128
 Active procs    =                      128
 Mop/s total     =                  3681.30
 Mop/s/process   =                    28.76
 Operation type  = Random numbers generated
 Verification    =               SUCCESSFUL
 Version         =                      3.4
 Compile date    =              22 Nov 2019

 Compile options:
    MPIFC        = mpifort
    FLINK        = $(MPIFC)
    FMPI_LIB     = (none)
    FMPI_INC     = (none)
    FFLAGS       = -O3
    FLINKFLAGS   = $(FFLAGS)
    RAND         = randi8


 Please send feedbacks and/or the results of this run to:

 NPB Development Team 
 Internet: npb@nas.nasa.gov



 NAS Parallel Benchmarks 3.4 -- EP Benchmark

 Number of random numbers generated:    137438953472  (class D)
 Total number of processes:                      128

EP Benchmark Results:

CPU Time =   37.2038
N = 2^   36
No. Gaussian Pairs =   53972171957.
Sums =     1.982481200937991D+05   -1.020596636363627D+05
Counts:
  0   25154622775.
  1   24017899906.
  2    4508609839.
  3     284201296.
  4       6776403.
  5         61541.
  6           197.
  7             0.
  8             0.
  9             0.


 EP Benchmark Completed.
 Class           =                        D
 Size            =             137438953472
 Iterations      =                        0
 Time in seconds =                    37.20
 Total processes =                      128
 Active procs    =                      128
 Mop/s total     =                  3694.22
 Mop/s/process   =                    28.86
 Operation type  = Random numbers generated
 Verification    =               SUCCESSFUL
 Version         =                      3.4
 Compile date    =              22 Nov 2019

 Compile options:
    MPIFC        = mpifort
    FLINK        = $(MPIFC)
    FMPI_LIB     = (none)
    FMPI_INC     = (none)
    FFLAGS       = -O3
    FLINKFLAGS   = $(FFLAGS)
    RAND         = randi8


 Please send feedbacks and/or the results of this run to:

 NPB Development Team 
 Internet: npb@nas.nasa.gov



 NAS Parallel Benchmarks 3.4 -- EP Benchmark

 Number of random numbers generated:    137438953472  (class D)
 Total number of processes:                      128

EP Benchmark Results:

CPU Time =   37.3433
N = 2^   36
No. Gaussian Pairs =   53972171957.
Sums =     1.982481200937991D+05   -1.020596636363627D+05
Counts:
  0   25154622775.
  1   24017899906.
  2    4508609839.
  3     284201296.
  4       6776403.
  5         61541.
  6           197.
  7             0.
  8             0.
  9             0.


 EP Benchmark Completed.
 Class           =                        D
 Size            =             137438953472
 Iterations      =                        0
 Time in seconds =                    37.34
 Total processes =                      128
 Active procs    =                      128
 Mop/s total     =                  3680.41
 Mop/s/process   =                    28.75
 Operation type  = Random numbers generated
 Verification    =               SUCCESSFUL
 Version         =                      3.4
 Compile date    =              22 Nov 2019

 Compile options:
    MPIFC        = mpifort
    FLINK        = $(MPIFC)
    FMPI_LIB     = (none)
    FMPI_INC     = (none)
    FFLAGS       = -O3
    FLINKFLAGS   = $(FFLAGS)
    RAND         = randi8


 Please send feedbacks and/or the results of this run to:

 NPB Development Team 
 Internet: npb@nas.nasa.gov



 NAS Parallel Benchmarks 3.4 -- EP Benchmark

 Number of random numbers generated:    137438953472  (class D)
 Total number of processes:                      128

EP Benchmark Results:

CPU Time =   37.1940
N = 2^   36
No. Gaussian Pairs =   53972171957.
Sums =     1.982481200937991D+05   -1.020596636363627D+05
Counts:
  0   25154622775.
  1   24017899906.
  2    4508609839.
  3     284201296.
  4       6776403.
  5         61541.
  6           197.
  7             0.
  8             0.
  9             0.


 EP Benchmark Completed.
 Class           =                        D
 Size            =             137438953472
 Iterations      =                        0
 Time in seconds =                    37.19
 Total processes =                      128
 Active procs    =                      128
 Mop/s total     =                  3695.19
 Mop/s/process   =                    28.87
 Operation type  = Random numbers generated
 Verification    =               SUCCESSFUL
 Version         =                      3.4
 Compile date    =              22 Nov 2019

 Compile options:
    MPIFC        = mpifort
    FLINK        = $(MPIFC)
    FMPI_LIB     = (none)
    FMPI_INC     = (none)
    FFLAGS       = -O3
    FLINKFLAGS   = $(FFLAGS)
    RAND         = randi8


 Please send feedbacks and/or the results of this run to:

 NPB Development Team 
 Internet: npb@nas.nasa.gov


./SH/experiments_exec.sh: line 150: mpiexec: command not found
./SH/experiments_exec.sh: line 150: mpiexec: command not found
./SH/experiments_exec.sh: line 150: mpiexec: command not found
./SH/experiments_exec.sh: line 150: mpiexec: command not found
./SH/experiments_exec.sh: line 150: mpiexec: command not found
./SH/experiments_exec.sh: line 150: mpiexec: command not found
./SH/experiments_exec.sh: line 150: mpiexec: command not found
./SH/experiments_exec.sh: line 150: mpiexec: command not found
./SH/experiments_exec.sh: line 150: mpiexec: command not found
./SH/experiments_exec.sh: line 150: mpiexec: command not found
./SH/experiments_exec.sh: line 150: mpiexec: command not found
./SH/experiments_exec.sh: line 150: mpiexec: command not found
./SH/experiments_exec.sh: line 150: mpiexec: command not found
./SH/experiments_exec.sh: line 150: mpiexec: command not found

 NAS Parallel Benchmarks 3.4 -- EP Benchmark

 Number of random numbers generated:    137438953472  (class D)
 Total number of processes:                      128

EP Benchmark Results:

CPU Time =   37.3306
N = 2^   36
No. Gaussian Pairs =   53972171957.
Sums =     1.982481200937991D+05   -1.020596636363627D+05
Counts:
  0   25154622775.
  1   24017899906.
  2    4508609839.
  3     284201296.
  4       6776403.
  5         61541.
  6           197.
  7             0.
  8             0.
  9             0.


 EP Benchmark Completed.
 Class           =                        D
 Size            =             137438953472
 Iterations      =                        0
 Time in seconds =                    37.33
 Total processes =                      128
 Active procs    =                      128
 Mop/s total     =                  3681.67
 Mop/s/process   =                    28.76
 Operation type  = Random numbers generated
 Verification    =               SUCCESSFUL
 Version         =                      3.4
 Compile date    =              22 Nov 2019

 Compile options:
    MPIFC        = mpifort
    FLINK        = $(MPIFC)
    FMPI_LIB     = (none)
    FMPI_INC     = (none)
    FFLAGS       = -O3
    FLINKFLAGS   = $(FFLAGS)
    RAND         = randi8


 Please send feedbacks and/or the results of this run to:

 NPB Development Team 
 Internet: npb@nas.nasa.gov



 NAS Parallel Benchmarks 3.4 -- EP Benchmark

 Number of random numbers generated:    137438953472  (class D)
 Total number of processes:                      128

EP Benchmark Results:

CPU Time =   37.2043
N = 2^   36
No. Gaussian Pairs =   53972171957.
Sums =     1.982481200937991D+05   -1.020596636363627D+05
Counts:
  0   25154622775.
  1   24017899906.
  2    4508609839.
  3     284201296.
  4       6776403.
  5         61541.
  6           197.
  7             0.
  8             0.
  9             0.


 EP Benchmark Completed.
 Class           =                        D
 Size            =             137438953472
 Iterations      =                        0
 Time in seconds =                    37.20
 Total processes =                      128
 Active procs    =                      128
 Mop/s total     =                  3694.17
 Mop/s/process   =                    28.86
 Operation type  = Random numbers generated
 Verification    =               SUCCESSFUL
 Version         =                      3.4
 Compile date    =              22 Nov 2019

 Compile options:
    MPIFC        = mpifort
    FLINK        = $(MPIFC)
    FMPI_LIB     = (none)
    FMPI_INC     = (none)
    FFLAGS       = -O3
    FLINKFLAGS   = $(FFLAGS)
    RAND         = randi8


 Please send feedbacks and/or the results of this run to:

 NPB Development Team 
 Internet: npb@nas.nasa.gov



 NAS Parallel Benchmarks 3.4 -- EP Benchmark

 Number of random numbers generated:    137438953472  (class D)
 Total number of processes:                      128

EP Benchmark Results:

CPU Time =   37.1298
N = 2^   36
No. Gaussian Pairs =   53972171957.
Sums =     1.982481200937991D+05   -1.020596636363627D+05
Counts:
  0   25154622775.
  1   24017899906.
  2    4508609839.
  3     284201296.
  4       6776403.
  5         61541.
  6           197.
  7             0.
  8             0.
  9             0.


 EP Benchmark Completed.
 Class           =                        D
 Size            =             137438953472
 Iterations      =                        0
 Time in seconds =                    37.13
 Total processes =                      128
 Active procs    =                      128
 Mop/s total     =                  3701.58
 Mop/s/process   =                    28.92
 Operation type  = Random numbers generated
 Verification    =               SUCCESSFUL
 Version         =                      3.4
 Compile date    =              22 Nov 2019

 Compile options:
    MPIFC        = mpifort
    FLINK        = $(MPIFC)
    FMPI_LIB     = (none)
    FMPI_INC     = (none)
    FFLAGS       = -O3
    FLINKFLAGS   = $(FFLAGS)
    RAND         = randi8


 Please send feedbacks and/or the results of this run to:

 NPB Development Team 
 Internet: npb@nas.nasa.gov



 NAS Parallel Benchmarks 3.4 -- EP Benchmark

 Number of random numbers generated:    137438953472  (class D)
 Total number of processes:                      128

EP Benchmark Results:

CPU Time =   37.1278
N = 2^   36
No. Gaussian Pairs =   53972171957.
Sums =     1.982481200937991D+05   -1.020596636363627D+05
Counts:
  0   25154622775.
  1   24017899906.
  2    4508609839.
  3     284201296.
  4       6776403.
  5         61541.
  6           197.
  7             0.
  8             0.
  9             0.


 EP Benchmark Completed.
 Class           =                        D
 Size            =             137438953472
 Iterations      =                        0
 Time in seconds =                    37.13
 Total processes =                      128
 Active procs    =                      128
 Mop/s total     =                  3701.78
 Mop/s/process   =                    28.92
 Operation type  = Random numbers generated
 Verification    =               SUCCESSFUL
 Version         =                      3.4
 Compile date    =              22 Nov 2019

 Compile options:
    MPIFC        = mpifort
    FLINK        = $(MPIFC)
    FMPI_LIB     = (none)
    FMPI_INC     = (none)
    FFLAGS       = -O3
    FLINKFLAGS   = $(FFLAGS)
    RAND         = randi8


 Please send feedbacks and/or the results of this run to:

 NPB Development Team 
 Internet: npb@nas.nasa.gov



 NAS Parallel Benchmarks 3.4 -- EP Benchmark

 Number of random numbers generated:    137438953472  (class D)
 Total number of processes:                      128

EP Benchmark Results:

CPU Time =   37.7060
N = 2^   36
No. Gaussian Pairs =   53972171957.
Sums =     1.982481200937991D+05   -1.020596636363627D+05
Counts:
  0   25154622775.
  1   24017899906.
  2    4508609839.
  3     284201296.
  4       6776403.
  5         61541.
  6           197.
  7             0.
  8             0.
  9             0.


 EP Benchmark Completed.
 Class           =                        D
 Size            =             137438953472
 Iterations      =                        0
 Time in seconds =                    37.71
 Total processes =                      128
 Active procs    =                      128
 Mop/s total     =                  3645.01
 Mop/s/process   =                    28.48
 Operation type  = Random numbers generated
 Verification    =               SUCCESSFUL
 Version         =                      3.4
 Compile date    =              22 Nov 2019

 Compile options:
    MPIFC        = mpifort
    FLINK        = $(MPIFC)
    FMPI_LIB     = (none)
    FMPI_INC     = (none)
    FFLAGS       = -O3
    FLINKFLAGS   = $(FFLAGS)
    RAND         = randi8


 Please send feedbacks and/or the results of this run to:

 NPB Development Team 
 Internet: npb@nas.nasa.gov



 NAS Parallel Benchmarks 3.4 -- EP Benchmark

 Number of random numbers generated:    137438953472  (class D)
 Total number of processes:                      128

EP Benchmark Results:

CPU Time =   37.4081
N = 2^   36
No. Gaussian Pairs =   53972171957.
Sums =     1.982481200937991D+05   -1.020596636363627D+05
Counts:
  0   25154622775.
  1   24017899906.
  2    4508609839.
  3     284201296.
  4       6776403.
  5         61541.
  6           197.
  7             0.
  8             0.
  9             0.


 EP Benchmark Completed.
 Class           =                        D
 Size            =             137438953472
 Iterations      =                        0
 Time in seconds =                    37.41
 Total processes =                      128
 Active procs    =                      128
 Mop/s total     =                  3674.05
 Mop/s/process   =                    28.70
 Operation type  = Random numbers generated
 Verification    =               SUCCESSFUL
 Version         =                      3.4
 Compile date    =              22 Nov 2019

 Compile options:
    MPIFC        = mpifort
    FLINK        = $(MPIFC)
    FMPI_LIB     = (none)
    FMPI_INC     = (none)
    FFLAGS       = -O3
    FLINKFLAGS   = $(FFLAGS)
    RAND         = randi8


 Please send feedbacks and/or the results of this run to:

 NPB Development Team 
 Internet: npb@nas.nasa.gov



 NAS Parallel Benchmarks 3.4 -- EP Benchmark

 Number of random numbers generated:    137438953472  (class D)
 Total number of processes:                      128

EP Benchmark Results:

CPU Time =   37.2359
N = 2^   36
No. Gaussian Pairs =   53972171957.
Sums =     1.982481200937991D+05   -1.020596636363627D+05
Counts:
  0   25154622775.
  1   24017899906.
  2    4508609839.
  3     284201296.
  4       6776403.
  5         61541.
  6           197.
  7             0.
  8             0.
  9             0.


 EP Benchmark Completed.
 Class           =                        D
 Size            =             137438953472
 Iterations      =                        0
 Time in seconds =                    37.24
 Total processes =                      128
 Active procs    =                      128
 Mop/s total     =                  3691.03
 Mop/s/process   =                    28.84
 Operation type  = Random numbers generated
 Verification    =               SUCCESSFUL
 Version         =                      3.4
 Compile date    =              22 Nov 2019

 Compile options:
    MPIFC        = mpifort
    FLINK        = $(MPIFC)
    FMPI_LIB     = (none)
    FMPI_INC     = (none)
    FFLAGS       = -O3
    FLINKFLAGS   = $(FFLAGS)
    RAND         = randi8


 Please send feedbacks and/or the results of this run to:

 NPB Development Team 
 Internet: npb@nas.nasa.gov



 NAS Parallel Benchmarks 3.4 -- EP Benchmark

 Number of random numbers generated:    137438953472  (class D)
 Total number of processes:                      128

EP Benchmark Results:

CPU Time =   36.9876
N = 2^   36
No. Gaussian Pairs =   53972171957.
Sums =     1.982481200937991D+05   -1.020596636363627D+05
Counts:
  0   25154622775.
  1   24017899906.
  2    4508609839.
  3     284201296.
  4       6776403.
  5         61541.
  6           197.
  7             0.
  8             0.
  9             0.


 EP Benchmark Completed.
 Class           =                        D
 Size            =             137438953472
 Iterations      =                        0
 Time in seconds =                    36.99
 Total processes =                      128
 Active procs    =                      128
 Mop/s total     =                  3715.81
 Mop/s/process   =                    29.03
 Operation type  = Random numbers generated
 Verification    =               SUCCESSFUL
 Version         =                      3.4
 Compile date    =              22 Nov 2019

 Compile options:
    MPIFC        = mpifort
    FLINK        = $(MPIFC)
    FMPI_LIB     = (none)
    FMPI_INC     = (none)
    FFLAGS       = -O3
    FLINKFLAGS   = $(FFLAGS)
    RAND         = randi8


 Please send feedbacks and/or the results of this run to:

 NPB Development Team 
 Internet: npb@nas.nasa.gov



 NAS Parallel Benchmarks 3.4 -- EP Benchmark

 Number of random numbers generated:    137438953472  (class D)
 Total number of processes:                      128

EP Benchmark Results:

CPU Time =   37.1095
N = 2^   36
No. Gaussian Pairs =   53972171957.
Sums =     1.982481200937991D+05   -1.020596636363627D+05
Counts:
  0   25154622775.
  1   24017899906.
  2    4508609839.
  3     284201296.
  4       6776403.
  5         61541.
  6           197.
  7             0.
  8             0.
  9             0.


 EP Benchmark Completed.
 Class           =                        D
 Size            =             137438953472
 Iterations      =                        0
 Time in seconds =                    37.11
 Total processes =                      128
 Active procs    =                      128
 Mop/s total     =                  3703.61
 Mop/s/process   =                    28.93
 Operation type  = Random numbers generated
 Verification    =               SUCCESSFUL
 Version         =                      3.4
 Compile date    =              22 Nov 2019

 Compile options:
    MPIFC        = mpifort
    FLINK        = $(MPIFC)
    FMPI_LIB     = (none)
    FMPI_INC     = (none)
    FFLAGS       = -O3
    FLINKFLAGS   = $(FFLAGS)
    RAND         = randi8


 Please send feedbacks and/or the results of this run to:

 NPB Development Team 
 Internet: npb@nas.nasa.gov



 NAS Parallel Benchmarks 3.4 -- EP Benchmark

 Number of random numbers generated:    137438953472  (class D)
 Total number of processes:                      128

EP Benchmark Results:

CPU Time =   37.8441
N = 2^   36
No. Gaussian Pairs =   53972171957.
Sums =     1.982481200937991D+05   -1.020596636363627D+05
Counts:
  0   25154622775.
  1   24017899906.
  2    4508609839.
  3     284201296.
  4       6776403.
  5         61541.
  6           197.
  7             0.
  8             0.
  9             0.


 EP Benchmark Completed.
 Class           =                        D
 Size            =             137438953472
 Iterations      =                        0
 Time in seconds =                    37.84
 Total processes =                      128
 Active procs    =                      128
 Mop/s total     =                  3631.71
 Mop/s/process   =                    28.37
 Operation type  = Random numbers generated
 Verification    =               SUCCESSFUL
 Version         =                      3.4
 Compile date    =              22 Nov 2019

 Compile options:
    MPIFC        = mpifort
    FLINK        = $(MPIFC)
    FMPI_LIB     = (none)
    FMPI_INC     = (none)
    FFLAGS       = -O3
    FLINKFLAGS   = $(FFLAGS)
    RAND         = randi8


 Please send feedbacks and/or the results of this run to:

 NPB Development Team 
 Internet: npb@nas.nasa.gov



 NAS Parallel Benchmarks 3.4 -- EP Benchmark

 Number of random numbers generated:    137438953472  (class D)
 Total number of processes:                      128

EP Benchmark Results:

CPU Time =   37.2707
N = 2^   36
No. Gaussian Pairs =   53972171957.
Sums =     1.982481200937991D+05   -1.020596636363627D+05
Counts:
  0   25154622775.
  1   24017899906.
  2    4508609839.
  3     284201296.
  4       6776403.
  5         61541.
  6           197.
  7             0.
  8             0.
  9             0.


 EP Benchmark Completed.
 Class           =                        D
 Size            =             137438953472
 Iterations      =                        0
 Time in seconds =                    37.27
 Total processes =                      128
 Active procs    =                      128
 Mop/s total     =                  3687.58
 Mop/s/process   =                    28.81
 Operation type  = Random numbers generated
 Verification    =               SUCCESSFUL
 Version         =                      3.4
 Compile date    =              22 Nov 2019

 Compile options:
    MPIFC        = mpifort
    FLINK        = $(MPIFC)
    FMPI_LIB     = (none)
    FMPI_INC     = (none)
    FFLAGS       = -O3
    FLINKFLAGS   = $(FFLAGS)
    RAND         = randi8


 Please send feedbacks and/or the results of this run to:

 NPB Development Team 
 Internet: npb@nas.nasa.gov



 NAS Parallel Benchmarks 3.4 -- EP Benchmark

 Number of random numbers generated:    137438953472  (class D)
 Total number of processes:                      128

EP Benchmark Results:

CPU Time =   37.1058
N = 2^   36
No. Gaussian Pairs =   53972171957.
Sums =     1.982481200937991D+05   -1.020596636363627D+05
Counts:
  0   25154622775.
  1   24017899906.
  2    4508609839.
  3     284201296.
  4       6776403.
  5         61541.
  6           197.
  7             0.
  8             0.
  9             0.


 EP Benchmark Completed.
 Class           =                        D
 Size            =             137438953472
 Iterations      =                        0
 Time in seconds =                    37.11
 Total processes =                      128
 Active procs    =                      128
 Mop/s total     =                  3703.97
 Mop/s/process   =                    28.94
 Operation type  = Random numbers generated
 Verification    =               SUCCESSFUL
 Version         =                      3.4
 Compile date    =              22 Nov 2019

 Compile options:
    MPIFC        = mpifort
    FLINK        = $(MPIFC)
    FMPI_LIB     = (none)
    FMPI_INC     = (none)
    FFLAGS       = -O3
    FLINKFLAGS   = $(FFLAGS)
    RAND         = randi8


 Please send feedbacks and/or the results of this run to:

 NPB Development Team 
 Internet: npb@nas.nasa.gov



 NAS Parallel Benchmarks 3.4 -- EP Benchmark

 Number of random numbers generated:    137438953472  (class D)
 Total number of processes:                      128

EP Benchmark Results:

CPU Time =   37.1045
N = 2^   36
No. Gaussian Pairs =   53972171957.
Sums =     1.982481200937991D+05   -1.020596636363627D+05
Counts:
  0   25154622775.
  1   24017899906.
  2    4508609839.
  3     284201296.
  4       6776403.
  5         61541.
  6           197.
  7             0.
  8             0.
  9             0.


 EP Benchmark Completed.
 Class           =                        D
 Size            =             137438953472
 Iterations      =                        0
 Time in seconds =                    37.10
 Total processes =                      128
 Active procs    =                      128
 Mop/s total     =                  3704.11
 Mop/s/process   =                    28.94
 Operation type  = Random numbers generated
 Verification    =               SUCCESSFUL
 Version         =                      3.4
 Compile date    =              22 Nov 2019

 Compile options:
    MPIFC        = mpifort
    FLINK        = $(MPIFC)
    FMPI_LIB     = (none)
    FMPI_INC     = (none)
    FFLAGS       = -O3
    FLINKFLAGS   = $(FFLAGS)
    RAND         = randi8


 Please send feedbacks and/or the results of this run to:

 NPB Development Team 
 Internet: npb@nas.nasa.gov



 NAS Parallel Benchmarks 3.4 -- EP Benchmark

 Number of random numbers generated:    137438953472  (class D)
 Total number of processes:                      128

EP Benchmark Results:

CPU Time =   37.1897
N = 2^   36
No. Gaussian Pairs =   53972171957.
Sums =     1.982481200937991D+05   -1.020596636363627D+05
Counts:
  0   25154622775.
  1   24017899906.
  2    4508609839.
  3     284201296.
  4       6776403.
  5         61541.
  6           197.
  7             0.
  8             0.
  9             0.


 EP Benchmark Completed.
 Class           =                        D
 Size            =             137438953472
 Iterations      =                        0
 Time in seconds =                    37.19
 Total processes =                      128
 Active procs    =                      128
 Mop/s total     =                  3695.62
 Mop/s/process   =                    28.87
 Operation type  = Random numbers generated
 Verification    =               SUCCESSFUL
 Version         =                      3.4
 Compile date    =              22 Nov 2019

 Compile options:
    MPIFC        = mpifort
    FLINK        = $(MPIFC)
    FMPI_LIB     = (none)
    FMPI_INC     = (none)
    FFLAGS       = -O3
    FLINKFLAGS   = $(FFLAGS)
    RAND         = randi8


 Please send feedbacks and/or the results of this run to:

 NPB Development Team 
 Internet: npb@nas.nasa.gov


