#------------------------------------------------------------
#    Intel(R) MPI Benchmarks 2019 Update 3, MPI-1 part    
#------------------------------------------------------------
# Date                  : Fri Nov 22 18:31:37 2019
# Machine               : x86_64
# System                : Linux
# Release               : 4.15.0-65-generic
# Version               : #74-Ubuntu SMP Tue Sep 17 17:06:04 UTC 2019
# MPI Version           : 3.1
# MPI Thread Environment: 


# Calling sequence was: 

# /home/users/ammaliszewski/CMP223/BENCHMARKS/mpi-benchmarks/IMB-MPI1 PingPong 

# Minimum message length in bytes:   0
# Maximum message length in bytes:   4194304
#
# MPI_Datatype                   :   MPI_BYTE 
# MPI_Datatype for reductions    :   MPI_FLOAT 
# MPI_Op                         :   MPI_SUM  
# 
# 

# List of Benchmarks to run:

# PingPong

#---------------------------------------------------
# Benchmarking PingPong 
# #processes = 2 
#---------------------------------------------------
       #bytes #repetitions      t[usec]   Mbytes/sec
            0         1000         6.79         0.00
            1         1000         5.82         0.17
            2         1000         5.83         0.34
            4         1000         5.84         0.68
            8         1000         5.79         1.38
           16         1000         5.83         2.75
           32         1000         5.83         5.49
           64         1000         5.86        10.92
          128         1000         5.87        21.80
          256         1000         5.92        43.25
          512         1000         6.00        85.35
         1024         1000         6.48       158.09
         2048         1000         6.81       300.94
         4096         1000         7.69       532.31
         8192         1000         8.29       988.07
        16384         1000        11.18      1465.93
        32768         1000        18.42      1778.68
        65536          640        37.42      1751.54
       131072          320        51.02      2569.25
       262144          160        73.92      3546.47
       524288           80       118.16      4437.15
      1048576           40       207.72      5047.98
      2097152           20       387.95      5405.78
      4194304           10       770.31      5444.93


# All processes entering MPI_Finalize

#------------------------------------------------------------
#    Intel(R) MPI Benchmarks 2019 Update 3, MPI-1 part    
#------------------------------------------------------------
# Date                  : Fri Nov 22 20:56:16 2019
# Machine               : x86_64
# System                : Linux
# Release               : 4.15.0-65-generic
# Version               : #74-Ubuntu SMP Tue Sep 17 17:06:04 UTC 2019
# MPI Version           : 3.1
# MPI Thread Environment: 


# Calling sequence was: 

# /home/users/ammaliszewski/CMP223/BENCHMARKS/mpi-benchmarks/IMB-MPI1 PingPong 

# Minimum message length in bytes:   0
# Maximum message length in bytes:   4194304
#
# MPI_Datatype                   :   MPI_BYTE 
# MPI_Datatype for reductions    :   MPI_FLOAT 
# MPI_Op                         :   MPI_SUM  
# 
# 

# List of Benchmarks to run:

# PingPong

#---------------------------------------------------
# Benchmarking PingPong 
# #processes = 2 
#---------------------------------------------------
       #bytes #repetitions      t[usec]   Mbytes/sec
            0         1000         6.31         0.00
            1         1000         6.58         0.15
            2         1000         6.85         0.29
            4         1000         6.50         0.61
            8         1000         6.29         1.27
           16         1000         6.19         2.59
           32         1000         6.14         5.21
           64         1000         6.08        10.53
          128         1000         6.03        21.21
          256         1000         6.03        42.45
          512         1000         6.04        84.76
         1024         1000         6.17       166.08
         2048         1000         6.73       304.37
         4096         1000         7.81       524.45
         8192         1000         8.54       958.78
        16384         1000        11.36      1442.49
        32768         1000        18.28      1792.27
        65536          640        37.85      1731.31
       131072          320        51.06      2566.81
       262144          160        72.63      3609.38
       524288           80       116.84      4487.12
      1048576           40       209.56      5003.66
      2097152           20       382.01      5489.85
      4194304           10       756.48      5544.52


# All processes entering MPI_Finalize

#------------------------------------------------------------
#    Intel(R) MPI Benchmarks 2019 Update 3, MPI-1 part    
#------------------------------------------------------------
# Date                  : Fri Nov 22 23:40:58 2019
# Machine               : x86_64
# System                : Linux
# Release               : 4.15.0-65-generic
# Version               : #74-Ubuntu SMP Tue Sep 17 17:06:04 UTC 2019
# MPI Version           : 3.1
# MPI Thread Environment: 


# Calling sequence was: 

# /home/users/ammaliszewski/CMP223/BENCHMARKS/mpi-benchmarks/IMB-MPI1 PingPong 

# Minimum message length in bytes:   0
# Maximum message length in bytes:   4194304
#
# MPI_Datatype                   :   MPI_BYTE 
# MPI_Datatype for reductions    :   MPI_FLOAT 
# MPI_Op                         :   MPI_SUM  
# 
# 

# List of Benchmarks to run:

# PingPong

#---------------------------------------------------
# Benchmarking PingPong 
# #processes = 2 
#---------------------------------------------------
       #bytes #repetitions      t[usec]   Mbytes/sec
            0         1000         6.22         0.00
            1         1000         5.69         0.18
            2         1000         5.72         0.35
            4         1000         5.72         0.70
            8         1000         5.68         1.41
           16         1000         5.73         2.79
           32         1000         5.70         5.61
           64         1000         5.78        11.07
          128         1000         5.78        22.14
          256         1000         5.85        43.75
          512         1000         5.89        86.96
         1024         1000         6.03       169.90
         2048         1000         6.62       309.60
         4096         1000         7.65       535.26
         8192         1000         8.19      1000.66
        16384         1000        11.21      1461.51
        32768         1000        17.94      1826.75
        65536          640        37.70      1738.43
       131072          320        50.76      2582.00
       262144          160        73.02      3589.86
       524288           80       118.43      4427.11
      1048576           40       208.00      5041.26
      2097152           20       388.16      5402.76
      4194304           10       765.90      5476.27


# All processes entering MPI_Finalize

#------------------------------------------------------------
#    Intel(R) MPI Benchmarks 2019 Update 3, MPI-1 part    
#------------------------------------------------------------
# Date                  : Sat Nov 23 02:56:54 2019
# Machine               : x86_64
# System                : Linux
# Release               : 4.15.0-65-generic
# Version               : #74-Ubuntu SMP Tue Sep 17 17:06:04 UTC 2019
# MPI Version           : 3.1
# MPI Thread Environment: 


# Calling sequence was: 

# /home/users/ammaliszewski/CMP223/BENCHMARKS/mpi-benchmarks/IMB-MPI1 PingPong 

# Minimum message length in bytes:   0
# Maximum message length in bytes:   4194304
#
# MPI_Datatype                   :   MPI_BYTE 
# MPI_Datatype for reductions    :   MPI_FLOAT 
# MPI_Op                         :   MPI_SUM  
# 
# 

# List of Benchmarks to run:

# PingPong

#---------------------------------------------------
# Benchmarking PingPong 
# #processes = 2 
#---------------------------------------------------
       #bytes #repetitions      t[usec]   Mbytes/sec
            0         1000         6.82         0.00
            1         1000         6.22         0.16
            2         1000         6.07         0.33
            4         1000         6.07         0.66
            8         1000         6.05         1.32
           16         1000         5.99         2.67
           32         1000         5.96         5.37
           64         1000         5.96        10.75
          128         1000         5.98        21.42
          256         1000         6.04        42.39
          512         1000         6.06        84.48
         1024         1000         6.07       168.72
         2048         1000         6.45       317.65
         4096         1000         7.42       551.91
         8192         1000         8.48       965.92
        16384         1000        11.13      1472.21
        32768         1000        18.23      1797.97
        65536          640        37.79      1734.35
       131072          320        50.71      2584.91
       262144          160        73.26      3578.21
       524288           80       118.89      4409.88
      1048576           40       209.63      5002.02
      2097152           20       395.50      5302.47
      4194304           10       763.89      5490.69


# All processes entering MPI_Finalize

#------------------------------------------------------------
#    Intel(R) MPI Benchmarks 2019 Update 3, MPI-1 part    
#------------------------------------------------------------
# Date                  : Sat Nov 23 03:31:17 2019
# Machine               : x86_64
# System                : Linux
# Release               : 4.15.0-65-generic
# Version               : #74-Ubuntu SMP Tue Sep 17 17:06:04 UTC 2019
# MPI Version           : 3.1
# MPI Thread Environment: 


# Calling sequence was: 

# /home/users/ammaliszewski/CMP223/BENCHMARKS/mpi-benchmarks/IMB-MPI1 PingPong 

# Minimum message length in bytes:   0
# Maximum message length in bytes:   4194304
#
# MPI_Datatype                   :   MPI_BYTE 
# MPI_Datatype for reductions    :   MPI_FLOAT 
# MPI_Op                         :   MPI_SUM  
# 
# 

# List of Benchmarks to run:

# PingPong

#---------------------------------------------------
# Benchmarking PingPong 
# #processes = 2 
#---------------------------------------------------
       #bytes #repetitions      t[usec]   Mbytes/sec
            0         1000         6.90         0.00
            1         1000         6.21         0.16
            2         1000         6.13         0.33
            4         1000         6.18         0.65
            8         1000         6.13         1.30
           16         1000         6.14         2.60
           32         1000         6.16         5.20
           64         1000         6.16        10.39
          128         1000         6.15        20.82
          256         1000         6.16        41.54
          512         1000         6.16        83.15
         1024         1000         6.22       164.52
         2048         1000         6.95       294.76
         4096         1000         8.10       505.50
         8192         1000         8.62       950.81
        16384         1000        11.17      1466.93
        32768         1000        18.54      1767.45
        65536          640        38.94      1683.03
       131072          320        52.87      2479.26
       262144          160        75.04      3493.35
       524288           80       121.28      4323.09
      1048576           40       212.31      4938.82
      2097152           20       397.95      5269.86
      4194304           10       782.16      5362.48


# All processes entering MPI_Finalize

#------------------------------------------------------------
#    Intel(R) MPI Benchmarks 2019 Update 3, MPI-1 part    
#------------------------------------------------------------
# Date                  : Sat Nov 23 06:31:21 2019
# Machine               : x86_64
# System                : Linux
# Release               : 4.15.0-65-generic
# Version               : #74-Ubuntu SMP Tue Sep 17 17:06:04 UTC 2019
# MPI Version           : 3.1
# MPI Thread Environment: 


# Calling sequence was: 

# /home/users/ammaliszewski/CMP223/BENCHMARKS/mpi-benchmarks/IMB-MPI1 PingPong 

# Minimum message length in bytes:   0
# Maximum message length in bytes:   4194304
#
# MPI_Datatype                   :   MPI_BYTE 
# MPI_Datatype for reductions    :   MPI_FLOAT 
# MPI_Op                         :   MPI_SUM  
# 
# 

# List of Benchmarks to run:

# PingPong

#---------------------------------------------------
# Benchmarking PingPong 
# #processes = 2 
#---------------------------------------------------
       #bytes #repetitions      t[usec]   Mbytes/sec
            0         1000         6.60         0.00
            1         1000         6.13         0.16
            2         1000         6.09         0.33
            4         1000         6.08         0.66
            8         1000         6.03         1.33
           16         1000         6.04         2.65
           32         1000         6.02         5.32
           64         1000         6.07        10.55
          128         1000         6.10        20.99
          256         1000         6.09        42.06
          512         1000         6.11        83.83
         1024         1000         6.11       167.63
         2048         1000         6.52       313.89
         4096         1000         7.46       548.84
         8192         1000         8.55       958.03
        16384         1000        11.06      1482.02
        32768         1000        18.54      1767.55
        65536          640        37.36      1754.18
       131072          320        51.10      2565.03
       262144          160        73.04      3588.94
       524288           80       118.61      4420.09
      1048576           40       207.98      5041.69
      2097152           20       388.58      5396.95
      4194304           10       778.80      5385.62


# All processes entering MPI_Finalize

#------------------------------------------------------------
#    Intel(R) MPI Benchmarks 2019 Update 3, MPI-1 part    
#------------------------------------------------------------
# Date                  : Sat Nov 23 08:16:13 2019
# Machine               : x86_64
# System                : Linux
# Release               : 4.15.0-65-generic
# Version               : #74-Ubuntu SMP Tue Sep 17 17:06:04 UTC 2019
# MPI Version           : 3.1
# MPI Thread Environment: 


# Calling sequence was: 

# /home/users/ammaliszewski/CMP223/BENCHMARKS/mpi-benchmarks/IMB-MPI1 PingPong 

# Minimum message length in bytes:   0
# Maximum message length in bytes:   4194304
#
# MPI_Datatype                   :   MPI_BYTE 
# MPI_Datatype for reductions    :   MPI_FLOAT 
# MPI_Op                         :   MPI_SUM  
# 
# 

# List of Benchmarks to run:

# PingPong

#---------------------------------------------------
# Benchmarking PingPong 
# #processes = 2 
#---------------------------------------------------
       #bytes #repetitions      t[usec]   Mbytes/sec
            0         1000         7.03         0.00
            1         1000         6.78         0.15
            2         1000         6.98         0.29
            4         1000         7.01         0.57
            8         1000         6.69         1.20
           16         1000         6.44         2.49
           32         1000         6.24         5.13
           64         1000         6.19        10.34
          128         1000         6.10        20.98
          256         1000         6.11        41.90
          512         1000         6.08        84.14
         1024         1000         5.97       171.42
         2048         1000         6.73       304.43
         4096         1000         7.60       539.14
         8192         1000         8.23       995.87
        16384         1000        11.31      1449.02
        32768         1000        18.70      1751.86
        65536          640        37.42      1751.47
       131072          320        51.11      2564.37
       262144          160        74.08      3538.80
       524288           80       118.12      4438.57
      1048576           40       210.15      4989.74
      2097152           20       395.35      5304.57
      4194304           10       783.29      5354.73


# All processes entering MPI_Finalize

#------------------------------------------------------------
#    Intel(R) MPI Benchmarks 2019 Update 3, MPI-1 part    
#------------------------------------------------------------
# Date                  : Sat Nov 23 10:34:30 2019
# Machine               : x86_64
# System                : Linux
# Release               : 4.15.0-65-generic
# Version               : #74-Ubuntu SMP Tue Sep 17 17:06:04 UTC 2019
# MPI Version           : 3.1
# MPI Thread Environment: 


# Calling sequence was: 

# /home/users/ammaliszewski/CMP223/BENCHMARKS/mpi-benchmarks/IMB-MPI1 PingPong 

# Minimum message length in bytes:   0
# Maximum message length in bytes:   4194304
#
# MPI_Datatype                   :   MPI_BYTE 
# MPI_Datatype for reductions    :   MPI_FLOAT 
# MPI_Op                         :   MPI_SUM  
# 
# 

# List of Benchmarks to run:

# PingPong

#---------------------------------------------------
# Benchmarking PingPong 
# #processes = 2 
#---------------------------------------------------
       #bytes #repetitions      t[usec]   Mbytes/sec
            0         1000         6.45         0.00
            1         1000         5.94         0.17
            2         1000         5.66         0.35
            4         1000         5.65         0.71
            8         1000         5.65         1.42
           16         1000         5.62         2.84
           32         1000         5.62         5.69
           64         1000         5.67        11.28
          128         1000         5.73        22.35
          256         1000         5.80        44.15
          512         1000         5.83        87.76
         1024         1000         5.93       172.65
         2048         1000         6.63       308.97
         4096         1000         7.82       523.80
         8192         1000         8.40       975.01
        16384         1000        11.14      1470.48
        32768         1000        17.95      1825.01
        65536          640        37.17      1763.24
       131072          320        50.72      2583.98
       262144          160        73.55      3564.35
       524288           80       119.10      4401.94
      1048576           40       208.90      5019.48
      2097152           20       390.84      5365.77
      4194304           10       789.95      5309.55


# All processes entering MPI_Finalize

#------------------------------------------------------------
#    Intel(R) MPI Benchmarks 2019 Update 3, MPI-1 part    
#------------------------------------------------------------
# Date                  : Sat Nov 23 14:22:52 2019
# Machine               : x86_64
# System                : Linux
# Release               : 4.15.0-65-generic
# Version               : #74-Ubuntu SMP Tue Sep 17 17:06:04 UTC 2019
# MPI Version           : 3.1
# MPI Thread Environment: 


# Calling sequence was: 

# /home/users/ammaliszewski/CMP223/BENCHMARKS/mpi-benchmarks/IMB-MPI1 PingPong 

# Minimum message length in bytes:   0
# Maximum message length in bytes:   4194304
#
# MPI_Datatype                   :   MPI_BYTE 
# MPI_Datatype for reductions    :   MPI_FLOAT 
# MPI_Op                         :   MPI_SUM  
# 
# 

# List of Benchmarks to run:

# PingPong

#---------------------------------------------------
# Benchmarking PingPong 
# #processes = 2 
#---------------------------------------------------
       #bytes #repetitions      t[usec]   Mbytes/sec
            0         1000         6.89         0.00
            1         1000         6.99         0.14
            2         1000         6.49         0.31
            4         1000         6.25         0.64
            8         1000         6.09         1.31
           16         1000         6.00         2.67
           32         1000         5.98         5.36
           64         1000         5.98        10.70
          128         1000         6.01        21.29
          256         1000         5.97        42.87
          512         1000         5.98        85.66
         1024         1000         6.02       170.15
         2048         1000         6.77       302.58
         4096         1000         7.74       529.27
         8192         1000         8.37       979.23
        16384         1000        10.89      1504.58
        32768         1000        18.52      1769.35
        65536          640        37.84      1731.87
       131072          320        50.65      2587.85
       262144          160        73.25      3578.65
       524288           80       120.60      4347.39
      1048576           40       207.84      5045.14
      2097152           20       387.48      5412.32
      4194304           10       783.60      5352.63


# All processes entering MPI_Finalize

#------------------------------------------------------------
#    Intel(R) MPI Benchmarks 2019 Update 3, MPI-1 part    
#------------------------------------------------------------
# Date                  : Sat Nov 23 17:12:52 2019
# Machine               : x86_64
# System                : Linux
# Release               : 4.15.0-65-generic
# Version               : #74-Ubuntu SMP Tue Sep 17 17:06:04 UTC 2019
# MPI Version           : 3.1
# MPI Thread Environment: 


# Calling sequence was: 

# /home/users/ammaliszewski/CMP223/BENCHMARKS/mpi-benchmarks/IMB-MPI1 PingPong 

# Minimum message length in bytes:   0
# Maximum message length in bytes:   4194304
#
# MPI_Datatype                   :   MPI_BYTE 
# MPI_Datatype for reductions    :   MPI_FLOAT 
# MPI_Op                         :   MPI_SUM  
# 
# 

# List of Benchmarks to run:

# PingPong

#---------------------------------------------------
# Benchmarking PingPong 
# #processes = 2 
#---------------------------------------------------
       #bytes #repetitions      t[usec]   Mbytes/sec
            0         1000         6.43         0.00
            1         1000         6.77         0.15
            2         1000         6.74         0.30
            4         1000         6.51         0.61
            8         1000         6.31         1.27
           16         1000         6.10         2.62
           32         1000         5.98         5.36
           64         1000         5.92        10.80
          128         1000         5.89        21.74
          256         1000         5.87        43.62
          512         1000         5.89        86.87
         1024         1000         6.05       169.38
         2048         1000         6.54       313.08
         4096         1000         7.87       520.24
         8192         1000         8.43       971.45
        16384         1000        11.11      1474.36
        32768         1000        18.46      1775.18
        65536          640        38.01      1724.17
       131072          320        51.14      2562.85
       262144          160        73.32      3575.14
       524288           80       121.27      4323.33
      1048576           40       212.76      4928.52
      2097152           20       388.32      5400.53
      4194304           10       778.28      5389.18


# All processes entering MPI_Finalize

#------------------------------------------------------------
#    Intel(R) MPI Benchmarks 2019 Update 3, MPI-1 part    
#------------------------------------------------------------
# Date                  : Sat Nov 23 18:19:31 2019
# Machine               : x86_64
# System                : Linux
# Release               : 4.15.0-65-generic
# Version               : #74-Ubuntu SMP Tue Sep 17 17:06:04 UTC 2019
# MPI Version           : 3.1
# MPI Thread Environment: 


# Calling sequence was: 

# /home/users/ammaliszewski/CMP223/BENCHMARKS/mpi-benchmarks/IMB-MPI1 PingPong 

# Minimum message length in bytes:   0
# Maximum message length in bytes:   4194304
#
# MPI_Datatype                   :   MPI_BYTE 
# MPI_Datatype for reductions    :   MPI_FLOAT 
# MPI_Op                         :   MPI_SUM  
# 
# 

# List of Benchmarks to run:

# PingPong

#---------------------------------------------------
# Benchmarking PingPong 
# #processes = 2 
#---------------------------------------------------
       #bytes #repetitions      t[usec]   Mbytes/sec
            0         1000         6.68         0.00
            1         1000         6.14         0.16
            2         1000         6.04         0.33
            4         1000         5.99         0.67
            8         1000         5.99         1.34
           16         1000         5.98         2.67
           32         1000         5.98         5.35
           64         1000         6.00        10.66
          128         1000         5.98        21.40
          256         1000         5.98        42.79
          512         1000         5.99        85.52
         1024         1000         6.08       168.37
         2048         1000         6.68       306.63
         4096         1000         7.71       531.08
         8192         1000         8.37       979.17
        16384         1000        11.23      1459.30
        32768         1000        18.45      1775.93
        65536          640        37.57      1744.56
       131072          320        49.59      2643.09
       262144          160        72.08      3636.95
       524288           80       117.00      4480.93
      1048576           40       206.08      5088.20
      2097152           20       396.24      5292.68
      4194304           10       754.79      5556.88


# All processes entering MPI_Finalize

#------------------------------------------------------------
#    Intel(R) MPI Benchmarks 2019 Update 3, MPI-1 part    
#------------------------------------------------------------
# Date                  : Sat Nov 23 21:46:06 2019
# Machine               : x86_64
# System                : Linux
# Release               : 4.15.0-65-generic
# Version               : #74-Ubuntu SMP Tue Sep 17 17:06:04 UTC 2019
# MPI Version           : 3.1
# MPI Thread Environment: 


# Calling sequence was: 

# /home/users/ammaliszewski/CMP223/BENCHMARKS/mpi-benchmarks/IMB-MPI1 PingPong 

# Minimum message length in bytes:   0
# Maximum message length in bytes:   4194304
#
# MPI_Datatype                   :   MPI_BYTE 
# MPI_Datatype for reductions    :   MPI_FLOAT 
# MPI_Op                         :   MPI_SUM  
# 
# 

# List of Benchmarks to run:

# PingPong

#---------------------------------------------------
# Benchmarking PingPong 
# #processes = 2 
#---------------------------------------------------
       #bytes #repetitions      t[usec]   Mbytes/sec
            0         1000         6.18         0.00
            1         1000         5.68         0.18
            2         1000         5.73         0.35
            4         1000         5.75         0.70
            8         1000         5.71         1.40
           16         1000         5.71         2.80
           32         1000         5.72         5.60
           64         1000         5.71        11.21
          128         1000         5.72        22.37
          256         1000         5.69        44.97
          512         1000         5.75        88.98
         1024         1000         5.89       173.80
         2048         1000         6.71       305.24
         4096         1000         7.58       540.22
         8192         1000         8.05      1018.07
        16384         1000        10.70      1530.77
        32768         1000        17.98      1822.72
        65536          640        36.79      1781.36
       131072          320        49.66      2639.25
       262144          160        71.73      3654.67
       524288           80       116.69      4493.15
      1048576           40       204.93      5116.64
      2097152           20       381.02      5504.08
      4194304           10       758.94      5526.54


# All processes entering MPI_Finalize

#------------------------------------------------------------
#    Intel(R) MPI Benchmarks 2019 Update 3, MPI-1 part    
#------------------------------------------------------------
# Date                  : Sun Nov 24 01:34:31 2019
# Machine               : x86_64
# System                : Linux
# Release               : 4.15.0-65-generic
# Version               : #74-Ubuntu SMP Tue Sep 17 17:06:04 UTC 2019
# MPI Version           : 3.1
# MPI Thread Environment: 


# Calling sequence was: 

# /home/users/ammaliszewski/CMP223/BENCHMARKS/mpi-benchmarks/IMB-MPI1 PingPong 

# Minimum message length in bytes:   0
# Maximum message length in bytes:   4194304
#
# MPI_Datatype                   :   MPI_BYTE 
# MPI_Datatype for reductions    :   MPI_FLOAT 
# MPI_Op                         :   MPI_SUM  
# 
# 

# List of Benchmarks to run:

# PingPong

#---------------------------------------------------
# Benchmarking PingPong 
# #processes = 2 
#---------------------------------------------------
       #bytes #repetitions      t[usec]   Mbytes/sec
            0         1000         7.30         0.00
            1         1000         7.20         0.14
            2         1000         7.20         0.28
            4         1000         7.37         0.54
            8         1000         6.60         1.21
           16         1000         6.36         2.52
           32         1000         6.12         5.23
           64         1000         6.03        10.62
          128         1000         5.98        21.41
          256         1000         5.95        43.02
          512         1000         5.90        86.80
         1024         1000         6.00       170.53
         2048         1000         6.64       308.39
         4096         1000         7.81       524.63
         8192         1000         8.18      1001.28
        16384         1000        11.20      1463.08
        32768         1000        18.07      1813.17
        65536          640        37.53      1746.25
       131072          320        50.54      2593.42
       262144          160        73.85      3549.73
       524288           80       119.23      4397.39
      1048576           40       209.18      5012.69
      2097152           20       397.44      5276.65
      4194304           10       759.77      5520.50


# All processes entering MPI_Finalize

#------------------------------------------------------------
#    Intel(R) MPI Benchmarks 2019 Update 3, MPI-1 part    
#------------------------------------------------------------
# Date                  : Sun Nov 24 03:45:20 2019
# Machine               : x86_64
# System                : Linux
# Release               : 4.15.0-65-generic
# Version               : #74-Ubuntu SMP Tue Sep 17 17:06:04 UTC 2019
# MPI Version           : 3.1
# MPI Thread Environment: 


# Calling sequence was: 

# /home/users/ammaliszewski/CMP223/BENCHMARKS/mpi-benchmarks/IMB-MPI1 PingPong 

# Minimum message length in bytes:   0
# Maximum message length in bytes:   4194304
#
# MPI_Datatype                   :   MPI_BYTE 
# MPI_Datatype for reductions    :   MPI_FLOAT 
# MPI_Op                         :   MPI_SUM  
# 
# 

# List of Benchmarks to run:

# PingPong

#---------------------------------------------------
# Benchmarking PingPong 
# #processes = 2 
#---------------------------------------------------
       #bytes #repetitions      t[usec]   Mbytes/sec
            0         1000         7.15         0.00
            1         1000         7.17         0.14
            2         1000         7.05         0.28
            4         1000         6.88         0.58
            8         1000         6.64         1.20
           16         1000         6.60         2.42
           32         1000         6.40         5.00
           64         1000         6.35        10.08
          128         1000         6.28        20.40
          256         1000         6.27        40.83
          512         1000         6.20        82.61
         1024         1000         6.32       161.96
         2048         1000         6.65       307.77
         4096         1000         7.83       522.89
         8192         1000         8.68       943.60
        16384         1000        11.01      1488.28
        32768         1000        18.42      1779.30
        65536          640        38.10      1720.06
       131072          320        51.25      2557.37
       262144          160        74.62      3512.91
       524288           80       118.47      4425.44
      1048576           40       209.76      4998.94
      2097152           20       388.10      5403.64
      4194304           10       780.53      5373.63


# All processes entering MPI_Finalize

#------------------------------------------------------------
#    Intel(R) MPI Benchmarks 2019 Update 3, MPI-1 part    
#------------------------------------------------------------
# Date                  : Sun Nov 24 04:07:52 2019
# Machine               : x86_64
# System                : Linux
# Release               : 4.15.0-65-generic
# Version               : #74-Ubuntu SMP Tue Sep 17 17:06:04 UTC 2019
# MPI Version           : 3.1
# MPI Thread Environment: 


# Calling sequence was: 

# /home/users/ammaliszewski/CMP223/BENCHMARKS/mpi-benchmarks/IMB-MPI1 PingPong 

# Minimum message length in bytes:   0
# Maximum message length in bytes:   4194304
#
# MPI_Datatype                   :   MPI_BYTE 
# MPI_Datatype for reductions    :   MPI_FLOAT 
# MPI_Op                         :   MPI_SUM  
# 
# 

# List of Benchmarks to run:

# PingPong

#---------------------------------------------------
# Benchmarking PingPong 
# #processes = 2 
#---------------------------------------------------
       #bytes #repetitions      t[usec]   Mbytes/sec
            0         1000         6.89         0.00
            1         1000         6.70         0.15
            2         1000         6.40         0.31
            4         1000         6.30         0.64
            8         1000         6.27         1.27
           16         1000         6.20         2.58
           32         1000         6.11         5.24
           64         1000         6.04        10.59
          128         1000         5.92        21.62
          256         1000         6.08        42.13
          512         1000         6.17        82.99
         1024         1000         6.30       162.48
         2048         1000         6.75       303.33
         4096         1000         7.80       525.34
         8192         1000         8.25       993.32
        16384         1000        11.26      1454.50
        32768         1000        18.09      1811.46
        65536          640        38.12      1719.34
       131072          320        49.58      2643.58
       262144          160        72.37      3622.04
       524288           80       117.61      4457.86
      1048576           40       206.01      5089.92
      2097152           20       388.01      5404.94
      4194304           10       745.15      5628.81


# All processes entering MPI_Finalize

#------------------------------------------------------------
#    Intel(R) MPI Benchmarks 2019 Update 3, MPI-1 part    
#------------------------------------------------------------
# Date                  : Sun Nov 24 07:40:36 2019
# Machine               : x86_64
# System                : Linux
# Release               : 4.15.0-65-generic
# Version               : #74-Ubuntu SMP Tue Sep 17 17:06:04 UTC 2019
# MPI Version           : 3.1
# MPI Thread Environment: 


# Calling sequence was: 

# /home/users/ammaliszewski/CMP223/BENCHMARKS/mpi-benchmarks/IMB-MPI1 PingPong 

# Minimum message length in bytes:   0
# Maximum message length in bytes:   4194304
#
# MPI_Datatype                   :   MPI_BYTE 
# MPI_Datatype for reductions    :   MPI_FLOAT 
# MPI_Op                         :   MPI_SUM  
# 
# 

# List of Benchmarks to run:

# PingPong

#---------------------------------------------------
# Benchmarking PingPong 
# #processes = 2 
#---------------------------------------------------
       #bytes #repetitions      t[usec]   Mbytes/sec
            0         1000         6.52         0.00
            1         1000         6.22         0.16
            2         1000         6.05         0.33
            4         1000         6.01         0.67
            8         1000         5.97         1.34
           16         1000         5.98         2.68
           32         1000         5.97         5.36
           64         1000         5.96        10.74
          128         1000         5.97        21.43
          256         1000         5.98        42.83
          512         1000         5.96        85.88
         1024         1000         6.00       170.60
         2048         1000         6.73       304.15
         4096         1000         7.50       546.16
         8192         1000         8.37       978.79
        16384         1000        11.00      1489.20
        32768         1000        18.00      1820.94
        65536          640        38.13      1718.59
       131072          320        50.90      2574.85
       262144          160        73.74      3555.14
       524288           80       119.78      4377.13
      1048576           40       211.35      4961.44
      2097152           20       398.72      5259.65
      4194304           10       766.38      5472.89


# All processes entering MPI_Finalize

./SH/experiments_exec.sh: line 150: mpiexec: command not found
./SH/experiments_exec.sh: line 150: mpiexec: command not found
./SH/experiments_exec.sh: line 150: mpiexec: command not found
./SH/experiments_exec.sh: line 150: mpiexec: command not found
./SH/experiments_exec.sh: line 150: mpiexec: command not found
./SH/experiments_exec.sh: line 150: mpiexec: command not found
./SH/experiments_exec.sh: line 150: mpiexec: command not found
./SH/experiments_exec.sh: line 150: mpiexec: command not found
./SH/experiments_exec.sh: line 150: mpiexec: command not found
./SH/experiments_exec.sh: line 150: mpiexec: command not found
./SH/experiments_exec.sh: line 150: mpiexec: command not found
./SH/experiments_exec.sh: line 150: mpiexec: command not found
./SH/experiments_exec.sh: line 150: mpiexec: command not found
./SH/experiments_exec.sh: line 150: mpiexec: command not found
#------------------------------------------------------------
#    Intel(R) MPI Benchmarks 2019 Update 3, MPI-1 part    
#------------------------------------------------------------
# Date                  : Mon Nov 25 15:41:08 2019
# Machine               : x86_64
# System                : Linux
# Release               : 4.15.0-70-generic
# Version               : #79-Ubuntu SMP Tue Nov 12 10:36:11 UTC 2019
# MPI Version           : 3.1
# MPI Thread Environment: 


# Calling sequence was: 

# /home/users/ammaliszewski/CMP223/BENCHMARKS/mpi-benchmarks/IMB-MPI1 PingPong 

# Minimum message length in bytes:   0
# Maximum message length in bytes:   4194304
#
# MPI_Datatype                   :   MPI_BYTE 
# MPI_Datatype for reductions    :   MPI_FLOAT 
# MPI_Op                         :   MPI_SUM  
# 
# 

# List of Benchmarks to run:

# PingPong

#---------------------------------------------------
# Benchmarking PingPong 
# #processes = 2 
#---------------------------------------------------
       #bytes #repetitions      t[usec]   Mbytes/sec
            0         1000         6.78         0.00
            1         1000         6.23         0.16
            2         1000         6.22         0.32
            4         1000         6.18         0.65
            8         1000         6.04         1.32
           16         1000         5.99         2.67
           32         1000         5.94         5.39
           64         1000         5.90        10.84
          128         1000         5.96        21.49
          256         1000         6.00        42.65
          512         1000         6.05        84.65
         1024         1000         6.08       168.29
         2048         1000         6.99       292.93
         4096         1000         8.27       495.27
         8192         1000         8.19      1000.62
        16384         1000        11.21      1461.07
        32768         1000        18.17      1803.67
        65536          640        37.28      1758.06
       131072          320        51.22      2559.22
       262144          160        73.04      3589.23
       524288           80       119.98      4369.77
      1048576           40       206.59      5075.66
      2097152           20       389.74      5380.96
      4194304           10       761.16      5510.40


# All processes entering MPI_Finalize

#------------------------------------------------------------
#    Intel(R) MPI Benchmarks 2019 Update 3, MPI-1 part    
#------------------------------------------------------------
# Date                  : Mon Nov 25 18:43:46 2019
# Machine               : x86_64
# System                : Linux
# Release               : 4.15.0-70-generic
# Version               : #79-Ubuntu SMP Tue Nov 12 10:36:11 UTC 2019
# MPI Version           : 3.1
# MPI Thread Environment: 


# Calling sequence was: 

# /home/users/ammaliszewski/CMP223/BENCHMARKS/mpi-benchmarks/IMB-MPI1 PingPong 

# Minimum message length in bytes:   0
# Maximum message length in bytes:   4194304
#
# MPI_Datatype                   :   MPI_BYTE 
# MPI_Datatype for reductions    :   MPI_FLOAT 
# MPI_Op                         :   MPI_SUM  
# 
# 

# List of Benchmarks to run:

# PingPong

#---------------------------------------------------
# Benchmarking PingPong 
# #processes = 2 
#---------------------------------------------------
       #bytes #repetitions      t[usec]   Mbytes/sec
            0         1000         7.35         0.00
            1         1000         7.35         0.14
            2         1000         7.03         0.28
            4         1000         7.18         0.56
            8         1000         7.01         1.14
           16         1000         7.01         2.28
           32         1000         6.95         4.60
           64         1000         6.65         9.63
          128         1000         6.64        19.28
          256         1000         6.68        38.35
          512         1000         6.63        77.25
         1024         1000         6.88       148.84
         2048         1000         6.92       295.80
         4096         1000         7.94       515.92
         8192         1000         8.69       942.71
        16384         1000        11.36      1442.14
        32768         1000        18.46      1775.46
        65536          640        37.99      1725.06
       131072          320        52.30      2506.14
       262144          160        73.87      3548.80
       524288           80       126.77      4135.67
      1048576           40       237.71      4411.22
      2097152           20       416.01      5041.17
      4194304           10       772.12      5432.19


# All processes entering MPI_Finalize

#------------------------------------------------------------
#    Intel(R) MPI Benchmarks 2019 Update 3, MPI-1 part    
#------------------------------------------------------------
# Date                  : Mon Nov 25 21:17:09 2019
# Machine               : x86_64
# System                : Linux
# Release               : 4.15.0-70-generic
# Version               : #79-Ubuntu SMP Tue Nov 12 10:36:11 UTC 2019
# MPI Version           : 3.1
# MPI Thread Environment: 


# Calling sequence was: 

# /home/users/ammaliszewski/CMP223/BENCHMARKS/mpi-benchmarks/IMB-MPI1 PingPong 

# Minimum message length in bytes:   0
# Maximum message length in bytes:   4194304
#
# MPI_Datatype                   :   MPI_BYTE 
# MPI_Datatype for reductions    :   MPI_FLOAT 
# MPI_Op                         :   MPI_SUM  
# 
# 

# List of Benchmarks to run:

# PingPong

#---------------------------------------------------
# Benchmarking PingPong 
# #processes = 2 
#---------------------------------------------------
       #bytes #repetitions      t[usec]   Mbytes/sec
            0         1000         7.40         0.00
            1         1000         5.54         0.18
            2         1000         5.56         0.36
            4         1000         5.51         0.73
            8         1000         5.50         1.45
           16         1000         5.47         2.92
           32         1000         5.46         5.86
           64         1000         5.48        11.68
          128         1000         5.55        23.06
          256         1000         5.54        46.19
          512         1000         5.69        90.00
         1024         1000         5.83       175.52
         2048         1000         6.38       320.81
         4096         1000         7.59       539.84
         8192         1000         8.29       987.81
        16384         1000        10.95      1495.67
        32768         1000        18.30      1790.34
        65536          640        37.87      1730.64
       131072          320        51.10      2564.84
       262144          160        73.36      3573.32
       524288           80       119.09      4402.60
      1048576           40       212.39      4937.10
      2097152           20       386.97      5419.49
      4194304           10       764.15      5488.83


# All processes entering MPI_Finalize

#------------------------------------------------------------
#    Intel(R) MPI Benchmarks 2019 Update 3, MPI-1 part    
#------------------------------------------------------------
# Date                  : Tue Nov 26 00:22:45 2019
# Machine               : x86_64
# System                : Linux
# Release               : 4.15.0-70-generic
# Version               : #79-Ubuntu SMP Tue Nov 12 10:36:11 UTC 2019
# MPI Version           : 3.1
# MPI Thread Environment: 


# Calling sequence was: 

# /home/users/ammaliszewski/CMP223/BENCHMARKS/mpi-benchmarks/IMB-MPI1 PingPong 

# Minimum message length in bytes:   0
# Maximum message length in bytes:   4194304
#
# MPI_Datatype                   :   MPI_BYTE 
# MPI_Datatype for reductions    :   MPI_FLOAT 
# MPI_Op                         :   MPI_SUM  
# 
# 

# List of Benchmarks to run:

# PingPong

#---------------------------------------------------
# Benchmarking PingPong 
# #processes = 2 
#---------------------------------------------------
       #bytes #repetitions      t[usec]   Mbytes/sec
            0         1000         6.80         0.00
            1         1000         6.68         0.15
            2         1000         6.51         0.31
            4         1000         6.42         0.62
            8         1000         6.26         1.28
           16         1000         6.12         2.61
           32         1000         6.02         5.31
           64         1000         6.01        10.65
          128         1000         5.98        21.39
          256         1000         5.99        42.75
          512         1000         6.00        85.34
         1024         1000         6.09       168.09
         2048         1000         6.69       306.21
         4096         1000         7.85       521.56
         8192         1000         8.42       972.35
        16384         1000        10.99      1490.81
        32768         1000        18.21      1799.18
        65536          640        36.92      1775.10
       131072          320        50.84      2578.13
       262144          160        72.34      3623.55
       524288           80       117.83      4449.57
      1048576           40       208.13      5038.19
      2097152           20       391.25      5360.12
      4194304           10       760.16      5517.68


# All processes entering MPI_Finalize

#------------------------------------------------------------
#    Intel(R) MPI Benchmarks 2019 Update 3, MPI-1 part    
#------------------------------------------------------------
# Date                  : Tue Nov 26 00:59:03 2019
# Machine               : x86_64
# System                : Linux
# Release               : 4.15.0-70-generic
# Version               : #79-Ubuntu SMP Tue Nov 12 10:36:11 UTC 2019
# MPI Version           : 3.1
# MPI Thread Environment: 


# Calling sequence was: 

# /home/users/ammaliszewski/CMP223/BENCHMARKS/mpi-benchmarks/IMB-MPI1 PingPong 

# Minimum message length in bytes:   0
# Maximum message length in bytes:   4194304
#
# MPI_Datatype                   :   MPI_BYTE 
# MPI_Datatype for reductions    :   MPI_FLOAT 
# MPI_Op                         :   MPI_SUM  
# 
# 

# List of Benchmarks to run:

# PingPong

#---------------------------------------------------
# Benchmarking PingPong 
# #processes = 2 
#---------------------------------------------------
       #bytes #repetitions      t[usec]   Mbytes/sec
            0         1000         7.23         0.00
            1         1000         7.40         0.14
            2         1000         7.07         0.28
            4         1000         6.79         0.59
            8         1000         6.61         1.21
           16         1000         6.43         2.49
           32         1000         6.26         5.11
           64         1000         6.18        10.36
          128         1000         6.18        20.71
          256         1000         6.15        41.61
          512         1000         6.14        83.46
         1024         1000         6.26       163.57
         2048         1000         6.92       296.04
         4096         1000         8.15       502.37
         8192         1000         8.50       964.25
        16384         1000        11.64      1407.54
        32768         1000        18.27      1793.49
        65536          640        37.67      1739.80
       131072          320        51.10      2564.84
       262144          160        72.96      3592.95
       524288           80       117.80      4450.48
      1048576           40       211.85      4949.58
      2097152           20       385.14      5445.19
      4194304           10       755.43      5552.17


# All processes entering MPI_Finalize

#------------------------------------------------------------
#    Intel(R) MPI Benchmarks 2019 Update 3, MPI-1 part    
#------------------------------------------------------------
# Date                  : Tue Nov 26 04:02:15 2019
# Machine               : x86_64
# System                : Linux
# Release               : 4.15.0-70-generic
# Version               : #79-Ubuntu SMP Tue Nov 12 10:36:11 UTC 2019
# MPI Version           : 3.1
# MPI Thread Environment: 


# Calling sequence was: 

# /home/users/ammaliszewski/CMP223/BENCHMARKS/mpi-benchmarks/IMB-MPI1 PingPong 

# Minimum message length in bytes:   0
# Maximum message length in bytes:   4194304
#
# MPI_Datatype                   :   MPI_BYTE 
# MPI_Datatype for reductions    :   MPI_FLOAT 
# MPI_Op                         :   MPI_SUM  
# 
# 

# List of Benchmarks to run:

# PingPong

#---------------------------------------------------
# Benchmarking PingPong 
# #processes = 2 
#---------------------------------------------------
       #bytes #repetitions      t[usec]   Mbytes/sec
            0         1000         7.12         0.00
            1         1000         6.75         0.15
            2         1000         6.60         0.30
            4         1000         6.50         0.62
            8         1000         6.37         1.26
           16         1000         6.28         2.55
           32         1000         6.16         5.20
           64         1000         6.19        10.34
          128         1000         6.15        20.82
          256         1000         6.17        41.51
          512         1000         6.16        83.07
         1024         1000         6.27       163.29
         2048         1000         6.81       300.74
         4096         1000         7.89       518.95
         8192         1000         8.41       973.57
        16384         1000        11.43      1433.92
        32768         1000        18.64      1757.86
        65536          640        38.30      1711.20
       131072          320        51.32      2553.85
       262144          160        74.00      3542.30
       524288           80       119.27      4395.70
      1048576           40       209.79      4998.30
      2097152           20       397.69      5273.27
      4194304           10       759.86      5519.87


# All processes entering MPI_Finalize

#------------------------------------------------------------
#    Intel(R) MPI Benchmarks 2019 Update 3, MPI-1 part    
#------------------------------------------------------------
# Date                  : Tue Nov 26 05:26:36 2019
# Machine               : x86_64
# System                : Linux
# Release               : 4.15.0-70-generic
# Version               : #79-Ubuntu SMP Tue Nov 12 10:36:11 UTC 2019
# MPI Version           : 3.1
# MPI Thread Environment: 


# Calling sequence was: 

# /home/users/ammaliszewski/CMP223/BENCHMARKS/mpi-benchmarks/IMB-MPI1 PingPong 

# Minimum message length in bytes:   0
# Maximum message length in bytes:   4194304
#
# MPI_Datatype                   :   MPI_BYTE 
# MPI_Datatype for reductions    :   MPI_FLOAT 
# MPI_Op                         :   MPI_SUM  
# 
# 

# List of Benchmarks to run:

# PingPong

#---------------------------------------------------
# Benchmarking PingPong 
# #processes = 2 
#---------------------------------------------------
       #bytes #repetitions      t[usec]   Mbytes/sec
            0         1000         6.81         0.00
            1         1000         5.84         0.17
            2         1000         5.84         0.34
            4         1000         5.88         0.68
            8         1000         5.83         1.37
           16         1000         5.81         2.75
           32         1000         5.78         5.54
           64         1000         5.84        10.96
          128         1000         5.85        21.88
          256         1000         5.87        43.58
          512         1000         5.85        87.47
         1024         1000         5.88       174.08
         2048         1000         6.41       319.48
         4096         1000         7.49       546.82
         8192         1000         8.20       999.58
        16384         1000        11.11      1475.30
        32768         1000        18.19      1801.89
        65536          640        38.34      1709.47
       131072          320        50.87      2576.43
       262144          160        73.45      3569.23
       524288           80       119.00      4405.78
      1048576           40       210.00      4993.33
      2097152           20       390.75      5366.97
      4194304           10       774.21      5417.56


# All processes entering MPI_Finalize

#------------------------------------------------------------
#    Intel(R) MPI Benchmarks 2019 Update 3, MPI-1 part    
#------------------------------------------------------------
# Date                  : Tue Nov 26 08:38:56 2019
# Machine               : x86_64
# System                : Linux
# Release               : 4.15.0-70-generic
# Version               : #79-Ubuntu SMP Tue Nov 12 10:36:11 UTC 2019
# MPI Version           : 3.1
# MPI Thread Environment: 


# Calling sequence was: 

# /home/users/ammaliszewski/CMP223/BENCHMARKS/mpi-benchmarks/IMB-MPI1 PingPong 

# Minimum message length in bytes:   0
# Maximum message length in bytes:   4194304
#
# MPI_Datatype                   :   MPI_BYTE 
# MPI_Datatype for reductions    :   MPI_FLOAT 
# MPI_Op                         :   MPI_SUM  
# 
# 

# List of Benchmarks to run:

# PingPong

#---------------------------------------------------
# Benchmarking PingPong 
# #processes = 2 
#---------------------------------------------------
       #bytes #repetitions      t[usec]   Mbytes/sec
            0         1000         7.19         0.00
            1         1000         6.91         0.14
            2         1000         6.96         0.29
            4         1000         6.79         0.59
            8         1000         6.64         1.20
           16         1000         6.46         2.48
           32         1000         6.29         5.09
           64         1000         6.28        10.20
          128         1000         6.26        20.46
          256         1000         6.51        39.30
          512         1000         6.50        78.76
         1024         1000         6.63       154.51
         2048         1000         7.16       286.20
         4096         1000         8.27       495.30
         8192         1000         9.05       905.65
        16384         1000        11.66      1404.64
        32768         1000        18.13      1806.90
        65536          640        38.07      1721.51
       131072          320        51.14      2563.21
       262144          160        74.65      3511.71
       524288           80       119.08      4402.91
      1048576           40       212.26      4939.95
      2097152           20       387.39      5413.50
      4194304           10       968.68      4329.93


# All processes entering MPI_Finalize

#------------------------------------------------------------
#    Intel(R) MPI Benchmarks 2019 Update 3, MPI-1 part    
#------------------------------------------------------------
# Date                  : Tue Nov 26 11:17:15 2019
# Machine               : x86_64
# System                : Linux
# Release               : 4.15.0-70-generic
# Version               : #79-Ubuntu SMP Tue Nov 12 10:36:11 UTC 2019
# MPI Version           : 3.1
# MPI Thread Environment: 


# Calling sequence was: 

# /home/users/ammaliszewski/CMP223/BENCHMARKS/mpi-benchmarks/IMB-MPI1 PingPong 

# Minimum message length in bytes:   0
# Maximum message length in bytes:   4194304
#
# MPI_Datatype                   :   MPI_BYTE 
# MPI_Datatype for reductions    :   MPI_FLOAT 
# MPI_Op                         :   MPI_SUM  
# 
# 

# List of Benchmarks to run:

# PingPong

#---------------------------------------------------
# Benchmarking PingPong 
# #processes = 2 
#---------------------------------------------------
       #bytes #repetitions      t[usec]   Mbytes/sec
            0         1000         6.97         0.00
            1         1000         6.88         0.15
            2         1000         6.68         0.30
            4         1000         6.53         0.61
            8         1000         6.36         1.26
           16         1000         6.21         2.58
           32         1000         6.13         5.22
           64         1000         6.10        10.49
          128         1000         6.04        21.18
          256         1000         6.06        42.23
          512         1000         6.07        84.37
         1024         1000         6.23       164.27
         2048         1000         6.93       295.32
         4096         1000         7.97       514.08
         8192         1000         8.31       985.73
        16384         1000        10.81      1514.98
        32768         1000        18.18      1802.30
        65536          640        37.36      1754.24
       131072          320        50.69      2585.67
       262144          160        72.60      3610.90
       524288           80       118.91      4409.04
      1048576           40       209.73      4999.63
      2097152           20       390.70      5367.64
      4194304           10       763.61      5492.76


# All processes entering MPI_Finalize

#------------------------------------------------------------
#    Intel(R) MPI Benchmarks 2019 Update 3, MPI-1 part    
#------------------------------------------------------------
# Date                  : Tue Nov 26 13:21:27 2019
# Machine               : x86_64
# System                : Linux
# Release               : 4.15.0-70-generic
# Version               : #79-Ubuntu SMP Tue Nov 12 10:36:11 UTC 2019
# MPI Version           : 3.1
# MPI Thread Environment: 


# Calling sequence was: 

# /home/users/ammaliszewski/CMP223/BENCHMARKS/mpi-benchmarks/IMB-MPI1 PingPong 

# Minimum message length in bytes:   0
# Maximum message length in bytes:   4194304
#
# MPI_Datatype                   :   MPI_BYTE 
# MPI_Datatype for reductions    :   MPI_FLOAT 
# MPI_Op                         :   MPI_SUM  
# 
# 

# List of Benchmarks to run:

# PingPong

#---------------------------------------------------
# Benchmarking PingPong 
# #processes = 2 
#---------------------------------------------------
       #bytes #repetitions      t[usec]   Mbytes/sec
            0         1000         6.79         0.00
            1         1000         6.70         0.15
            2         1000         6.59         0.30
            4         1000         6.32         0.63
            8         1000         6.19         1.29
           16         1000         6.16         2.60
           32         1000         6.06         5.28
           64         1000         6.07        10.54
          128         1000         6.05        21.16
          256         1000         6.08        42.12
          512         1000         6.06        84.55
         1024         1000         6.13       167.03
         2048         1000         6.80       301.33
         4096         1000         7.74       529.37
         8192         1000         8.46       968.83
        16384         1000        10.87      1507.82
        32768         1000        18.14      1805.93
        65536          640        37.49      1748.00
       131072          320        50.80      2580.13
       262144          160        73.56      3563.84
       524288           80       118.78      4414.09
      1048576           40       208.64      5025.65
      2097152           20       389.46      5384.74
      4194304           10       778.18      5389.91


# All processes entering MPI_Finalize

#------------------------------------------------------------
#    Intel(R) MPI Benchmarks 2019 Update 3, MPI-1 part    
#------------------------------------------------------------
# Date                  : Tue Nov 26 16:00:17 2019
# Machine               : x86_64
# System                : Linux
# Release               : 4.15.0-70-generic
# Version               : #79-Ubuntu SMP Tue Nov 12 10:36:11 UTC 2019
# MPI Version           : 3.1
# MPI Thread Environment: 


# Calling sequence was: 

# /home/users/ammaliszewski/CMP223/BENCHMARKS/mpi-benchmarks/IMB-MPI1 PingPong 

# Minimum message length in bytes:   0
# Maximum message length in bytes:   4194304
#
# MPI_Datatype                   :   MPI_BYTE 
# MPI_Datatype for reductions    :   MPI_FLOAT 
# MPI_Op                         :   MPI_SUM  
# 
# 

# List of Benchmarks to run:

# PingPong

#---------------------------------------------------
# Benchmarking PingPong 
# #processes = 2 
#---------------------------------------------------
       #bytes #repetitions      t[usec]   Mbytes/sec
            0         1000         7.06         0.00
            1         1000         6.64         0.15
            2         1000         7.18         0.28
            4         1000         7.19         0.56
            8         1000         6.92         1.16
           16         1000         6.76         2.37
           32         1000         6.68         4.79
           64         1000         6.57         9.75
          128         1000         6.73        19.02
          256         1000         6.66        38.43
          512         1000         6.68        76.59
         1024         1000         6.76       151.43
         2048         1000         6.89       297.26
         4096         1000         7.72       530.23
         8192         1000         8.82       928.77
        16384         1000        11.39      1438.03
        32768         1000        18.12      1808.85
        65536          640        37.42      1751.37
       131072          320        51.12      2563.83
       262144          160        74.07      3539.34
       524288           80       117.76      4452.32
      1048576           40       208.28      5034.52
      2097152           20       388.04      5404.43
      4194304           10       941.12      4456.74


# All processes entering MPI_Finalize

#------------------------------------------------------------
#    Intel(R) MPI Benchmarks 2019 Update 3, MPI-1 part    
#------------------------------------------------------------
# Date                  : Tue Nov 26 17:24:51 2019
# Machine               : x86_64
# System                : Linux
# Release               : 4.15.0-70-generic
# Version               : #79-Ubuntu SMP Tue Nov 12 10:36:11 UTC 2019
# MPI Version           : 3.1
# MPI Thread Environment: 


# Calling sequence was: 

# /home/users/ammaliszewski/CMP223/BENCHMARKS/mpi-benchmarks/IMB-MPI1 PingPong 

# Minimum message length in bytes:   0
# Maximum message length in bytes:   4194304
#
# MPI_Datatype                   :   MPI_BYTE 
# MPI_Datatype for reductions    :   MPI_FLOAT 
# MPI_Op                         :   MPI_SUM  
# 
# 

# List of Benchmarks to run:

# PingPong

#---------------------------------------------------
# Benchmarking PingPong 
# #processes = 2 
#---------------------------------------------------
       #bytes #repetitions      t[usec]   Mbytes/sec
            0         1000         6.69         0.00
            1         1000         6.94         0.14
            2         1000         6.98         0.29
            4         1000         6.74         0.59
            8         1000         6.92         1.16
           16         1000         6.54         2.45
           32         1000         6.42         4.98
           64         1000         6.39        10.01
          128         1000         6.37        20.10
          256         1000         6.42        39.89
          512         1000         6.37        80.36
         1024         1000         6.54       156.62
         2048         1000         6.86       298.58
         4096         1000         8.03       509.81
         8192         1000         8.62       950.12
        16384         1000        11.26      1454.96
        32768         1000        18.21      1799.93
        65536          640        37.61      1742.50
       131072          320        51.46      2547.26
       262144          160        73.57      3563.30
       524288           80       119.19      4398.60
      1048576           40       209.01      5016.98
      2097152           20       391.15      5361.48
      4194304           10       828.68      5061.44


# All processes entering MPI_Finalize

#------------------------------------------------------------
#    Intel(R) MPI Benchmarks 2019 Update 3, MPI-1 part    
#------------------------------------------------------------
# Date                  : Tue Nov 26 21:38:32 2019
# Machine               : x86_64
# System                : Linux
# Release               : 4.15.0-70-generic
# Version               : #79-Ubuntu SMP Tue Nov 12 10:36:11 UTC 2019
# MPI Version           : 3.1
# MPI Thread Environment: 


# Calling sequence was: 

# /home/users/ammaliszewski/CMP223/BENCHMARKS/mpi-benchmarks/IMB-MPI1 PingPong 

# Minimum message length in bytes:   0
# Maximum message length in bytes:   4194304
#
# MPI_Datatype                   :   MPI_BYTE 
# MPI_Datatype for reductions    :   MPI_FLOAT 
# MPI_Op                         :   MPI_SUM  
# 
# 

# List of Benchmarks to run:

# PingPong

#---------------------------------------------------
# Benchmarking PingPong 
# #processes = 2 
#---------------------------------------------------
       #bytes #repetitions      t[usec]   Mbytes/sec
            0         1000         7.26         0.00
            1         1000         6.01         0.17
            2         1000         5.78         0.35
            4         1000         5.77         0.69
            8         1000         5.77         1.39
           16         1000         5.78         2.77
           32         1000         5.53         5.79
           64         1000         5.83        10.97
          128         1000         5.85        21.88
          256         1000         5.90        43.41
          512         1000         5.94        86.17
         1024         1000         6.09       168.05
         2048         1000         6.42       318.94
         4096         1000         7.27       563.56
         8192         1000         8.37       978.27
        16384         1000        11.15      1469.36
        32768         1000        18.20      1800.71
        65536          640        37.61      1742.29
       131072          320        50.65      2588.02
       262144          160        73.06      3588.22
       524288           80       118.64      4419.24
      1048576           40       209.36      5008.40
      2097152           20       396.54      5288.67
      4194304           10       763.22      5495.55


# All processes entering MPI_Finalize

#------------------------------------------------------------
#    Intel(R) MPI Benchmarks 2019 Update 3, MPI-1 part    
#------------------------------------------------------------
# Date                  : Tue Nov 26 22:57:47 2019
# Machine               : x86_64
# System                : Linux
# Release               : 4.15.0-70-generic
# Version               : #79-Ubuntu SMP Tue Nov 12 10:36:11 UTC 2019
# MPI Version           : 3.1
# MPI Thread Environment: 


# Calling sequence was: 

# /home/users/ammaliszewski/CMP223/BENCHMARKS/mpi-benchmarks/IMB-MPI1 PingPong 

# Minimum message length in bytes:   0
# Maximum message length in bytes:   4194304
#
# MPI_Datatype                   :   MPI_BYTE 
# MPI_Datatype for reductions    :   MPI_FLOAT 
# MPI_Op                         :   MPI_SUM  
# 
# 

# List of Benchmarks to run:

# PingPong

#---------------------------------------------------
# Benchmarking PingPong 
# #processes = 2 
#---------------------------------------------------
       #bytes #repetitions      t[usec]   Mbytes/sec
            0         1000         6.94         0.00
            1         1000         6.91         0.14
            2         1000         6.47         0.31
            4         1000         6.28         0.64
            8         1000         6.19         1.29
           16         1000         6.10         2.62
           32         1000         6.01         5.32
           64         1000         5.96        10.74
          128         1000         5.93        21.58
          256         1000         5.98        42.80
          512         1000         6.05        84.57
         1024         1000         6.10       168.00
         2048         1000         6.66       307.30
         4096         1000         7.74       528.97
         8192         1000         8.11      1010.57
        16384         1000        10.89      1504.80
        32768         1000        17.97      1823.07
        65536          640        36.62      1789.46
       131072          320        50.46      2597.68
       262144          160        71.14      3685.14
       524288           80       115.81      4526.98
      1048576           40       203.59      5150.41
      2097152           20       379.17      5530.83
      4194304           10       751.26      5583.00


# All processes entering MPI_Finalize

